<?xml version="1.0" encoding="utf-8"?><testsuites name="pytest tests"><testsuite name="pytest" errors="0" failures="0" skipped="0" tests="24" time="4.710" timestamp="2026-05-19T11:38:25.968658+00:00" hostname="agent-env-2e78270f-b7d5-493f-b196-df68c1fc9d84"><testcase classname="backend.tests.test_compliance_phase2_analytics.TestEvaluatorSupported" name="test_supported_endpoint_public" time="0.700" /><testcase classname="backend.tests.test_compliance_phase2_analytics.TestEvaluatorStates" name="test_unauthenticated_blocked" time="0.123" /><testcase classname="backend.tests.test_compliance_phase2_analytics.TestEvaluatorStates" name="test_TX_returns_gates" time="0.500" /><testcase classname="backend.tests.test_compliance_phase2_analytics.TestEvaluatorStates" name="test_NY_blocks_will" time="0.112" /><testcase classname="backend.tests.test_compliance_phase2_analytics.TestEvaluatorStates" name="test_NY_blocks_codicil" time="0.108" /><testcase classname="backend.tests.test_compliance_phase2_analytics.TestEvaluatorStates" name="test_NY_general_runs_gates" time="0.150" /><testcase classname="backend.tests.test_compliance_phase2_analytics.TestEvaluatorStates" name="test_CA_thumbprint_required_for_deed" time="0.112" /><testcase classname="backend.tests.test_compliance_phase2_analytics.TestEvaluatorStates" name="test_CA_no_thumbprint_for_general" time="0.151" /><testcase classname="backend.tests.test_compliance_phase2_analytics.TestEvaluatorStates" name="test_VA_gates_present" time="0.118" /><testcase classname="backend.tests.test_compliance_phase2_analytics.TestEvaluatorStates" name="test_FL_returns_redirect_hint" time="0.135" /><testcase classname="backend.tests.test_compliance_phase2_analytics.TestEvaluatorStates" name="test_unknown_state" time="0.530" /><testcase classname="backend.tests.test_compliance_phase2_analytics.TestAdminAnalytics" name="test_overview_admin" time="0.482" /><testcase classname="backend.tests.test_compliance_phase2_analytics.TestAdminAnalytics" name="test_overview_forbidden_for_user" time="0.105" /><testcase classname="backend.tests.test_compliance_phase2_analytics.TestAdminAnalytics" name="test_funnel_admin" time="0.107" /><testcase classname="backend.tests.test_compliance_phase2_analytics.TestAdminAnalytics" name="test_funnel_forbidden" time="0.114" /><testcase classname="backend.tests.test_compliance_phase2_analytics.TestAdminAnalytics" name="test_timeseries_default" time="0.105" /><testcase classname="backend.tests.test_compliance_phase2_analytics.TestAdminAnalytics" name="test_timeseries_custom_days" time="0.103" /><testcase classname="backend.tests.test_compliance_phase2_analytics.TestAdminAnalytics" name="test_timeseries_invalid_days" time="0.120" /><testcase classname="backend.tests.test_compliance_phase2_analytics.TestAdminAnalytics" name="test_state_breakdown" time="0.122" /><testcase classname="backend.tests.test_compliance_phase2_analytics.TestAdminAnalytics" name="test_top_notaries" time="0.146" /><testcase classname="backend.tests.test_compliance_phase2_analytics.TestAdminAnalytics" name="test_gate_failures" time="0.122" /><testcase classname="backend.tests.test_compliance_phase2_analytics.TestAdminAnalytics" name="test_gate_failures_forbidden" time="0.120" /><testcase classname="backend.tests.test_compliance_phase2_analytics.TestRegressionSmoke" name="test_compliance_states" time="0.118" /><testcase classname="backend.tests.test_compliance_phase2_analytics.TestRegressionSmoke" name="test_fl_readiness_endpoint_reachable" time="0.118" /></testsuite></testsuites>