<?xml version="1.0" encoding="utf-8"?><testsuites name="pytest tests"><testsuite name="pytest" errors="0" failures="1" skipped="0" tests="9" time="90.805" timestamp="2026-05-31T17:42:04.982049+00:00" hostname="agent-env-e2515142-dc37-43e4-a419-58c8c2d88857"><testcase classname="test_contract_async_tailor_verify" name="test_render_with_ai_tailor_returns_job_id_immediately" time="21.112" /><testcase classname="test_contract_async_tailor_verify" name="test_render_no_ai_tailor_returns_no_job_id" time="60.077"><failure message="AssertionError: The preview environment is not responding. It may be starting up.&#10;  &#10;assert 502 == 200&#10; +  where 502 = &lt;Response [502]&gt;.status_code">test_contract_async_tailor_verify.py:94: in test_render_no_ai_tailor_returns_no_job_id
    assert r.status_code == 200, r.text
E   AssertionError: The preview environment is not responding. It may be starting up.
E     
E   assert 502 == 200
E    +  where 502 = &lt;Response [502]&gt;.status_code</failure></testcase><testcase classname="test_contract_async_tailor_verify" name="test_tailor_status_transitions_pending_to_done" time="8.388" /><testcase classname="test_contract_async_tailor_verify" name="test_tailor_status_unknown_job_404" time="0.054" /><testcase classname="test_contract_async_tailor_verify" name="test_tailor_status_requires_auth" time="0.153" /><testcase classname="test_contract_async_tailor_verify" name="test_verify_invalid_hash_format_returns_unverified" time="0.050" /><testcase classname="test_contract_async_tailor_verify" name="test_verify_valid_format_not_found_returns_unverified" time="0.048" /><testcase classname="test_contract_async_tailor_verify" name="test_verify_known_anchored_hash_public_no_auth" time="0.053" /><testcase classname="test_contract_async_tailor_verify" name="test_notary_can_anchor_and_list_and_fetch_detail" time="0.815" /></testsuite></testsuites>