<?xml version="1.0" encoding="utf-8"?><testsuites name="pytest tests"><testsuite name="pytest" errors="0" failures="0" skipped="0" tests="27" time="5.676" timestamp="2026-05-12T22:48:22.237336+00:00" hostname="agent-env-4ac733a1-c99c-4364-9c7b-46f44efa5144"><testcase classname="backend.tests.test_fl_journal_m4.TestJournalEntries" name="test_create_journal_entry_as_notary" time="0.624" /><testcase classname="backend.tests.test_fl_journal_m4.TestJournalEntries" name="test_create_rejects_invalid_act_type" time="0.147" /><testcase classname="backend.tests.test_fl_journal_m4.TestJournalEntries" name="test_create_unauthenticated" time="0.148" /><testcase classname="backend.tests.test_fl_journal_m4.TestJournalEntries" name="test_create_forbidden_for_demo" time="0.539" /><testcase classname="backend.tests.test_fl_journal_m4.TestJournalEntries" name="test_list_journal_notary_sees_own" time="0.137" /><testcase classname="backend.tests.test_fl_journal_m4.TestJournalEntries" name="test_list_journal_with_filters" time="0.210" /><testcase classname="backend.tests.test_fl_journal_m4.TestJournalEntries" name="test_list_admin_sees_all" time="0.522" /><testcase classname="backend.tests.test_fl_journal_m4.TestJournalEntries" name="test_get_one_entry" time="0.148" /><testcase classname="backend.tests.test_fl_journal_m4.TestJournalEntries" name="test_get_unknown_entry_404" time="0.157" /><testcase classname="backend.tests.test_fl_journal_m4.TestJournalEntries" name="test_csv_export_admin" time="0.166" /><testcase classname="backend.tests.test_fl_journal_m4.TestJournalEntries" name="test_csv_export_notary_scoped" time="0.150" /><testcase classname="backend.tests.test_fl_journal_m4.TestComplianceOverview" name="test_overview_admin" time="0.159" /><testcase classname="backend.tests.test_fl_journal_m4.TestComplianceOverview" name="test_overview_forbidden_for_notary" time="0.155" /><testcase classname="backend.tests.test_fl_journal_m4.TestComplianceOverview" name="test_overview_unauthenticated" time="0.151" /><testcase classname="backend.tests.test_fl_journal_m4.TestComplianceOverview" name="test_ceremonies_admin" time="0.161" /><testcase classname="backend.tests.test_fl_journal_m4.TestComplianceOverview" name="test_ceremonies_forbidden_for_notary" time="0.160" /><testcase classname="backend.tests.test_fl_journal_m4.TestSubpoenaWorkflow" name="test_intake" time="0.132" /><testcase classname="backend.tests.test_fl_journal_m4.TestSubpoenaWorkflow" name="test_intake_missing_required" time="0.154" /><testcase classname="backend.tests.test_fl_journal_m4.TestSubpoenaWorkflow" name="test_intake_forbidden_for_notary" time="0.147" /><testcase classname="backend.tests.test_fl_journal_m4.TestSubpoenaWorkflow" name="test_list_all" time="0.138" /><testcase classname="backend.tests.test_fl_journal_m4.TestSubpoenaWorkflow" name="test_list_filtered_by_status" time="0.160" /><testcase classname="backend.tests.test_fl_journal_m4.TestSubpoenaWorkflow" name="test_get_one" time="0.138" /><testcase classname="backend.tests.test_fl_journal_m4.TestSubpoenaWorkflow" name="test_get_unknown_404" time="0.143" /><testcase classname="backend.tests.test_fl_journal_m4.TestSubpoenaWorkflow" name="test_export_csv" time="0.377" /><testcase classname="backend.tests.test_fl_journal_m4.TestSubpoenaWorkflow" name="test_respond" time="0.187" /><testcase classname="backend.tests.test_fl_journal_m4.TestSubpoenaWorkflow" name="test_export_forbidden_for_notary" time="0.162" /><testcase classname="backend.tests.test_fl_journal_m4.TestM3Regression" name="test_juris_qualifier_endpoint_exists" time="0.140" /></testsuite></testsuites>