<?xml version="1.0" encoding="utf-8"?><testsuites name="pytest tests"><testsuite name="pytest" errors="0" failures="0" skipped="0" tests="19" time="17.061" timestamp="2026-05-19T01:11:46.312716+00:00" hostname="agent-env-2e78270f-b7d5-493f-b196-df68c1fc9d84"><testcase classname="tests.test_trustlayer_phase2.TestPartnerKeyProvisioning" name="test_create_returns_ed25519_public_and_version" time="0.528" /><testcase classname="tests.test_trustlayer_phase2.TestPartnerKeyProvisioning" name="test_create_does_not_expose_private_key" time="0.000" /><testcase classname="tests.test_trustlayer_phase2.TestPartnerKeyProvisioning" name="test_admin_list_excludes_private_key" time="0.128" /><testcase classname="tests.test_trustlayer_phase2.TestPublicKeyEndpoint" name="test_get_partner_public_key_ok" time="0.114" /><testcase classname="tests.test_trustlayer_phase2.TestPublicKeyEndpoint" name="test_get_partner_public_key_unknown_404" time="0.149" /><testcase classname="tests.test_trustlayer_phase2.TestPublicPartnerList" name="test_public_list_has_ed25519_and_version" time="0.132" /><testcase classname="tests.test_trustlayer_phase2.TestAttestationSigning" name="test_attestation_has_signature_fields" time="5.128" /><testcase classname="tests.test_trustlayer_phase2.TestAttestationSigning" name="test_attestation_hcs_anchor_shape" time="0.000" /><testcase classname="tests.test_trustlayer_phase2.TestVerifyEndpoint" name="test_verify_returns_valid_for_fresh_attestation" time="0.148" /><testcase classname="tests.test_trustlayer_phase2.TestVerifyEndpoint" name="test_verify_unknown_attestation_404" time="0.119" /><testcase classname="tests.test_trustlayer_phase2.TestVerifyEndpoint" name="test_verify_legacy_attestation_no_signature" time="0.130" /><testcase classname="tests.test_trustlayer_phase2.TestVerifyEndpoint" name="test_verify_tampered_attestation_returns_invalid" time="4.395" /><testcase classname="tests.test_trustlayer_phase2.TestSDKv2" name="test_sdk_v2_served_as_javascript" time="0.116" /><testcase classname="tests.test_trustlayer_phase2.TestSDKv2" name="test_sdk_v2_has_expected_globals" time="0.334" /><testcase classname="tests.test_trustlayer_phase2.TestPhase1StillWorks" name="test_badge_svg_for_demo" time="0.167" /><testcase classname="tests.test_trustlayer_phase2.TestPhase1StillWorks" name="test_sdk_v1_still_served" time="0.122" /><testcase classname="tests.test_trustlayer_phase2.TestPhase1StillWorks" name="test_revoke_attestation_round_trip" time="4.255" /><testcase classname="tests.test_trustlayer_phase2.TestPhase1StillWorks" name="test_rotate_key_does_not_change_ed25519" time="0.281" /><testcase classname="tests.test_trustlayer_phase2.TestPhase1StillWorks" name="test_partner_status_disable_then_enable" time="0.667" /></testsuite></testsuites>