<?xml version="1.0" encoding="utf-8"?><testsuites name="pytest tests"><testsuite name="pytest" errors="0" failures="0" skipped="0" tests="19" time="16.823" timestamp="2026-05-24T23:55:15.308778+00:00" hostname="agent-env-0c147ade-efeb-4734-a772-eac0e84dcceb"><testcase classname="backend.tests.test_batch_audit_escrow_p3.TestBatchCertificates" name="test_eligible_admin_only" time="0.763" /><testcase classname="backend.tests.test_batch_audit_escrow_p3.TestBatchCertificates" name="test_eligible_403_for_non_admin" time="0.451" /><testcase classname="backend.tests.test_batch_audit_escrow_p3.TestBatchCertificates" name="test_generate_empty_400" time="0.112" /><testcase classname="backend.tests.test_batch_audit_escrow_p3.TestBatchCertificates" name="test_generate_over_limit_400" time="0.123" /><testcase classname="backend.tests.test_batch_audit_escrow_p3.TestBatchCertificates" name="test_generate_nonexistent_400" time="0.119" /><testcase classname="backend.tests.test_batch_audit_escrow_p3.TestBatchCertificates" name="test_generate_zip_ok" time="0.213" /><testcase classname="backend.tests.test_batch_audit_escrow_p3.TestAuditExport" name="test_preview_admin" time="0.135" /><testcase classname="backend.tests.test_batch_audit_escrow_p3.TestAuditExport" name="test_preview_403_for_non_admin" time="0.112" /><testcase classname="backend.tests.test_batch_audit_escrow_p3.TestAuditExport" name="test_preview_with_filters" time="0.120" /><testcase classname="backend.tests.test_batch_audit_escrow_p3.TestAuditExport" name="test_generate_no_rows_400" time="0.124" /><testcase classname="backend.tests.test_batch_audit_escrow_p3.TestAuditExport" name="test_generate_ok_and_hash_chain" time="12.731" /><testcase classname="backend.tests.test_batch_audit_escrow_p3.TestAuditExport" name="test_history" time="0.150" /><testcase classname="backend.tests.test_batch_audit_escrow_p3.TestSmartContractEscrow" name="test_create_escrow_has_smart_contract" time="0.223" /><testcase classname="backend.tests.test_batch_audit_escrow_p3.TestSmartContractEscrow" name="test_contract_state_403_for_non_party" time="0.183" /><testcase classname="backend.tests.test_batch_audit_escrow_p3.TestSmartContractEscrow" name="test_refund_403_for_non_party" time="0.109" /><testcase classname="backend.tests.test_batch_audit_escrow_p3.TestSmartContractEscrow" name="test_deposit_pushes_fund_op" time="0.233" /><testcase classname="backend.tests.test_batch_audit_escrow_p3.TestSmartContractEscrow" name="test_refund_funded_escrow" time="0.478" /><testcase classname="backend.tests.test_batch_audit_escrow_p3.TestSmartContractEscrow" name="test_refund_already_refunded_400" time="0.119" /><testcase classname="backend.tests.test_batch_audit_escrow_p3.TestSmartContractEscrow" name="test_contract_state_lazy_mint_on_existing" time="0.243" /></testsuite></testsuites>