<?xml version="1.0" encoding="utf-8"?><testsuites name="pytest tests"><testsuite name="pytest" errors="0" failures="0" skipped="0" tests="15" time="12.873" timestamp="2026-05-25T00:31:25.227947+00:00" hostname="agent-env-0c147ade-efeb-4734-a772-eac0e84dcceb"><testcase classname="backend.tests.test_acn_cross_border" name="test_list_jurisdictions_requires_auth" time="9.602" /><testcase classname="backend.tests.test_acn_cross_border" name="test_list_jurisdictions_returns_11_seeded" time="0.356" /><testcase classname="backend.tests.test_acn_cross_border" name="test_analyze_multi_jurisdiction_heuristic" time="0.054" /><testcase classname="backend.tests.test_acn_cross_border" name="test_analyze_empty_returns_400" time="0.052" /><testcase classname="backend.tests.test_acn_cross_border" name="test_analyze_ceremony_id_not_found_returns_404" time="0.055" /><testcase classname="backend.tests.test_acn_cross_border" name="test_seal_packet_generates_proofs" time="0.745" /><testcase classname="backend.tests.test_acn_cross_border" name="test_seal_by_non_owner_403" time="0.745" /><testcase classname="backend.tests.test_acn_cross_border" name="test_list_packets_only_mine" time="0.051" /><testcase classname="backend.tests.test_acn_cross_border" name="test_get_packet_detail_with_proofs" time="0.054" /><testcase classname="backend.tests.test_acn_cross_border" name="test_download_certificate_pdf" time="0.111" /><testcase classname="backend.tests.test_acn_cross_border" name="test_public_verify_no_auth" time="0.114" /><testcase classname="backend.tests.test_acn_cross_border" name="test_rule_update_non_admin_403" time="0.057" /><testcase classname="backend.tests.test_acn_cross_border" name="test_rule_update_admin_flags_affected_packet" time="0.390" /><testcase classname="backend.tests.test_acn_cross_border" name="test_rule_update_invalid_code_400" time="0.050" /><testcase classname="backend.tests.test_acn_cross_border" name="test_reseal_packet" time="0.381" /></testsuite></testsuites>