<?xml version="1.0" encoding="utf-8"?><testsuites name="pytest tests"><testsuite name="pytest" errors="0" failures="0" skipped="8" tests="95" time="57.749" timestamp="2026-05-12T23:26:17.759896+00:00" hostname="agent-env-4ac733a1-c99c-4364-9c7b-46f44efa5144"><testcase classname="tests.test_fl_ceremony_m3.TestJurisdiction" name="test_invalid_basis" time="0.633" /><testcase classname="tests.test_fl_ceremony_m3.TestJurisdiction" name="test_no_fl_nexus_rejected" time="0.155" /><testcase classname="tests.test_fl_ceremony_m3.TestJurisdiction" name="test_create_success_and_get" time="34.700" /><testcase classname="tests.test_fl_ceremony_m3.TestJurisdiction" name="test_get_missing_404" time="0.186" /><testcase classname="tests.test_fl_ceremony_m3.TestJurisdiction" name="test_online_will_basis_no_nexus_ok" time="0.182" /><testcase classname="tests.test_fl_ceremony_m3.TestWitnesses" name="test_block_self_invite" time="0.141" /><testcase classname="tests.test_fl_ceremony_m3.TestWitnesses" name="test_invite_two_then_block_third" time="0.894" /><testcase classname="tests.test_fl_ceremony_m3.TestWitnesses" name="test_list_witnesses" time="0.172" /><testcase classname="tests.test_fl_ceremony_m3.TestWitnesses" name="test_public_witness_lookup_invalid" time="0.177" /><testcase classname="tests.test_fl_ceremony_m3.TestWitnesses" name="test_public_witness_lookup_and_accept" time="0.601" /><testcase classname="tests.test_fl_ceremony_m3.TestAVQuality" name="test_av_pass" time="0.157" /><testcase classname="tests.test_fl_ceremony_m3.TestAVQuality" name="test_av_fail" time="0.164" /><testcase classname="tests.test_fl_ceremony_m3.TestRetention" name="test_tag_missing_fields" time="0.143" /><testcase classname="tests.test_fl_ceremony_m3.TestRetention" name="test_tag_and_list" time="0.387" /><testcase classname="tests.test_fl_ceremony_m3.TestReadiness" name="test_readiness_deed_without_kba_not_ready" time="0.149" /><testcase classname="tests.test_fl_ceremony_m3.TestReadiness" name="test_readiness_after_kba" time="0.134"><skipped type="pytest.skip" message="KBA start unavailable (429): {&quot;detail&quot;:&quot;You've reached the maximum of 2 KBA attempts in 24 hours. Please try again later.&quot;}">/app/backend/tests/test_fl_ceremony_m3.py:223: KBA start unavailable (429): {"detail":"You've reached the maximum of 2 KBA attempts in 24 hours. Please try again later."}</skipped></testcase><testcase classname="tests.test_fl_ceremony_m3.TestReadiness" name="test_readiness_will_requires_witnesses" time="0.172" /><testcase classname="tests.test_fl_ceremony_m3.TestRegression" name="test_fl_compliance_state_profile" time="0.144" /><testcase classname="tests.test_fl_ceremony_m3.TestRegression" name="test_kba_status" time="0.208" /><testcase classname="tests.test_fl_journal_m4.TestJournalEntries" name="test_create_journal_entry_as_notary" time="0.531" /><testcase classname="tests.test_fl_journal_m4.TestJournalEntries" name="test_create_rejects_invalid_act_type" time="0.164" /><testcase classname="tests.test_fl_journal_m4.TestJournalEntries" name="test_create_unauthenticated" time="0.153" /><testcase classname="tests.test_fl_journal_m4.TestJournalEntries" name="test_create_forbidden_for_demo" time="0.523" /><testcase classname="tests.test_fl_journal_m4.TestJournalEntries" name="test_list_journal_notary_sees_own" time="0.133" /><testcase classname="tests.test_fl_journal_m4.TestJournalEntries" name="test_list_journal_with_filters" time="0.134" /><testcase classname="tests.test_fl_journal_m4.TestJournalEntries" name="test_list_admin_sees_all" time="0.524" /><testcase classname="tests.test_fl_journal_m4.TestJournalEntries" name="test_get_one_entry" time="0.164" /><testcase classname="tests.test_fl_journal_m4.TestJournalEntries" name="test_get_unknown_entry_404" time="0.144" /><testcase classname="tests.test_fl_journal_m4.TestJournalEntries" name="test_csv_export_admin" time="0.136" /><testcase classname="tests.test_fl_journal_m4.TestJournalEntries" name="test_csv_export_notary_scoped" time="0.156" /><testcase classname="tests.test_fl_journal_m4.TestComplianceOverview" name="test_overview_admin" time="0.152" /><testcase classname="tests.test_fl_journal_m4.TestComplianceOverview" name="test_overview_forbidden_for_notary" time="0.142" /><testcase classname="tests.test_fl_journal_m4.TestComplianceOverview" name="test_overview_unauthenticated" time="0.133" /><testcase classname="tests.test_fl_journal_m4.TestComplianceOverview" name="test_ceremonies_admin" time="0.180" /><testcase classname="tests.test_fl_journal_m4.TestComplianceOverview" name="test_ceremonies_forbidden_for_notary" time="0.168" /><testcase classname="tests.test_fl_journal_m4.TestSubpoenaWorkflow" name="test_intake" time="0.166" /><testcase classname="tests.test_fl_journal_m4.TestSubpoenaWorkflow" name="test_intake_missing_required" time="0.139" /><testcase classname="tests.test_fl_journal_m4.TestSubpoenaWorkflow" name="test_intake_forbidden_for_notary" time="0.132" /><testcase classname="tests.test_fl_journal_m4.TestSubpoenaWorkflow" name="test_list_all" time="0.159" /><testcase classname="tests.test_fl_journal_m4.TestSubpoenaWorkflow" name="test_list_filtered_by_status" time="0.313" /><testcase classname="tests.test_fl_journal_m4.TestSubpoenaWorkflow" name="test_get_one" time="0.141" /><testcase classname="tests.test_fl_journal_m4.TestSubpoenaWorkflow" name="test_get_unknown_404" time="0.141" /><testcase classname="tests.test_fl_journal_m4.TestSubpoenaWorkflow" name="test_export_csv" time="0.318" /><testcase classname="tests.test_fl_journal_m4.TestSubpoenaWorkflow" name="test_respond" time="0.180" /><testcase classname="tests.test_fl_journal_m4.TestSubpoenaWorkflow" name="test_export_forbidden_for_notary" time="0.149" /><testcase classname="tests.test_fl_journal_m4.TestM3Regression" name="test_juris_qualifier_endpoint_exists" time="0.157" /><testcase classname="tests.test_fl_launch_m5.TestPublicStats" name="test_public_stats_no_auth" time="0.176" /><testcase classname="tests.test_fl_launch_m5.TestRonspFilings" name="test_current_filing_public" time="0.167" /><testcase classname="tests.test_fl_launch_m5.TestRonspFilings" name="test_list_filings_admin" time="0.536" /><testcase classname="tests.test_fl_launch_m5.TestRonspFilings" name="test_list_filings_no_auth_403" time="0.155" /><testcase classname="tests.test_fl_launch_m5.TestRonspFilings" name="test_create_filing_draft_and_promote" time="0.603" /><testcase classname="tests.test_fl_launch_m5.TestRonspFilings" name="test_patch_invalid_status" time="0.281" /><testcase classname="tests.test_fl_launch_m5.TestRonspFilings" name="test_patch_unknown_404" time="0.148" /><testcase classname="tests.test_fl_launch_m5.TestRecruitment" name="test_lead_create_received_then_idempotent" time="0.510" /><testcase classname="tests.test_fl_launch_m5.TestRecruitment" name="test_lead_invalid_volume_400" time="0.171" /><testcase classname="tests.test_fl_launch_m5.TestRecruitment" name="test_list_leads_requires_admin" time="0.526" /><testcase classname="tests.test_fl_launch_m5.TestRecruitment" name="test_list_leads_admin" time="0.148" /><testcase classname="tests.test_fl_launch_m5.TestRecruitment" name="test_list_leads_status_filter" time="0.162" /><testcase classname="tests.test_fl_launch_m5.TestRecruitment" name="test_get_lead_404" time="0.143" /><testcase classname="tests.test_fl_launch_m5.TestRecruitment" name="test_stats" time="0.150" /><testcase classname="tests.test_fl_launch_m5.TestRecruitment" name="test_patch_lead_status_and_audit" time="0.730" /><testcase classname="tests.test_fl_launch_m5.TestRegression" name="test_admin_compliance_overview" time="0.131" /><testcase classname="tests.test_fl_compliance.TestStateProfile" name="test_get_state_profile_public" time="0.129" /><testcase classname="tests.test_fl_compliance.TestStateProfile" name="test_admin_set_ronsp" time="0.820" /><testcase classname="tests.test_fl_compliance.TestStateProfile" name="test_non_admin_cannot_set_ronsp" time="0.670" /><testcase classname="tests.test_fl_compliance.TestNotaryOnboarding" name="test_credentials_endpoint_returns_status_for_notary" time="0.643" /><testcase classname="tests.test_fl_compliance.TestNotaryOnboarding" name="test_onboard_validates_min_bond_amount" time="0.145" /><testcase classname="tests.test_fl_compliance.TestNotaryOnboarding" name="test_onboard_rejects_expired_bond" time="0.142" /><testcase classname="tests.test_fl_compliance.TestNotaryOnboarding" name="test_onboard_rejects_expired_commission" time="0.185" /><testcase classname="tests.test_fl_compliance.TestNotaryOnboarding" name="test_onboard_creates_pending_review_for_demo_user" time="0.317" /><testcase classname="tests.test_fl_compliance.TestNotaryOnboarding" name="test_onboard_rejects_duplicate_commission_by_different_user" time="0.293" /><testcase classname="tests.test_fl_compliance.TestAdminVerification" name="test_pending_list_admin_only" time="0.289" /><testcase classname="tests.test_fl_compliance.TestAdminVerification" name="test_verified_list_admin_only" time="0.155" /><testcase classname="tests.test_fl_compliance.TestAdminVerification" name="test_decision_404_for_nonexistent_user" time="0.190" /><testcase classname="tests.test_fl_compliance.TestAdminVerification" name="test_approve_then_reject_workflow" time="0.581" /><testcase classname="tests.test_fl_compliance.TestPublicDirectoryAndEligibility" name="test_public_directory_no_sensitive_fields" time="0.134" /><testcase classname="tests.test_fl_compliance.TestPublicDirectoryAndEligibility" name="test_eligibility_verified_user" time="0.157" /><testcase classname="tests.test_fl_compliance.TestPublicDirectoryAndEligibility" name="test_eligibility_unknown_user" time="0.140" /><testcase classname="tests.test_kba.TestKbaStatus" name="test_status_requires_auth" time="0.146" /><testcase classname="tests.test_kba.TestKbaStatus" name="test_status_returns_expected_fields" time="0.474" /><testcase classname="tests.test_kba.TestKbaStart" name="test_start_requires_auth" time="0.189" /><testcase classname="tests.test_kba.TestKbaStart" name="test_start_returns_questions_without_correct_id" time="0.158"><skipped type="pytest.skip" message="notary already at 24h attempt limit">/app/backend/tests/test_kba.py:70: notary already at 24h attempt limit</skipped></testcase><testcase classname="tests.test_kba.TestKbaSubmit" name="test_submit_requires_auth" time="0.140" /><testcase classname="tests.test_kba.TestKbaSubmit" name="test_submit_unknown_session_404" time="0.143" /><testcase classname="tests.test_kba.TestKbaSubmit" name="test_submit_not_owner_403" time="0.353"><skipped type="pytest.skip" message="no notary session available">/app/backend/tests/test_kba.py:106: no notary session available</skipped></testcase><testcase classname="tests.test_kba.TestKbaSubmit" name="test_submit_scores_and_completes" time="0.000"><skipped type="pytest.skip" message="no notary session available">/app/backend/tests/test_kba.py:117: no notary session available</skipped></testcase><testcase classname="tests.test_kba.TestKbaSubmit" name="test_submit_already_completed_400" time="0.008"><skipped type="pytest.skip" message="no completed session">/app/backend/tests/test_kba.py:135: no completed session</skipped></testcase><testcase classname="tests.test_kba.TestKbaSession" name="test_get_session_owner_no_internal_questions" time="0.000"><skipped type="pytest.skip" message="no completed session">/app/backend/tests/test_kba.py:149: no completed session</skipped></testcase><testcase classname="tests.test_kba.TestKbaSession" name="test_get_session_not_owner_403" time="0.388"><skipped type="pytest.skip" message="no completed session">/app/backend/tests/test_kba.py:159: no completed session</skipped></testcase><testcase classname="tests.test_kba.TestKbaSession" name="test_get_session_admin_allowed" time="0.000"><skipped type="pytest.skip" message="no completed session">/app/backend/tests/test_kba.py:166: no completed session</skipped></testcase><testcase classname="tests.test_kba.TestKbaSession" name="test_get_session_404" time="0.143" /><testcase classname="tests.test_kba.TestKbaRateLimit" name="test_rate_limit_429_after_max" time="0.282" /><testcase classname="tests.test_kba.TestKbaAdminFraud" name="test_non_admin_403" time="0.130" /><testcase classname="tests.test_kba.TestKbaAdminFraud" name="test_admin_ok" time="0.141" /><testcase classname="tests.test_kba.TestFLRegression" name="test_state_profile_fl" time="0.161" /></testsuite></testsuites>