<?xml version="1.0" encoding="utf-8"?><testsuites name="pytest tests"><testsuite name="pytest" errors="0" failures="0" skipped="0" tests="5" time="0.144" timestamp="2026-05-12T23:26:09.623005+00:00" hostname="agent-env-4ac733a1-c99c-4364-9c7b-46f44efa5144"><testcase classname="tests.test_fl_preseal_gate.TestFLPreSealGate" name="test_fl_will_missing_kba_av_witnesses_blocks" time="0.009" /><testcase classname="tests.test_fl_preseal_gate.TestFLPreSealGate" name="test_fl_kba_passed_av_passed_2_witnesses_allows_seal" time="0.008" /><testcase classname="tests.test_fl_preseal_gate.TestFLPreSealGate" name="test_non_fl_ceremony_not_blocked" time="0.004" /><testcase classname="tests.test_fl_preseal_gate.TestFLPreSealGate" name="test_fl_non_will_doc_does_not_require_witnesses" time="0.006" /><testcase classname="tests.test_fl_preseal_gate.TestFLPreSealGate" name="test_fl_av_reported_but_failed_is_distinct_reason" time="0.006" /></testsuite></testsuites>