<?xml version="1.0" encoding="utf-8"?><testsuites name="pytest tests"><testsuite name="pytest" errors="0" failures="0" skipped="0" tests="12" time="55.914" timestamp="2026-05-12T23:24:48.643193+00:00" hostname="agent-env-4ac733a1-c99c-4364-9c7b-46f44efa5144"><testcase classname="tests.test_field_scanner.TestCanonicalHash" name="test_same_pages_yield_same_hash" time="29.758" /><testcase classname="tests.test_field_scanner.TestCanonicalHash" name="test_empty_pages_rejected" time="0.072" /><testcase classname="tests.test_field_scanner.TestCanonicalHash" name="test_unauth_rejected" time="0.065" /><testcase classname="tests.test_field_scanner.TestScanFastPath" name="test_create_no_ai" time="0.075" /><testcase classname="tests.test_field_scanner.TestScanAIPath" name="test_create_with_ai" time="5.750" /><testcase classname="tests.test_field_scanner.TestScanAccessControl" name="test_list_user_scoped" time="0.144" /><testcase classname="tests.test_field_scanner.TestScanAccessControl" name="test_get_own" time="0.072" /><testcase classname="tests.test_field_scanner.TestScanAccessControl" name="test_get_unknown_404" time="0.065" /><testcase classname="tests.test_field_scanner.TestScanAccessControl" name="test_admin_sees_all" time="0.371" /><testcase classname="tests.test_field_scanner.TestSealing" name="test_seal_then_idempotent" time="19.173" /><testcase classname="tests.test_field_scanner.TestSealing" name="test_seal_unknown_404" time="0.088" /><testcase classname="tests.test_field_scanner.TestPriorSealDetection" name="test_prior_seal_returned_when_hash_already_sealed" time="0.194" /></testsuite></testsuites>