<?xml version="1.0" encoding="utf-8"?><testsuites name="pytest tests"><testsuite name="pytest" errors="0" failures="0" skipped="0" tests="19" time="4.457" timestamp="2026-04-26T21:57:53.867111+00:00" hostname="agent-env-0e90a0ce-3c97-4b2b-9c13-e368b587e727"><testcase classname="backend.tests.test_trustlayer.TestPartnerAdmin" name="test_create_returns_api_key_once" time="0.499" /><testcase classname="backend.tests.test_trustlayer.TestPartnerAdmin" name="test_list_partners_admin" time="0.113" /><testcase classname="backend.tests.test_trustlayer.TestPartnerAdmin" name="test_list_partners_unauth" time="0.105" /><testcase classname="backend.tests.test_trustlayer.TestPartnerAdmin" name="test_list_partners_non_admin" time="0.548" /><testcase classname="backend.tests.test_trustlayer.TestAttestations" name="test_create_without_key_401" time="0.220" /><testcase classname="backend.tests.test_trustlayer.TestAttestations" name="test_create_with_wrong_key_401" time="0.113" /><testcase classname="backend.tests.test_trustlayer.TestAttestations" name="test_create_subject_not_found" time="0.113" /><testcase classname="backend.tests.test_trustlayer.TestAttestations" name="test_create_attestation_ok" time="0.110" /><testcase classname="backend.tests.test_trustlayer.TestAttestations" name="test_trust_graph_public" time="0.107" /><testcase classname="backend.tests.test_trustlayer.TestAttestations" name="test_partner_verify_increments_stat" time="0.404" /><testcase classname="backend.tests.test_trustlayer.TestAttestations" name="test_revoke_other_partner_403" time="0.219" /><testcase classname="backend.tests.test_trustlayer.TestAttestations" name="test_revoke_own_then_inactive" time="0.260" /><testcase classname="backend.tests.test_trustlayer.TestRotateAndStatus" name="test_rotate_invalidates_old" time="0.505" /><testcase classname="backend.tests.test_trustlayer.TestRotateAndStatus" name="test_disable_blocks_partner" time="0.473" /><testcase classname="backend.tests.test_trustlayer.TestPublic" name="test_partners_public" time="0.118" /><testcase classname="backend.tests.test_trustlayer.TestPublic" name="test_badge_for_user" time="0.123" /><testcase classname="backend.tests.test_trustlayer.TestPublic" name="test_badge_for_unknown" time="0.112" /><testcase classname="backend.tests.test_trustlayer.TestPublic" name="test_sdk_js" time="0.107" /><testcase classname="backend.tests.test_trustlayer.TestPublic" name="test_trust_graph_invalid_user" time="0.110" /></testsuite></testsuites>