<?xml version="1.0" encoding="utf-8"?><testsuites name="pytest tests"><testsuite name="pytest" errors="0" failures="0" skipped="0" tests="18" time="7.336" timestamp="2026-05-19T00:57:52.190969+00:00" hostname="agent-env-2e78270f-b7d5-493f-b196-df68c1fc9d84"><testcase classname="backend.tests.test_sdk_phase2_and_compliance_states.TestSDKSessionCreate" name="test_session_returns_embed_url_with_es" time="0.227" /><testcase classname="backend.tests.test_sdk_phase2_and_compliance_states.TestEventSecretEnforcement" name="test_event_without_secret_returns_401" time="0.117" /><testcase classname="backend.tests.test_sdk_phase2_and_compliance_states.TestEventSecretEnforcement" name="test_event_with_wrong_secret_returns_401" time="0.064" /><testcase classname="backend.tests.test_sdk_phase2_and_compliance_states.TestEventSecretEnforcement" name="test_event_with_correct_secret_returns_ok" time="0.057" /><testcase classname="backend.tests.test_sdk_phase2_and_compliance_states.TestRealSeal" name="test_seal_requires_event_secret" time="0.113" /><testcase classname="backend.tests.test_sdk_phase2_and_compliance_states.TestRealSeal" name="test_seal_anchors_and_is_idempotent" time="4.703" /><testcase classname="backend.tests.test_sdk_phase2_and_compliance_states.TestComplianceStatesPublic" name="test_list_states_public" time="0.057" /><testcase classname="backend.tests.test_sdk_phase2_and_compliance_states.TestComplianceStatesPublic" name="test_comparison_matrix_structure" time="0.060" /><testcase classname="backend.tests.test_sdk_phase2_and_compliance_states.TestComplianceStatesPublic" name="test_state_detail[FL]" time="0.056" /><testcase classname="backend.tests.test_sdk_phase2_and_compliance_states.TestComplianceStatesPublic" name="test_state_detail[TX]" time="0.061" /><testcase classname="backend.tests.test_sdk_phase2_and_compliance_states.TestComplianceStatesPublic" name="test_state_detail[NY]" time="0.058" /><testcase classname="backend.tests.test_sdk_phase2_and_compliance_states.TestComplianceStatesPublic" name="test_state_detail[CA]" time="0.056" /><testcase classname="backend.tests.test_sdk_phase2_and_compliance_states.TestComplianceStatesPublic" name="test_state_detail[VA]" time="0.057" /><testcase classname="backend.tests.test_sdk_phase2_and_compliance_states.TestComplianceStatesPublic" name="test_ny_has_restrictions" time="0.055" /><testcase classname="backend.tests.test_sdk_phase2_and_compliance_states.TestComplianceStatesPublic" name="test_invalid_state_returns_404" time="0.056" /><testcase classname="backend.tests.test_sdk_phase2_and_compliance_states.TestComplianceAdmin" name="test_admin_status_matrix_admin_ok" time="0.339" /><testcase classname="backend.tests.test_sdk_phase2_and_compliance_states.TestComplianceAdmin" name="test_admin_status_matrix_non_admin_403" time="0.336" /><testcase classname="backend.tests.test_sdk_phase2_and_compliance_states.TestDemoRateLimit" name="test_burst_triggers_429_or_consistently_succeeds" time="0.806" /></testsuite></testsuites>