<?xml version="1.0" encoding="utf-8"?><testsuites name="pytest tests"><testsuite name="pytest" errors="0" failures="0" skipped="1" tests="19" time="48.471" timestamp="2026-05-12T22:13:56.534861+00:00" hostname="agent-env-4ac733a1-c99c-4364-9c7b-46f44efa5144"><testcase classname="backend.tests.test_fl_ceremony_m3.TestJurisdiction" name="test_invalid_basis" time="0.580" /><testcase classname="backend.tests.test_fl_ceremony_m3.TestJurisdiction" name="test_no_fl_nexus_rejected" time="0.140" /><testcase classname="backend.tests.test_fl_ceremony_m3.TestJurisdiction" name="test_create_success_and_get" time="0.376" /><testcase classname="backend.tests.test_fl_ceremony_m3.TestJurisdiction" name="test_get_missing_404" time="0.152" /><testcase classname="backend.tests.test_fl_ceremony_m3.TestJurisdiction" name="test_online_will_basis_no_nexus_ok" time="0.138" /><testcase classname="backend.tests.test_fl_ceremony_m3.TestWitnesses" name="test_block_self_invite" time="0.149" /><testcase classname="backend.tests.test_fl_ceremony_m3.TestWitnesses" name="test_invite_two_then_block_third" time="44.031" /><testcase classname="backend.tests.test_fl_ceremony_m3.TestWitnesses" name="test_list_witnesses" time="0.160" /><testcase classname="backend.tests.test_fl_ceremony_m3.TestWitnesses" name="test_public_witness_lookup_invalid" time="0.144" /><testcase classname="backend.tests.test_fl_ceremony_m3.TestWitnesses" name="test_public_witness_lookup_and_accept" time="0.602" /><testcase classname="backend.tests.test_fl_ceremony_m3.TestAVQuality" name="test_av_pass" time="0.163" /><testcase classname="backend.tests.test_fl_ceremony_m3.TestAVQuality" name="test_av_fail" time="0.225" /><testcase classname="backend.tests.test_fl_ceremony_m3.TestRetention" name="test_tag_missing_fields" time="0.200" /><testcase classname="backend.tests.test_fl_ceremony_m3.TestRetention" name="test_tag_and_list" time="0.426" /><testcase classname="backend.tests.test_fl_ceremony_m3.TestReadiness" name="test_readiness_deed_without_kba_not_ready" time="0.150" /><testcase classname="backend.tests.test_fl_ceremony_m3.TestReadiness" name="test_readiness_after_kba" time="0.218"><skipped type="pytest.skip" message="KBA start unavailable (429): {&quot;detail&quot;:&quot;You've reached the maximum of 2 KBA attempts in 24 hours. Please try again later.&quot;}">/app/backend/tests/test_fl_ceremony_m3.py:223: KBA start unavailable (429): {"detail":"You've reached the maximum of 2 KBA attempts in 24 hours. Please try again later."}</skipped></testcase><testcase classname="backend.tests.test_fl_ceremony_m3.TestReadiness" name="test_readiness_will_requires_witnesses" time="0.220" /><testcase classname="backend.tests.test_fl_ceremony_m3.TestRegression" name="test_fl_compliance_state_profile" time="0.175" /><testcase classname="backend.tests.test_fl_ceremony_m3.TestRegression" name="test_kba_status" time="0.163" /></testsuite></testsuites>