<?xml version="1.0" encoding="utf-8"?><testsuites name="pytest tests"><testsuite name="pytest" errors="0" failures="0" skipped="0" tests="12" time="2.691" timestamp="2026-05-19T00:37:29.235669+00:00" hostname="agent-env-2e78270f-b7d5-493f-b196-df68c1fc9d84"><testcase classname="tests.test_viral_handoff_portal.TestViralStats" name="test_viral_stats_public" time="0.192" /><testcase classname="tests.test_viral_handoff_portal.TestHandoffsReceived" name="test_received_requires_auth" time="0.112" /><testcase classname="tests.test_viral_handoff_portal.TestHandoffsReceived" name="test_received_returns_array_shape" time="0.534" /><testcase classname="tests.test_viral_handoff_portal.TestHandoffSignup" name="test_invalid_token_404" time="0.117" /><testcase classname="tests.test_viral_handoff_portal.TestHandoffSignup" name="test_short_password_rejected" time="0.227" /><testcase classname="tests.test_viral_handoff_portal.TestHandoffSignup" name="test_signup_success_or_existing_and_conversion_recorded" time="0.434" /><testcase classname="tests.test_viral_handoff_portal.TestHandoffSignup" name="test_viral_conversions_counter_increments" time="0.348" /><testcase classname="tests.test_viral_handoff_portal.TestHandoffLookup" name="test_lookup_invalid_404" time="0.181" /><testcase classname="tests.test_viral_handoff_portal.TestHandoffLookup" name="test_lookup_valid" time="0.134" /><testcase classname="tests.test_viral_handoff_portal.TestMyDocumentsSources" name="test_seals" time="0.117" /><testcase classname="tests.test_viral_handoff_portal.TestMyDocumentsSources" name="test_notary_my" time="0.114" /><testcase classname="tests.test_viral_handoff_portal.TestMyDocumentsSources" name="test_salv_vault" time="0.116" /></testsuite></testsuites>