<?xml version="1.0" encoding="utf-8"?><testsuites name="pytest tests"><testsuite name="pytest" errors="0" failures="0" skipped="0" tests="16" time="5.954" timestamp="2026-05-12T23:07:27.748193+00:00" hostname="agent-env-4ac733a1-c99c-4364-9c7b-46f44efa5144"><testcase classname="backend.tests.test_fl_launch_m5.TestPublicStats" name="test_public_stats_no_auth" time="1.147" /><testcase classname="backend.tests.test_fl_launch_m5.TestRonspFilings" name="test_current_filing_public" time="0.169" /><testcase classname="backend.tests.test_fl_launch_m5.TestRonspFilings" name="test_list_filings_admin" time="0.565" /><testcase classname="backend.tests.test_fl_launch_m5.TestRonspFilings" name="test_list_filings_no_auth_403" time="0.186" /><testcase classname="backend.tests.test_fl_launch_m5.TestRonspFilings" name="test_create_filing_draft_and_promote" time="0.583" /><testcase classname="backend.tests.test_fl_launch_m5.TestRonspFilings" name="test_patch_invalid_status" time="0.316" /><testcase classname="backend.tests.test_fl_launch_m5.TestRonspFilings" name="test_patch_unknown_404" time="0.156" /><testcase classname="backend.tests.test_fl_launch_m5.TestRecruitment" name="test_lead_create_received_then_idempotent" time="0.583" /><testcase classname="backend.tests.test_fl_launch_m5.TestRecruitment" name="test_lead_invalid_volume_400" time="0.196" /><testcase classname="backend.tests.test_fl_launch_m5.TestRecruitment" name="test_list_leads_requires_admin" time="0.524" /><testcase classname="backend.tests.test_fl_launch_m5.TestRecruitment" name="test_list_leads_admin" time="0.137" /><testcase classname="backend.tests.test_fl_launch_m5.TestRecruitment" name="test_list_leads_status_filter" time="0.148" /><testcase classname="backend.tests.test_fl_launch_m5.TestRecruitment" name="test_get_lead_404" time="0.131" /><testcase classname="backend.tests.test_fl_launch_m5.TestRecruitment" name="test_stats" time="0.153" /><testcase classname="backend.tests.test_fl_launch_m5.TestRecruitment" name="test_patch_lead_status_and_audit" time="0.711" /><testcase classname="backend.tests.test_fl_launch_m5.TestRegression" name="test_admin_compliance_overview" time="0.169" /></testsuite></testsuites>