<?xml version="1.0" encoding="utf-8"?><testsuites name="pytest tests"><testsuite name="pytest" errors="0" failures="0" skipped="0" tests="8" time="34.382" timestamp="2026-05-30T19:57:10.319122+00:00" hostname="agent-env-fc2256a2-0103-4632-ba13-7ba54a693f47"><testcase classname="backend.tests.test_enhanced_kba_flow.TestEnhancedKBAGateAndFlow" name="test_01_reset_and_login" time="1.234" /><testcase classname="backend.tests.test_enhanced_kba_flow.TestEnhancedKBAGateAndFlow" name="test_02_notary_create_blocked_when_unverified" time="0.052" /><testcase classname="backend.tests.test_enhanced_kba_flow.TestEnhancedKBAGateAndFlow" name="test_03_start_enhanced_kba" time="0.059" /><testcase classname="backend.tests.test_enhanced_kba_flow.TestEnhancedKBAGateAndFlow" name="test_04_upload_document" time="1.379" /><testcase classname="backend.tests.test_enhanced_kba_flow.TestEnhancedKBAGateAndFlow" name="test_05_upload_selfie" time="1.478" /><testcase classname="backend.tests.test_enhanced_kba_flow.TestEnhancedKBAGateAndFlow" name="test_06_answer_quiz_pass" time="0.059" /><testcase classname="backend.tests.test_enhanced_kba_flow.TestEnhancedKBAGateAndFlow" name="test_07_auth_me_reflects_verified" time="0.058" /><testcase classname="backend.tests.test_enhanced_kba_flow.TestEnhancedKBAGateAndFlow" name="test_08_notary_create_succeeds_after_verify" time="29.996" /></testsuite></testsuites>