<?xml version="1.0" encoding="utf-8"?><testsuites name="pytest tests"><testsuite name="pytest" errors="0" failures="0" skipped="0" tests="17" time="3.100" timestamp="2026-05-12T21:52:34.054289+00:00" hostname="agent-env-0e90a0ce-3c97-4b2b-9c13-e368b587e727"><testcase classname="backend.tests.test_kba.TestKbaStatus" name="test_status_requires_auth" time="2.206" /><testcase classname="backend.tests.test_kba.TestKbaStatus" name="test_status_returns_expected_fields" time="0.258" /><testcase classname="backend.tests.test_kba.TestKbaStart" name="test_start_requires_auth" time="0.004" /><testcase classname="backend.tests.test_kba.TestKbaStart" name="test_start_returns_questions_without_correct_id" time="0.011" /><testcase classname="backend.tests.test_kba.TestKbaSubmit" name="test_submit_requires_auth" time="0.004" /><testcase classname="backend.tests.test_kba.TestKbaSubmit" name="test_submit_unknown_session_404" time="0.005" /><testcase classname="backend.tests.test_kba.TestKbaSubmit" name="test_submit_not_owner_403" time="0.231" /><testcase classname="backend.tests.test_kba.TestKbaSubmit" name="test_submit_scores_and_completes" time="0.006" /><testcase classname="backend.tests.test_kba.TestKbaSubmit" name="test_submit_already_completed_400" time="0.005" /><testcase classname="backend.tests.test_kba.TestKbaSession" name="test_get_session_owner_no_internal_questions" time="0.004" /><testcase classname="backend.tests.test_kba.TestKbaSession" name="test_get_session_not_owner_403" time="0.231" /><testcase classname="backend.tests.test_kba.TestKbaSession" name="test_get_session_admin_allowed" time="0.006" /><testcase classname="backend.tests.test_kba.TestKbaSession" name="test_get_session_404" time="0.006" /><testcase classname="backend.tests.test_kba.TestKbaRateLimit" name="test_rate_limit_429_after_max" time="0.026" /><testcase classname="backend.tests.test_kba.TestKbaAdminFraud" name="test_non_admin_403" time="0.005" /><testcase classname="backend.tests.test_kba.TestKbaAdminFraud" name="test_admin_ok" time="0.006" /><testcase classname="backend.tests.test_kba.TestFLRegression" name="test_state_profile_fl" time="0.005" /></testsuite></testsuites>