<?xml version="1.0" encoding="utf-8"?><testsuites name="pytest tests"><testsuite name="pytest" errors="0" failures="0" skipped="0" tests="14" time="2.586" timestamp="2026-02-27T22:39:57.205784+00:00" hostname="agent-env-bba74eb0-2e48-4427-ba6c-d4f1b51facf6"><testcase classname="backend.tests.test_timeline_feature.TestTimelineAPIEndpoint" name="test_timeline_returns_events_for_valid_transaction" time="0.498" /><testcase classname="backend.tests.test_timeline_feature.TestTimelineAPIEndpoint" name="test_timeline_events_have_required_fields" time="0.120" /><testcase classname="backend.tests.test_timeline_feature.TestTimelineAPIEndpoint" name="test_timeline_events_categories_are_valid" time="0.125" /><testcase classname="backend.tests.test_timeline_feature.TestTimelineAPIEndpoint" name="test_timeline_events_severity_are_valid" time="0.122" /><testcase classname="backend.tests.test_timeline_feature.TestTimelineAPIEndpoint" name="test_timeline_events_sorted_by_timestamp" time="0.165" /><testcase classname="backend.tests.test_timeline_feature.TestTimelineAPIEndpoint" name="test_timeline_events_have_sequence_numbers" time="0.114" /><testcase classname="backend.tests.test_timeline_feature.TestTimelineAPIEndpoint" name="test_timeline_includes_transaction_created_event" time="0.111" /><testcase classname="backend.tests.test_timeline_feature.TestTimelineAPIEndpoint" name="test_timeline_includes_participant_joined_event" time="0.125" /><testcase classname="backend.tests.test_timeline_feature.TestTimelineAccessControl" name="test_timeline_returns_403_for_non_participant" time="0.482" /><testcase classname="backend.tests.test_timeline_feature.TestTimelineAccessControl" name="test_timeline_returns_401_or_403_without_auth" time="0.112" /><testcase classname="backend.tests.test_timeline_feature.TestTimelineNotFoundHandling" name="test_timeline_returns_404_for_nonexistent_transaction" time="0.114" /><testcase classname="backend.tests.test_timeline_feature.TestTimelineNotFoundHandling" name="test_timeline_returns_404_for_invalid_uuid_format" time="0.162" /><testcase classname="backend.tests.test_timeline_feature.TestTimelineCategoriesAggregate" name="test_timeline_returns_categories_list" time="0.145" /><testcase classname="backend.tests.test_timeline_feature.TestTimelineCategoriesAggregate" name="test_timeline_total_events_matches_events_length" time="0.122" /></testsuite></testsuites>