<?xml version="1.0" encoding="utf-8"?><testsuites name="pytest tests"><testsuite name="pytest" errors="0" failures="4" skipped="0" tests="21" time="11.893" timestamp="2026-02-16T12:24:49.876751+00:00" hostname="agent-env-1f4eeeea-5b12-464a-abb5-d6203917f460"><testcase classname="backend.tests.test_email_notifications.TestEmailServiceStatus" name="test_email_status_endpoint_authenticated" time="0.680" /><testcase classname="backend.tests.test_email_notifications.TestEmailServiceStatus" name="test_email_status_endpoint_unauthenticated" time="0.291" /><testcase classname="backend.tests.test_email_notifications.TestWelcomeEmailOnSignup" name="test_signup_triggers_welcome_email" time="0.348" /><testcase classname="backend.tests.test_email_notifications.TestWelcomeEmailOnSignup" name="test_duplicate_signup_rejected" time="0.150" /><testcase classname="backend.tests.test_email_notifications.TestNotaryApplicationEmails" name="test_notary_profile_creation_triggers_submitted_email" time="0.471"><failure message="AssertionError: Profile creation failed: 422 - {&quot;detail&quot;:[{&quot;type&quot;:&quot;missing&quot;,&quot;loc&quot;:[&quot;body&quot;,&quot;license_number&quot;],&quot;msg&quot;:&quot;Field required&quot;,&quot;input&quot;:{&quot;full_name&quot;:&quot;Notary Applicant d77c0e91&quot;,&quot;commission_number&quot;:&quot;NC-2025-10dcfb06&quot;,&quot;license_state&quot;:&quot;California&quot;,&quot;license_expiration&quot;:&quot;2027-12-31&quot;,&quot;ron_certified&quot;:true,&quot;bio&quot;:&quot;Test notary applicant&quot;},&quot;url&quot;:&quot;https://errors.pydantic.dev/2.12/v/missing&quot;},{&quot;type&quot;:&quot;missing&quot;,&quot;loc&quot;:[&quot;body&quot;,&quot;commission_expiry&quot;],&quot;msg&quot;:&quot;Field required&quot;,&quot;input&quot;:{&quot;full_name&quot;:&quot;Notary Applicant d77c0e91&quot;,&quot;commission_number&quot;:&quot;NC-2025-10dcfb06&quot;,&quot;license_state&quot;:&quot;California&quot;,&quot;license_expiration&quot;:&quot;2027-12-31&quot;,&quot;ron_certified&quot;:true,&quot;bio&quot;:&quot;Test notary applicant&quot;},&quot;url&quot;:&quot;https://errors.pydantic.dev/2.12/v/missing&quot;}]}&#10;assert 422 == 200&#10; +  where 422 = &lt;Response [422]&gt;.status_code">backend/tests/test_email_notifications.py:175: in test_notary_profile_creation_triggers_submitted_email
    assert response.status_code == 200, f"Profile creation failed: {response.status_code} - {response.text}"
E   AssertionError: Profile creation failed: 422 - {"detail":[{"type":"missing","loc":["body","license_number"],"msg":"Field required","input":{"full_name":"Notary Applicant d77c0e91","commission_number":"NC-2025-10dcfb06","license_state":"California","license_expiration":"2027-12-31","ron_certified":true,"bio":"Test notary applicant"},"url":"https://errors.pydantic.dev/2.12/v/missing"},{"type":"missing","loc":["body","commission_expiry"],"msg":"Field required","input":{"full_name":"Notary Applicant d77c0e91","commission_number":"NC-2025-10dcfb06","license_state":"California","license_expiration":"2027-12-31","ron_certified":true,"bio":"Test notary applicant"},"url":"https://errors.pydantic.dev/2.12/v/missing"}]}
E   assert 422 == 200
E    +  where 422 = &lt;Response [422]&gt;.status_code</failure></testcase><testcase classname="backend.tests.test_email_notifications.TestNotaryApplicationEmails" name="test_get_pending_applications" time="0.490" /><testcase classname="backend.tests.test_email_notifications.TestNotaryApplicationEmails" name="test_approve_notary_triggers_approval_email" time="0.840"><failure message="AssertionError: Profile creation failed: {&quot;detail&quot;:[{&quot;type&quot;:&quot;missing&quot;,&quot;loc&quot;:[&quot;body&quot;,&quot;license_number&quot;],&quot;msg&quot;:&quot;Field required&quot;,&quot;input&quot;:{&quot;full_name&quot;:&quot;Notary Applicant 68c59f7e&quot;,&quot;commission_number&quot;:&quot;NC-2025-281ff2a8&quot;,&quot;license_state&quot;:&quot;Texas&quot;,&quot;license_expiration&quot;:&quot;2028-12-31&quot;,&quot;ron_certified&quot;:false,&quot;bio&quot;:&quot;Test notary for approval&quot;},&quot;url&quot;:&quot;https://errors.pydantic.dev/2.12/v/missing&quot;},{&quot;type&quot;:&quot;missing&quot;,&quot;loc&quot;:[&quot;body&quot;,&quot;commission_expiry&quot;],&quot;msg&quot;:&quot;Field required&quot;,&quot;input&quot;:{&quot;full_name&quot;:&quot;Notary Applicant 68c59f7e&quot;,&quot;commission_number&quot;:&quot;NC-2025-281ff2a8&quot;,&quot;license_state&quot;:&quot;Texas&quot;,&quot;license_expiration&quot;:&quot;2028-12-31&quot;,&quot;ron_certified&quot;:false,&quot;bio&quot;:&quot;Test notary for approval&quot;},&quot;url&quot;:&quot;https://errors.pydantic.dev/2.12/v/missing&quot;}]}&#10;assert 422 == 200&#10; +  where 422 = &lt;Response [422]&gt;.status_code">backend/tests/test_email_notifications.py:221: in test_approve_notary_triggers_approval_email
    assert create_response.status_code == 200, f"Profile creation failed: {create_response.text}"
E   AssertionError: Profile creation failed: {"detail":[{"type":"missing","loc":["body","license_number"],"msg":"Field required","input":{"full_name":"Notary Applicant 68c59f7e","commission_number":"NC-2025-281ff2a8","license_state":"Texas","license_expiration":"2028-12-31","ron_certified":false,"bio":"Test notary for approval"},"url":"https://errors.pydantic.dev/2.12/v/missing"},{"type":"missing","loc":["body","commission_expiry"],"msg":"Field required","input":{"full_name":"Notary Applicant 68c59f7e","commission_number":"NC-2025-281ff2a8","license_state":"Texas","license_expiration":"2028-12-31","ron_certified":false,"bio":"Test notary for approval"},"url":"https://errors.pydantic.dev/2.12/v/missing"}]}
E   assert 422 == 200
E    +  where 422 = &lt;Response [422]&gt;.status_code</failure></testcase><testcase classname="backend.tests.test_email_notifications.TestNotaryApplicationEmails" name="test_reject_notary_triggers_rejection_email" time="0.949"><failure message="AssertionError: Profile creation failed: {&quot;detail&quot;:[{&quot;type&quot;:&quot;missing&quot;,&quot;loc&quot;:[&quot;body&quot;,&quot;license_number&quot;],&quot;msg&quot;:&quot;Field required&quot;,&quot;input&quot;:{&quot;full_name&quot;:&quot;Notary Applicant b263b014&quot;,&quot;commission_number&quot;:&quot;NC-2025-b5185ef2&quot;,&quot;license_state&quot;:&quot;Florida&quot;,&quot;license_expiration&quot;:&quot;2028-06-30&quot;,&quot;ron_certified&quot;:true,&quot;bio&quot;:&quot;Test notary for rejection&quot;},&quot;url&quot;:&quot;https://errors.pydantic.dev/2.12/v/missing&quot;},{&quot;type&quot;:&quot;missing&quot;,&quot;loc&quot;:[&quot;body&quot;,&quot;commission_expiry&quot;],&quot;msg&quot;:&quot;Field required&quot;,&quot;input&quot;:{&quot;full_name&quot;:&quot;Notary Applicant b263b014&quot;,&quot;commission_number&quot;:&quot;NC-2025-b5185ef2&quot;,&quot;license_state&quot;:&quot;Florida&quot;,&quot;license_expiration&quot;:&quot;2028-06-30&quot;,&quot;ron_certified&quot;:true,&quot;bio&quot;:&quot;Test notary for rejection&quot;},&quot;url&quot;:&quot;https://errors.pydantic.dev/2.12/v/missing&quot;}]}&#10;assert 422 == 200&#10; +  where 422 = &lt;Response [422]&gt;.status_code">backend/tests/test_email_notifications.py:258: in test_reject_notary_triggers_rejection_email
    assert create_response.status_code == 200, f"Profile creation failed: {create_response.text}"
E   AssertionError: Profile creation failed: {"detail":[{"type":"missing","loc":["body","license_number"],"msg":"Field required","input":{"full_name":"Notary Applicant b263b014","commission_number":"NC-2025-b5185ef2","license_state":"Florida","license_expiration":"2028-06-30","ron_certified":true,"bio":"Test notary for rejection"},"url":"https://errors.pydantic.dev/2.12/v/missing"},{"type":"missing","loc":["body","commission_expiry"],"msg":"Field required","input":{"full_name":"Notary Applicant b263b014","commission_number":"NC-2025-b5185ef2","license_state":"Florida","license_expiration":"2028-06-30","ron_certified":true,"bio":"Test notary for rejection"},"url":"https://errors.pydantic.dev/2.12/v/missing"}]}
E   assert 422 == 200
E    +  where 422 = &lt;Response [422]&gt;.status_code</failure></testcase><testcase classname="backend.tests.test_email_notifications.TestNotarizationCompleteEmail" name="test_create_notarization_request" time="0.435"><failure message="AssertionError: Request creation failed: 422 - {&quot;detail&quot;:[{&quot;type&quot;:&quot;missing&quot;,&quot;loc&quot;:[&quot;body&quot;,&quot;document_name&quot;],&quot;msg&quot;:&quot;Field required&quot;,&quot;input&quot;:{&quot;document_type&quot;:&quot;Power of Attorney&quot;,&quot;notes&quot;:&quot;Test notarization request for email testing c5d3d750&quot;},&quot;url&quot;:&quot;https://errors.pydantic.dev/2.12/v/missing&quot;},{&quot;type&quot;:&quot;missing&quot;,&quot;loc&quot;:[&quot;body&quot;,&quot;notarization_type&quot;],&quot;msg&quot;:&quot;Field required&quot;,&quot;input&quot;:{&quot;document_type&quot;:&quot;Power of Attorney&quot;,&quot;notes&quot;:&quot;Test notarization request for email testing c5d3d750&quot;},&quot;url&quot;:&quot;https://errors.pydantic.dev/2.12/v/missing&quot;}]}&#10;assert 422 == 200&#10; +  where 422 = &lt;Response [422]&gt;.status_code">backend/tests/test_email_notifications.py:320: in test_create_notarization_request
    assert response.status_code == 200, f"Request creation failed: {response.status_code} - {response.text}"
E   AssertionError: Request creation failed: 422 - {"detail":[{"type":"missing","loc":["body","document_name"],"msg":"Field required","input":{"document_type":"Power of Attorney","notes":"Test notarization request for email testing c5d3d750"},"url":"https://errors.pydantic.dev/2.12/v/missing"},{"type":"missing","loc":["body","notarization_type"],"msg":"Field required","input":{"document_type":"Power of Attorney","notes":"Test notarization request for email testing c5d3d750"},"url":"https://errors.pydantic.dev/2.12/v/missing"}]}
E   assert 422 == 200
E    +  where 422 = &lt;Response [422]&gt;.status_code</failure></testcase><testcase classname="backend.tests.test_email_notifications.TestNotarizationCompleteEmail" name="test_complete_notarization_endpoint_exists" time="0.530" /><testcase classname="backend.tests.test_email_notifications.TestAdminEmailTestEndpoint" name="test_admin_send_test_email_welcome" time="0.619" /><testcase classname="backend.tests.test_email_notifications.TestAdminEmailTestEndpoint" name="test_admin_send_test_email_notarization_complete" time="1.087" /><testcase classname="backend.tests.test_email_notifications.TestAdminEmailTestEndpoint" name="test_admin_send_test_email_application_submitted" time="0.621" /><testcase classname="backend.tests.test_email_notifications.TestAdminEmailTestEndpoint" name="test_admin_send_test_email_application_approved" time="0.636" /><testcase classname="backend.tests.test_email_notifications.TestAdminEmailTestEndpoint" name="test_admin_send_test_email_application_rejected" time="0.620" /><testcase classname="backend.tests.test_email_notifications.TestAdminEmailTestEndpoint" name="test_admin_send_test_email_request_assigned" time="0.697" /><testcase classname="backend.tests.test_email_notifications.TestAdminEmailTestEndpoint" name="test_admin_send_test_email_invalid_type" time="0.473" /><testcase classname="backend.tests.test_email_notifications.TestAdminEmailTestEndpoint" name="test_non_admin_cannot_send_test_email" time="0.542" /><testcase classname="backend.tests.test_email_notifications.TestAdminEmailTestEndpoint" name="test_unauthenticated_cannot_send_test_email" time="0.128" /><testcase classname="backend.tests.test_email_notifications.TestEmailServiceIntegration" name="test_resend_api_key_configured" time="0.489" /><testcase classname="backend.tests.test_email_notifications.TestEmailServiceIntegration" name="test_email_sending_returns_proper_error_for_unverified" time="0.679" /></testsuite></testsuites>