<?xml version="1.0" encoding="utf-8"?><testsuites name="pytest tests"><testsuite name="pytest" errors="0" failures="1" skipped="0" tests="12" time="60.233" timestamp="2026-02-15T20:49:49.484802+00:00" hostname="agent-env-66661626-586b-4ca0-a990-299806e3fcd9"><testcase classname="backend.tests.test_signature_detection_and_notary.TestSignatureDetection" name="test_signature_analysis_field_in_response" time="0.936"><failure message="AssertionError: signature_analysis field not found in response&#10;assert 'signature_analysis' in {'confidence_score': 0, 'discrepancies': [{'description': 'Analysis failed: Failed to generate chat completion: litellm.BadRequestError: OpenAIException - Budget has been exceeded! Current cost: 1.0652470000000003, Max budget: 1.0', 'location': 'AI Analysis', 'recommendation': 'Review document manually', 'severity': 'high', ...}], 'key_information': {}, 'recommendations': ['Retry analysis or conduct manual review'], ...}">backend/tests/test_signature_detection_and_notary.py:150: in test_signature_analysis_field_in_response
    assert "signature_analysis" in analysis, "signature_analysis field not found in response"
E   AssertionError: signature_analysis field not found in response
E   assert 'signature_analysis' in {'confidence_score': 0, 'discrepancies': [{'description': 'Analysis failed: Failed to generate chat completion: litellm.BadRequestError: OpenAIException - Budget has been exceeded! Current cost: 1.0652470000000003, Max budget: 1.0', 'location': 'AI Analysis', 'recommendation': 'Review document manually', 'severity': 'high', ...}], 'key_information': {}, 'recommendations': ['Retry analysis or conduct manual review'], ...}</failure></testcase><testcase classname="backend.tests.test_signature_detection_and_notary.TestSignatureDetection" name="test_signature_detection_in_contract" time="16.296" /><testcase classname="backend.tests.test_signature_detection_and_notary.TestSignatureDetection" name="test_signature_detection_in_will" time="17.018" /><testcase classname="backend.tests.test_signature_detection_and_notary.TestNotaryDashboardEndpoints" name="test_get_notary_stats" time="0.677" /><testcase classname="backend.tests.test_signature_detection_and_notary.TestNotaryDashboardEndpoints" name="test_get_pending_requests" time="0.067" /><testcase classname="backend.tests.test_signature_detection_and_notary.TestNotaryDashboardEndpoints" name="test_get_assigned_requests" time="0.058" /><testcase classname="backend.tests.test_signature_detection_and_notary.TestNotarizationWorkflow" name="test_create_notarization_request" time="24.765" /><testcase classname="backend.tests.test_signature_detection_and_notary.TestNotarizationWorkflow" name="test_get_user_requests" time="0.094" /><testcase classname="backend.tests.test_signature_detection_and_notary.TestNotaryActions" name="test_assign_request_endpoint_structure" time="0.064" /><testcase classname="backend.tests.test_signature_detection_and_notary.TestNotaryActions" name="test_start_session_endpoint_structure" time="0.068" /><testcase classname="backend.tests.test_signature_detection_and_notary.TestNotaryActions" name="test_complete_notarization_endpoint_structure" time="0.060" /><testcase classname="backend.tests.test_signature_detection_and_notary.TestVideoRoomEndpoint" name="test_video_rooms_endpoint_exists" time="0.057" /></testsuite></testsuites>