<?xml version="1.0" encoding="utf-8"?><testsuites name="pytest tests"><testsuite name="pytest" errors="0" failures="0" skipped="0" tests="25" time="8.004" timestamp="2026-02-26T12:30:22.677269+00:00" hostname="agent-env-160b13ce-9784-464a-8f09-7bf4e12e031c"><testcase classname="backend.tests.test_vault_documents.TestVaultSetup" name="test_demo_login" time="0.449" /><testcase classname="backend.tests.test_vault_documents.TestVaultSetup" name="test_admin_login" time="0.836" /><testcase classname="backend.tests.test_vault_documents.TestVaultSetup" name="test_org_exists" time="0.143" /><testcase classname="backend.tests.test_vault_documents.TestVaultStats" name="test_get_vault_stats" time="0.120" /><testcase classname="backend.tests.test_vault_documents.TestVaultUpload" name="test_upload_document_admin" time="0.131" /><testcase classname="backend.tests.test_vault_documents.TestVaultUpload" name="test_upload_with_default_name" time="0.125" /><testcase classname="backend.tests.test_vault_documents.TestVaultList" name="test_list_documents" time="0.111" /><testcase classname="backend.tests.test_vault_documents.TestVaultList" name="test_filter_by_category" time="0.106" /><testcase classname="backend.tests.test_vault_documents.TestVaultList" name="test_search_by_name" time="0.109" /><testcase classname="backend.tests.test_vault_documents.TestVaultDocumentDetail" name="test_get_document_detail" time="0.231" /><testcase classname="backend.tests.test_vault_documents.TestVaultDocumentDetail" name="test_view_increments_count_and_adds_audit" time="0.365" /><testcase classname="backend.tests.test_vault_documents.TestVaultDocumentDetail" name="test_document_not_found" time="0.109" /><testcase classname="backend.tests.test_vault_documents.TestVaultDownload" name="test_download_document" time="0.237" /><testcase classname="backend.tests.test_vault_documents.TestVaultDownload" name="test_download_increments_count" time="0.434" /><testcase classname="backend.tests.test_vault_documents.TestVaultUpdateDocument" name="test_update_document_metadata" time="0.246" /><testcase classname="backend.tests.test_vault_documents.TestVaultUpdateDocument" name="test_update_adds_audit_entry" time="0.365" /><testcase classname="backend.tests.test_vault_documents.TestVaultDeleteDocument" name="test_delete_document" time="0.348" /><testcase classname="backend.tests.test_vault_documents.TestVaultDeleteDocument" name="test_delete_nonexistent_returns_404" time="0.109" /><testcase classname="backend.tests.test_vault_documents.TestVaultRoleBasedAccess" name="test_owner_can_upload" time="0.121" /><testcase classname="backend.tests.test_vault_documents.TestVaultRoleBasedAccess" name="test_admin_can_upload" time="0.105" /><testcase classname="backend.tests.test_vault_documents.TestVaultRoleBasedAccess" name="test_member_can_view_and_download" time="0.394" /><testcase classname="backend.tests.test_vault_documents.TestVaultRoleBasedAccess" name="test_unauthorized_access_returns_401" time="0.104" /><testcase classname="backend.tests.test_vault_documents.TestVaultAuditTrail" name="test_audit_trail_tracks_upload" time="0.212" /><testcase classname="backend.tests.test_vault_documents.TestVaultAuditTrail" name="test_audit_entry_fields" time="0.215" /><testcase classname="backend.tests.test_vault_documents.TestVaultCleanup" name="test_cleanup_test_documents" time="2.188" /></testsuite></testsuites>