<?xml version="1.0" encoding="utf-8"?><testsuites name="pytest tests"><testsuite name="pytest" errors="0" failures="0" skipped="0" tests="21" time="3.619" timestamp="2026-04-19T01:00:19.810899+00:00" hostname="agent-env-86830043-e7b6-4219-8c65-0870fddb4d7b"><testcase classname="backend.tests.test_threat_learning.TestThreatLearningAuth" name="test_analytics_requires_auth" time="0.233" /><testcase classname="backend.tests.test_threat_learning.TestThreatLearningAuth" name="test_patterns_requires_auth" time="0.121" /><testcase classname="backend.tests.test_threat_learning.TestThreatLearningAuth" name="test_analyses_requires_auth" time="0.164" /><testcase classname="backend.tests.test_threat_learning.TestThreatLearningAuth" name="test_analyze_requires_auth" time="0.140" /><testcase classname="backend.tests.test_threat_learning.TestThreatLearningFeatureGate" name="test_regular_user_blocked_from_analytics" time="0.469" /><testcase classname="backend.tests.test_threat_learning.TestThreatLearningFeatureGate" name="test_regular_user_blocked_from_patterns" time="0.114" /><testcase classname="backend.tests.test_threat_learning.TestThreatLearningFeatureGate" name="test_regular_user_blocked_from_analyses" time="0.120" /><testcase classname="backend.tests.test_threat_learning.TestThreatLearningFeatureGate" name="test_regular_user_blocked_from_analyze" time="0.117" /><testcase classname="backend.tests.test_threat_learning.TestThreatLearningAnalytics" name="test_get_analytics_success" time="0.479" /><testcase classname="backend.tests.test_threat_learning.TestThreatLearningAnalytics" name="test_analytics_has_recent_analyses" time="0.124" /><testcase classname="backend.tests.test_threat_learning.TestThreatLearningAnalytics" name="test_analytics_has_top_indicators" time="0.121" /><testcase classname="backend.tests.test_threat_learning.TestThreatLearningPatterns" name="test_get_patterns_success" time="0.117" /><testcase classname="backend.tests.test_threat_learning.TestThreatLearningPatterns" name="test_patterns_structure" time="0.102" /><testcase classname="backend.tests.test_threat_learning.TestThreatLearningAnalyses" name="test_get_analyses_success" time="0.114" /><testcase classname="backend.tests.test_threat_learning.TestThreatLearningAnalyses" name="test_analyses_structure" time="0.111" /><testcase classname="backend.tests.test_threat_learning.TestThreatLearningAnalyze" name="test_analyze_ceremony_success" time="0.113" /><testcase classname="backend.tests.test_threat_learning.TestThreatLearningAnalyze" name="test_analyze_ceremony_returns_threat_details" time="0.189" /><testcase classname="backend.tests.test_threat_learning.TestThreatLearningAnalyze" name="test_analyze_nonexistent_ceremony" time="0.112" /><testcase classname="backend.tests.test_threat_learning.TestThreatLearningAnalyze" name="test_analyze_second_ceremony" time="0.120" /><testcase classname="backend.tests.test_threat_learning.TestThreatLearningAutoTrigger" name="test_analyses_collection_grows" time="0.103" /><testcase classname="backend.tests.test_threat_learning.TestThreatLearningAutoTrigger" name="test_analytics_reflects_analyses" time="0.252" /></testsuite></testsuites>