<?xml version="1.0" encoding="utf-8"?><testsuites name="pytest tests"><testsuite name="pytest" errors="0" failures="2" skipped="1" tests="19" time="8.919" timestamp="2026-02-27T23:06:34.721234+00:00" hostname="agent-env-bba74eb0-2e48-4427-ba6c-d4f1b51facf6"><testcase classname="backend.tests.test_new_6_features.TestRemindersPreferences" name="test_get_default_preferences" time="0.542" /><testcase classname="backend.tests.test_new_6_features.TestRemindersPreferences" name="test_update_preferences" time="0.306" /><testcase classname="backend.tests.test_new_6_features.TestRemindersPreferences" name="test_get_preferences_no_auth" time="0.125" /><testcase classname="backend.tests.test_new_6_features.TestCalendarExport" name="test_export_bookings_ics" time="0.112" /><testcase classname="backend.tests.test_new_6_features.TestCalendarExport" name="test_export_tasks_ics" time="0.125" /><testcase classname="backend.tests.test_new_6_features.TestCalendarExport" name="test_ics_export_no_auth" time="0.122" /><testcase classname="backend.tests.test_new_6_features.TestApprovalWorkflows" name="test_create_approval_request" time="0.954"><failure message="AssertionError: Expected 200, got 405: {&quot;detail&quot;:&quot;Method Not Allowed&quot;}&#10;assert 405 == 200&#10; +  where 405 = &lt;Response [405]&gt;.status_code">backend/tests/test_new_6_features.py:171: in test_create_approval_request
    assert res.status_code == 200, f"Expected 200, got {res.status_code}: {res.text}"
E   AssertionError: Expected 200, got 405: {"detail":"Method Not Allowed"}
E   assert 405 == 200
E    +  where 405 = &lt;Response [405]&gt;.status_code</failure></testcase><testcase classname="backend.tests.test_new_6_features.TestApprovalWorkflows" name="test_get_my_requests" time="0.109" /><testcase classname="backend.tests.test_new_6_features.TestApprovalWorkflows" name="test_get_pending_approvals" time="0.115" /><testcase classname="backend.tests.test_new_6_features.TestApprovalWorkflows" name="test_approve_action" time="0.000"><skipped type="pytest.skip" message="No approval created in previous test">/app/backend/tests/test_new_6_features.py:215: No approval created in previous test</skipped></testcase><testcase classname="backend.tests.test_new_6_features.TestApprovalWorkflows" name="test_reject_action" time="0.303"><failure message="assert 405 == 200&#10; +  where 405 = &lt;Response [405]&gt;.status_code">backend/tests/test_new_6_features.py:252: in test_reject_action
    assert create_res.status_code == 200
E   assert 405 == 200
E    +  where 405 = &lt;Response [405]&gt;.status_code</failure></testcase><testcase classname="backend.tests.test_new_6_features.TestApprovalWorkflows" name="test_approval_no_auth" time="0.118" /><testcase classname="backend.tests.test_new_6_features.TestDocumentComparison" name="test_compare_documents" time="4.963" /><testcase classname="backend.tests.test_new_6_features.TestDocumentComparison" name="test_compare_empty_texts" time="0.155" /><testcase classname="backend.tests.test_new_6_features.TestDocumentComparison" name="test_get_comparison_history" time="0.131" /><testcase classname="backend.tests.test_new_6_features.TestDocumentComparison" name="test_doc_compare_no_auth" time="0.137" /><testcase classname="backend.tests.test_new_6_features.TestCustomBranding" name="test_get_branding_default" time="0.122" /><testcase classname="backend.tests.test_new_6_features.TestCustomBranding" name="test_update_branding" time="0.252" /><testcase classname="backend.tests.test_new_6_features.TestCustomBranding" name="test_branding_no_auth" time="0.114" /></testsuite></testsuites>