<?xml version="1.0" encoding="utf-8"?><testsuites name="pytest tests"><testsuite name="pytest" errors="0" failures="0" skipped="0" tests="11" time="2.514" timestamp="2026-03-15T15:10:11.680340+00:00" hostname="agent-env-52969706-10c7-4adf-b780-571f1dc4aa7f"><testcase classname="backend.tests.test_sso_validation.TestSSOProviderStatus" name="test_okta_status_configured" time="0.744" /><testcase classname="backend.tests.test_sso_validation.TestSSOProviderStatus" name="test_auth0_status_configured" time="0.111" /><testcase classname="backend.tests.test_sso_validation.TestSSOProviderStatus" name="test_sso_providers_list" time="0.107" /><testcase classname="backend.tests.test_sso_validation.TestOktaLoginURL" name="test_okta_login_returns_auth_url" time="0.129" /><testcase classname="backend.tests.test_sso_validation.TestOktaLoginURL" name="test_okta_login_correct_redirect_uri" time="0.113" /><testcase classname="backend.tests.test_sso_validation.TestOktaLoginURL" name="test_okta_login_url_structure" time="0.112" /><testcase classname="backend.tests.test_sso_validation.TestAuth0LoginURL" name="test_auth0_login_returns_auth_url" time="0.101" /><testcase classname="backend.tests.test_sso_validation.TestAuth0LoginURL" name="test_auth0_login_correct_redirect_uri" time="0.115" /><testcase classname="backend.tests.test_sso_validation.TestAuth0LoginURL" name="test_auth0_login_url_structure" time="0.123" /><testcase classname="backend.tests.test_sso_validation.TestRegularLogin" name="test_admin_login_success" time="0.437" /><testcase classname="backend.tests.test_sso_validation.TestRegularLogin" name="test_demo_user_login_success" time="0.347" /></testsuite></testsuites>