<?xml version="1.0" encoding="utf-8"?><testsuites name="pytest tests"><testsuite name="pytest" errors="0" failures="0" skipped="0" tests="12" time="68.912" timestamp="2026-02-14T22:42:30.761447+00:00" hostname="agent-env-44b87879-02a1-444d-a182-3bdcff2a1f42"><testcase classname="tests.test_ai_document_analysis.TestAuthFlow" name="test_api_root" time="0.175" /><testcase classname="tests.test_ai_document_analysis.TestAuthFlow" name="test_signup_or_login" time="0.349" /><testcase classname="tests.test_ai_document_analysis.TestAIDocumentAnalysis" name="test_analyze_document_with_text_file" time="18.940" /><testcase classname="tests.test_ai_document_analysis.TestAIDocumentAnalysis" name="test_analyze_document_general_type" time="17.808" /><testcase classname="tests.test_ai_document_analysis.TestAIDocumentAnalysis" name="test_analyze_document_without_auth" time="0.249" /><testcase classname="tests.test_ai_document_analysis.TestBiometricVerification" name="test_verify_biometric_high_confidence" time="0.108" /><testcase classname="tests.test_ai_document_analysis.TestBiometricVerification" name="test_verify_biometric_low_confidence" time="0.090" /><testcase classname="tests.test_ai_document_analysis.TestBiometricVerification" name="test_verify_biometric_different_types" time="0.228" /><testcase classname="tests.test_ai_document_analysis.TestBiometricVerification" name="test_verify_biometric_without_auth" time="1.246" /><testcase classname="tests.test_ai_document_analysis.TestNotarizationRequestFlow" name="test_create_notarization_request" time="16.121" /><testcase classname="tests.test_ai_document_analysis.TestNotarizationRequestFlow" name="test_get_my_requests" time="0.075" /><testcase classname="tests.test_ai_document_analysis.TestSessionAnalysis" name="test_get_session_analysis" time="13.470" /></testsuite></testsuites>