<?xml version="1.0" encoding="utf-8"?><testsuites name="pytest tests"><testsuite name="pytest" errors="0" failures="0" skipped="0" tests="23" time="5.745" timestamp="2026-03-15T19:06:25.628336+00:00" hostname="agent-env-52969706-10c7-4adf-b780-571f1dc4aa7f"><testcase classname="backend.tests.test_service_health_storage_analytics.TestServiceHealthEndpoint" name="test_service_health_returns_200" time="1.089" /><testcase classname="backend.tests.test_service_health_storage_analytics.TestServiceHealthEndpoint" name="test_service_health_returns_services_array" time="0.298" /><testcase classname="backend.tests.test_service_health_storage_analytics.TestServiceHealthEndpoint" name="test_service_health_mongodb_status" time="0.271" /><testcase classname="backend.tests.test_service_health_storage_analytics.TestServiceHealthEndpoint" name="test_service_health_aws_s3_status" time="0.276" /><testcase classname="backend.tests.test_service_health_storage_analytics.TestServiceHealthEndpoint" name="test_service_health_stripe_status" time="0.286" /><testcase classname="backend.tests.test_service_health_storage_analytics.TestServiceHealthEndpoint" name="test_service_health_hedera_status" time="0.298" /><testcase classname="backend.tests.test_service_health_storage_analytics.TestServiceHealthEndpoint" name="test_service_health_returns_recent_alerts" time="0.271" /><testcase classname="backend.tests.test_service_health_storage_analytics.TestServiceHealthEndpoint" name="test_service_health_returns_checked_at" time="0.290" /><testcase classname="backend.tests.test_service_health_storage_analytics.TestServiceHealthEndpoint" name="test_service_health_requires_admin_role" time="0.506" /><testcase classname="backend.tests.test_service_health_storage_analytics.TestStorageAnalyticsEndpoint" name="test_storage_analytics_returns_200" time="0.147" /><testcase classname="backend.tests.test_service_health_storage_analytics.TestStorageAnalyticsEndpoint" name="test_storage_analytics_returns_per_user" time="0.159" /><testcase classname="backend.tests.test_service_health_storage_analytics.TestStorageAnalyticsEndpoint" name="test_storage_analytics_returns_activity_trend" time="0.153" /><testcase classname="backend.tests.test_service_health_storage_analytics.TestStorageAnalyticsEndpoint" name="test_storage_analytics_returns_totals" time="0.130" /><testcase classname="backend.tests.test_service_health_storage_analytics.TestStorageAnalyticsEndpoint" name="test_storage_analytics_returns_cost_projection" time="0.136" /><testcase classname="backend.tests.test_service_health_storage_analytics.TestSOC2PDFExport" name="test_export_pdf_returns_200" time="0.210" /><testcase classname="backend.tests.test_service_health_storage_analytics.TestSOC2PDFExport" name="test_export_pdf_returns_pdf_content_type" time="0.146" /><testcase classname="backend.tests.test_service_health_storage_analytics.TestSOC2PDFExport" name="test_export_pdf_returns_valid_pdf" time="0.135" /><testcase classname="backend.tests.test_service_health_storage_analytics.TestSOC2PDFExport" name="test_export_pdf_has_content_disposition" time="0.161" /><testcase classname="backend.tests.test_service_health_storage_analytics.TestSOC2PDFExport" name="test_export_pdf_requires_admin" time="0.137" /><testcase classname="backend.tests.test_service_health_storage_analytics.TestAuditLogsFix" name="test_audit_logs_returns_200" time="0.153" /><testcase classname="backend.tests.test_service_health_storage_analytics.TestAuditLogsFix" name="test_audit_logs_returns_pagination" time="0.137" /><testcase classname="backend.tests.test_service_health_storage_analytics.TestAuditLogsFix" name="test_audit_logs_returns_valid_logs" time="0.144" /><testcase classname="backend.tests.test_service_health_storage_analytics.TestAuditLogsFix" name="test_audit_logs_timestamp_is_serialized" time="0.134" /></testsuite></testsuites>