<?xml version="1.0" encoding="utf-8"?><testsuites name="pytest tests"><testsuite name="pytest" errors="0" failures="2" skipped="0" tests="13" time="4.799" timestamp="2026-02-25T02:27:12.176318+00:00" hostname="agent-env-39a05008-7c1e-48d5-b753-ae52a47a2f35"><testcase classname="backend.tests.test_p2_notifications.TestNotificationAPI" name="test_admin_login_works" time="0.466"><failure message="AssertionError: assert None == 'admin@notarychain.com'&#10; +  where None = &lt;built-in method get of dict object at 0xfe56ae63ebc0&gt;('email')&#10; +    where &lt;built-in method get of dict object at 0xfe56ae63ebc0&gt; = {}.get&#10; +      where {} = &lt;built-in method get of dict object at 0xfe56ae63e940&gt;('user', {})&#10; +        where &lt;built-in method get of dict object at 0xfe56ae63e940&gt; = {'access_token': 'eyJhbGciOiJIUzI1NiIsInR5cCI6IkpXVCJ9.eyJzdWIiOiJhZG1pbkBub3RhcnljaGFpbi5jb20iLCJleHAiOjE3NzI1OTEyMzJ9.s9DCTAO6LePuOqnT5ikjAL9bVIxmmOmhqrOtA-vIqYM', 'requires_2fa': False, 'temp_token': None, 'token_type': 'bearer'}.get">backend/tests/test_p2_notifications.py:48: in test_admin_login_works
    assert data.get("user", {}).get("email") == ADMIN_EMAIL
E   AssertionError: assert None == 'admin@notarychain.com'
E    +  where None = &lt;built-in method get of dict object at 0xfe56ae63ebc0&gt;('email')
E    +    where &lt;built-in method get of dict object at 0xfe56ae63ebc0&gt; = {}.get
E    +      where {} = &lt;built-in method get of dict object at 0xfe56ae63e940&gt;('user', {})
E    +        where &lt;built-in method get of dict object at 0xfe56ae63e940&gt; = {'access_token': 'eyJhbGciOiJIUzI1NiIsInR5cCI6IkpXVCJ9.eyJzdWIiOiJhZG1pbkBub3RhcnljaGFpbi5jb20iLCJleHAiOjE3NzI1OTEyMzJ9.s9DCTAO6LePuOqnT5ikjAL9bVIxmmOmhqrOtA-vIqYM', 'requires_2fa': False, 'temp_token': None, 'token_type': 'bearer'}.get</failure></testcase><testcase classname="backend.tests.test_p2_notifications.TestNotificationAPI" name="test_demo_login_works" time="0.355"><failure message="AssertionError: assert None == 'demo@test.com'&#10; +  where None = &lt;built-in method get of dict object at 0xfe56ae4b7200&gt;('email')&#10; +    where &lt;built-in method get of dict object at 0xfe56ae4b7200&gt; = {}.get&#10; +      where {} = &lt;built-in method get of dict object at 0xfe56ae4b75c0&gt;('user', {})&#10; +        where &lt;built-in method get of dict object at 0xfe56ae4b75c0&gt; = {'access_token': 'eyJhbGciOiJIUzI1NiIsInR5cCI6IkpXVCJ9.eyJzdWIiOiJkZW1vQHRlc3QuY29tIiwiZXhwIjoxNzcyNTkxMjMzfQ.3anHgHQSSMmj3zQ_PpeCb6UraZ6RVVZL60jdbmdi8TA', 'requires_2fa': False, 'temp_token': None, 'token_type': 'bearer'}.get">backend/tests/test_p2_notifications.py:60: in test_demo_login_works
    assert data.get("user", {}).get("email") == DEMO_EMAIL
E   AssertionError: assert None == 'demo@test.com'
E    +  where None = &lt;built-in method get of dict object at 0xfe56ae4b7200&gt;('email')
E    +    where &lt;built-in method get of dict object at 0xfe56ae4b7200&gt; = {}.get
E    +      where {} = &lt;built-in method get of dict object at 0xfe56ae4b75c0&gt;('user', {})
E    +        where &lt;built-in method get of dict object at 0xfe56ae4b75c0&gt; = {'access_token': 'eyJhbGciOiJIUzI1NiIsInR5cCI6IkpXVCJ9.eyJzdWIiOiJkZW1vQHRlc3QuY29tIiwiZXhwIjoxNzcyNTkxMjMzfQ.3anHgHQSSMmj3zQ_PpeCb6UraZ6RVVZL60jdbmdi8TA', 'requires_2fa': False, 'temp_token': None, 'token_type': 'bearer'}.get</failure></testcase><testcase classname="backend.tests.test_p2_notifications.TestNotificationAPI" name="test_get_notifications_authenticated" time="0.446" /><testcase classname="backend.tests.test_p2_notifications.TestNotificationAPI" name="test_get_notifications_unauthenticated" time="0.112" /><testcase classname="backend.tests.test_p2_notifications.TestNotificationAPI" name="test_get_unread_count" time="0.403" /><testcase classname="backend.tests.test_p2_notifications.TestNotificationAPI" name="test_get_unread_count_unauthenticated" time="0.122" /><testcase classname="backend.tests.test_p2_notifications.TestNotificationAPI" name="test_mark_notification_as_read" time="0.474" /><testcase classname="backend.tests.test_p2_notifications.TestNotificationAPI" name="test_mark_nonexistent_notification_as_read" time="0.402" /><testcase classname="backend.tests.test_p2_notifications.TestNotificationAPI" name="test_mark_all_as_read" time="0.545" /><testcase classname="backend.tests.test_p2_notifications.TestNotificationAPI" name="test_delete_notification" time="0.682" /><testcase classname="backend.tests.test_p2_notifications.TestNotificationAPI" name="test_delete_nonexistent_notification" time="0.408" /><testcase classname="backend.tests.test_p2_notifications.TestHealthAndBasicAPIs" name="test_api_health" time="0.179" /><testcase classname="backend.tests.test_p2_notifications.TestHealthAndBasicAPIs" name="test_api_root" time="0.111" /></testsuite></testsuites>