<?xml version="1.0" encoding="utf-8"?><testsuites name="pytest tests"><testsuite name="pytest" errors="0" failures="1" skipped="1" tests="19" time="82.344" timestamp="2026-02-25T04:41:20.725984+00:00" hostname="agent-env-af53be46-b928-4056-bf49-5b99728dc071"><testcase classname="tests.test_webhook_system.TestWebhookSystem" name="test_create_webhook_success" time="0.767" /><testcase classname="tests.test_webhook_system.TestWebhookSystem" name="test_create_webhook_invalid_event_rejected" time="0.109" /><testcase classname="tests.test_webhook_system.TestWebhookSystem" name="test_create_webhook_invalid_url_rejected" time="0.139" /><testcase classname="tests.test_webhook_system.TestWebhookSystem" name="test_create_webhook_max_10_limit" time="2.587" /><testcase classname="tests.test_webhook_system.TestWebhookSystem" name="test_list_webhooks_secret_hidden" time="0.344" /><testcase classname="tests.test_webhook_system.TestWebhookSystem" name="test_get_webhook_details_with_stats" time="0.332" /><testcase classname="tests.test_webhook_system.TestWebhookSystem" name="test_get_webhook_not_found" time="0.107" /><testcase classname="tests.test_webhook_system.TestWebhookSystem" name="test_delete_webhook_cleanup" time="0.342" /><testcase classname="tests.test_webhook_system.TestWebhookSystem" name="test_delete_webhook_not_found" time="0.126" /><testcase classname="tests.test_webhook_system.TestWebhookSystem" name="test_toggle_webhook_enable_disable" time="0.486" /><testcase classname="tests.test_webhook_system.TestWebhookSystem" name="test_toggle_webhook_not_found" time="0.159" /><testcase classname="tests.test_webhook_system.TestWebhookSystem" name="test_webhook_test_event" time="3.498" /><testcase classname="tests.test_webhook_system.TestWebhookSystem" name="test_webhook_test_event_not_found" time="0.118" /><testcase classname="tests.test_webhook_system.TestWebhookSystem" name="test_list_webhook_events" time="0.123" /><testcase classname="tests.test_webhook_system.TestWebhookSystem" name="test_webhook_auth_required" time="0.716" /><testcase classname="tests.test_webhook_system.TestWebhookTriggers" name="test_seal_created_triggers_webhook" time="2.246"><skipped type="pytest.skip" message="Rate limit hit on /api/v1/seal (30/min)">/app/backend/tests/test_webhook_system.py:470: Rate limit hit on /api/v1/seal (30/min)</skipped></testcase><testcase classname="tests.test_webhook_system.TestWebhookTriggers" name="test_document_verified_triggers_webhook" time="5.345"><failure message="AssertionError: document.verified delivery not found&#10;assert None is not None">tests/test_webhook_system.py:538: in test_document_verified_triggers_webhook
    assert verify_delivery is not None, "document.verified delivery not found"
E   AssertionError: document.verified delivery not found
E   assert None is not None</failure></testcase><testcase classname="tests.test_webhook_system.TestWebhookDeliveryDetails" name="test_delivery_logging_fields" time="3.482" /><testcase classname="tests.test_webhook_system.TestWebhookDeliveryDetails" name="test_webhook_stats_calculation" time="61.188" /></testsuite></testsuites>