<?xml version="1.0" encoding="utf-8"?><testsuites name="pytest tests"><testsuite name="pytest" errors="0" failures="0" skipped="0" tests="9" time="5.801" timestamp="2026-02-25T01:55:51.096471+00:00" hostname="agent-env-39a05008-7c1e-48d5-b753-ae52a47a2f35"><testcase classname="backend.tests.test_2fa_security.TestHealthCheck" name="test_health_endpoint" time="0.146" /><testcase classname="backend.tests.test_2fa_security.TestSecurityHeaders" name="test_security_headers_present" time="0.142" /><testcase classname="backend.tests.test_2fa_security.TestLoginWithout2FA" name="test_admin_login_no_2fa" time="0.386" /><testcase classname="backend.tests.test_2fa_security.TestLoginWithout2FA" name="test_demo_login_no_2fa" time="0.404" /><testcase classname="backend.tests.test_2fa_security.Test2FAEnableFlow" name="test_2fa_enable_returns_secret_and_qr" time="0.461" /><testcase classname="backend.tests.test_2fa_security.Test2FAStatus" name="test_2fa_status_endpoint" time="0.455" /><testcase classname="backend.tests.test_2fa_security.TestAuthMeEndpoint" name="test_auth_me_returns_2fa_field" time="0.424" /><testcase classname="backend.tests.test_2fa_security.TestFull2FAFlow" name="test_complete_2fa_flow" time="3.101" /><testcase classname="backend.tests.test_2fa_security.TestRateLimiting" name="test_login_rate_limit_headers" time="0.219" /></testsuite></testsuites>