<?xml version="1.0" encoding="utf-8"?><testsuites name="pytest tests"><testsuite name="pytest" errors="0" failures="1" skipped="0" tests="20" time="47.704" timestamp="2026-03-15T15:55:55.970574+00:00" hostname="agent-env-52969706-10c7-4adf-b780-571f1dc4aa7f"><testcase classname="backend.tests.test_p2_storage_pdf_features.TestStorageAnalyticsAPI" name="test_storage_analytics_returns_200_for_admin" time="45.001" /><testcase classname="backend.tests.test_p2_storage_pdf_features.TestStorageAnalyticsAPI" name="test_storage_analytics_has_per_user_field" time="0.140" /><testcase classname="backend.tests.test_p2_storage_pdf_features.TestStorageAnalyticsAPI" name="test_storage_analytics_has_activity_trend_field" time="0.112" /><testcase classname="backend.tests.test_p2_storage_pdf_features.TestStorageAnalyticsAPI" name="test_storage_analytics_has_total_vault_docs" time="0.124" /><testcase classname="backend.tests.test_p2_storage_pdf_features.TestStorageAnalyticsAPI" name="test_storage_analytics_has_total_vault_size_mb" time="0.112" /><testcase classname="backend.tests.test_p2_storage_pdf_features.TestStorageAnalyticsAPI" name="test_storage_analytics_has_total_downloads" time="0.127" /><testcase classname="backend.tests.test_p2_storage_pdf_features.TestStorageAnalyticsAPI" name="test_storage_analytics_has_cost_projection" time="0.103" /><testcase classname="backend.tests.test_p2_storage_pdf_features.TestStorageAnalyticsAPI" name="test_cost_projection_has_current_gb" time="0.124" /><testcase classname="backend.tests.test_p2_storage_pdf_features.TestStorageAnalyticsAPI" name="test_cost_projection_has_monthly_cost_usd" time="0.125" /><testcase classname="backend.tests.test_p2_storage_pdf_features.TestStorageAnalyticsAPI" name="test_cost_projection_has_projected_12m_cost_usd" time="0.132" /><testcase classname="backend.tests.test_p2_storage_pdf_features.TestStorageAnalyticsAPI" name="test_cost_projection_has_growth_rate_pct" time="0.113" /><testcase classname="backend.tests.test_p2_storage_pdf_features.TestStorageAnalyticsAPI" name="test_storage_analytics_requires_admin_role" time="0.102" /><testcase classname="backend.tests.test_p2_storage_pdf_features.TestSOC2PDFExportAPI" name="test_export_pdf_returns_200_for_admin" time="0.169" /><testcase classname="backend.tests.test_p2_storage_pdf_features.TestSOC2PDFExportAPI" name="test_export_pdf_returns_correct_content_type" time="0.132" /><testcase classname="backend.tests.test_p2_storage_pdf_features.TestSOC2PDFExportAPI" name="test_export_pdf_has_content_disposition_header" time="0.139" /><testcase classname="backend.tests.test_p2_storage_pdf_features.TestSOC2PDFExportAPI" name="test_export_pdf_returns_non_empty_body" time="0.135" /><testcase classname="backend.tests.test_p2_storage_pdf_features.TestSOC2PDFExportAPI" name="test_export_pdf_is_valid_pdf" time="0.126" /><testcase classname="backend.tests.test_p2_storage_pdf_features.TestSOC2PDFExportAPI" name="test_export_pdf_requires_admin_role" time="0.105" /><testcase classname="backend.tests.test_p2_storage_pdf_features.TestSOC2PDFExportAPI" name="test_export_pdf_creates_audit_log" time="0.373"><failure message="AssertionError: No audit log entry found for security_compliance_export&#10;assert 0 &gt; 0&#10; +  where 0 = len([])">backend/tests/test_p2_storage_pdf_features.py:303: in test_export_pdf_creates_audit_log
    assert len(export_logs) &gt; 0, "No audit log entry found for security_compliance_export"
E   AssertionError: No audit log entry found for security_compliance_export
E   assert 0 &gt; 0
E    +  where 0 = len([])</failure></testcase><testcase classname="backend.tests.test_p2_storage_pdf_features.TestPDFExportIntegrity" name="test_pdf_has_reasonable_size" time="0.113" /></testsuite></testsuites>