<?xml version="1.0" encoding="utf-8"?><testsuites name="pytest tests"><testsuite name="pytest" errors="0" failures="1" skipped="0" tests="11" time="190.940" timestamp="2026-03-27T02:11:26.017768+00:00" hostname="agent-env-69e3ad29-7144-49c9-b584-7f781dd6cc39"><testcase classname="backend.tests.test_witness_certificate.TestWitnessAgentRealAudit" name="test_witness_agent_returns_real_audit_data" time="60.631"><failure message="AssertionError: Execute failed: The preview environment is not responding. It may be starting up.&#10;  &#10;assert 502 == 200&#10; +  where 502 = &lt;Response [502]&gt;.status_code">backend/tests/test_witness_certificate.py:55: in test_witness_agent_returns_real_audit_data
    assert exec_resp.status_code == 200, f"Execute failed: {exec_resp.text}"
E   AssertionError: Execute failed: The preview environment is not responding. It may be starting up.
E     
E   assert 502 == 200
E    +  where 502 = &lt;Response [502]&gt;.status_code</failure></testcase><testcase classname="backend.tests.test_witness_certificate.TestWitnessAgentRealAudit" name="test_witness_merkle_root_is_real_sha256" time="45.067" /><testcase classname="backend.tests.test_witness_certificate.TestWitnessAgentRealAudit" name="test_witness_timeline_entries_greater_than_zero" time="12.467" /><testcase classname="backend.tests.test_witness_certificate.TestWitnessAgentRealAudit" name="test_witness_evidence_items_greater_than_zero" time="11.023" /><testcase classname="backend.tests.test_witness_certificate.TestWitnessAgentRealAudit" name="test_witness_tamper_proof_status" time="11.276" /><testcase classname="backend.tests.test_witness_certificate.TestCertificatePDF" name="test_sealed_ceremony_has_certificate_flag" time="11.278" /><testcase classname="backend.tests.test_witness_certificate.TestCertificatePDF" name="test_certificate_endpoint_returns_valid_pdf" time="12.386" /><testcase classname="backend.tests.test_witness_certificate.TestCertificatePDF" name="test_certificate_returns_404_for_non_sealed_ceremony" time="0.554" /><testcase classname="backend.tests.test_witness_certificate.TestCertificatePDF" name="test_certificate_returns_404_for_invalid_ceremony" time="0.468" /><testcase classname="backend.tests.test_witness_certificate.TestSSECertificateEvent" name="test_sse_stream_fires_certificate_generated_event" time="11.332" /><testcase classname="backend.tests.test_witness_certificate.TestAuditLogCollection" name="test_audit_log_written_flag_in_witness_response" time="14.366" /></testsuite></testsuites>