<?xml version="1.0" encoding="utf-8"?><testsuites name="pytest tests"><testsuite name="pytest" errors="0" failures="0" skipped="0" tests="16" time="13.924" timestamp="2026-02-25T13:46:57.165233+00:00" hostname="agent-env-160b13ce-9784-464a-8f09-7bf4e12e031c"><testcase classname="backend.tests.test_template_wizard.TestPDFGeneration" name="test_generate_nda_pdf_all_fields" time="0.682" /><testcase classname="backend.tests.test_template_wizard.TestPDFGeneration" name="test_generate_power_of_attorney_pdf" time="0.185" /><testcase classname="backend.tests.test_template_wizard.TestPDFGeneration" name="test_generate_lease_agreement_pdf" time="0.117" /><testcase classname="backend.tests.test_template_wizard.TestPDFGeneration" name="test_generate_affidavit_pdf" time="0.125" /><testcase classname="backend.tests.test_template_wizard.TestPDFGeneration" name="test_generate_pdf_empty_optional_fields" time="0.136" /><testcase classname="backend.tests.test_template_wizard.TestPDFGeneration" name="test_generate_pdf_nonexistent_template" time="0.107" /><testcase classname="backend.tests.test_template_wizard.TestPDFGeneration" name="test_generate_pdf_no_auth" time="0.125" /><testcase classname="backend.tests.test_template_wizard.TestAISuggest" name="test_ai_suggest_confidential_info_field" time="1.679" /><testcase classname="backend.tests.test_template_wizard.TestAISuggest" name="test_ai_suggest_powers_granted_field" time="3.654" /><testcase classname="backend.tests.test_template_wizard.TestAISuggest" name="test_ai_suggest_statement_of_facts" time="2.558" /><testcase classname="backend.tests.test_template_wizard.TestAISuggest" name="test_ai_suggest_beneficiaries_field" time="3.777" /><testcase classname="backend.tests.test_template_wizard.TestAISuggest" name="test_ai_suggest_nonexistent_template" time="0.134" /><testcase classname="backend.tests.test_template_wizard.TestAISuggest" name="test_ai_suggest_no_auth" time="0.126" /><testcase classname="backend.tests.test_template_wizard.TestNDATemplateFields" name="test_nda_has_six_fields" time="0.129" /><testcase classname="backend.tests.test_template_wizard.TestNDATemplateFields" name="test_nda_field_types" time="0.109" /><testcase classname="backend.tests.test_template_wizard.TestNDATemplateFields" name="test_nda_textarea_field_is_confidential_info" time="0.210" /></testsuite></testsuites>