<?xml version="1.0" encoding="utf-8"?><testsuites name="pytest tests"><testsuite name="pytest" errors="0" failures="2" skipped="0" tests="12" time="80.979" timestamp="2026-02-15T20:47:44.266776+00:00" hostname="agent-env-66661626-586b-4ca0-a990-299806e3fcd9"><testcase classname="backend.tests.test_signature_detection_and_notary.TestSignatureDetection" name="test_signature_analysis_field_in_response" time="19.667" /><testcase classname="backend.tests.test_signature_detection_and_notary.TestSignatureDetection" name="test_signature_detection_in_contract" time="19.415" /><testcase classname="backend.tests.test_signature_detection_and_notary.TestSignatureDetection" name="test_signature_detection_in_will" time="21.094" /><testcase classname="backend.tests.test_signature_detection_and_notary.TestNotaryDashboardEndpoints" name="test_get_notary_stats" time="1.384" /><testcase classname="backend.tests.test_signature_detection_and_notary.TestNotaryDashboardEndpoints" name="test_get_pending_requests" time="0.068"><failure message="AssertionError: Failed to get pending requests: {&quot;detail&quot;:&quot;Notarization request not found&quot;}&#10;assert 404 == 200&#10; +  where 404 = &lt;Response [404]&gt;.status_code">backend/tests/test_signature_detection_and_notary.py:344: in test_get_pending_requests
    assert response.status_code == 200, f"Failed to get pending requests: {response.text}"
E   AssertionError: Failed to get pending requests: {"detail":"Notarization request not found"}
E   assert 404 == 200
E    +  where 404 = &lt;Response [404]&gt;.status_code</failure></testcase><testcase classname="backend.tests.test_signature_detection_and_notary.TestNotaryDashboardEndpoints" name="test_get_assigned_requests" time="0.063"><failure message="AssertionError: Failed to get assigned requests: {&quot;detail&quot;:&quot;Notarization request not found&quot;}&#10;assert 404 == 200&#10; +  where 404 = &lt;Response [404]&gt;.status_code">backend/tests/test_signature_detection_and_notary.py:367: in test_get_assigned_requests
    assert response.status_code == 200, f"Failed to get assigned requests: {response.text}"
E   AssertionError: Failed to get assigned requests: {"detail":"Notarization request not found"}
E   assert 404 == 200
E    +  where 404 = &lt;Response [404]&gt;.status_code</failure></testcase><testcase classname="backend.tests.test_signature_detection_and_notary.TestNotarizationWorkflow" name="test_create_notarization_request" time="18.768" /><testcase classname="backend.tests.test_signature_detection_and_notary.TestNotarizationWorkflow" name="test_get_user_requests" time="0.070" /><testcase classname="backend.tests.test_signature_detection_and_notary.TestNotaryActions" name="test_assign_request_endpoint_structure" time="0.060" /><testcase classname="backend.tests.test_signature_detection_and_notary.TestNotaryActions" name="test_start_session_endpoint_structure" time="0.049" /><testcase classname="backend.tests.test_signature_detection_and_notary.TestNotaryActions" name="test_complete_notarization_endpoint_structure" time="0.061" /><testcase classname="backend.tests.test_signature_detection_and_notary.TestVideoRoomEndpoint" name="test_video_rooms_endpoint_exists" time="0.118" /></testsuite></testsuites>