<?xml version="1.0" encoding="utf-8"?><testsuites name="pytest tests"><testsuite name="pytest" errors="0" failures="1" skipped="0" tests="29" time="113.034" timestamp="2026-02-27T04:24:13.657242+00:00" hostname="agent-env-5ad60858-6900-4800-8752-97c2733ba5d5"><testcase classname="backend.tests.test_revenue_conversion_features.TestDocumentRenewal" name="test_renew_request" time="60.525"><failure message="Failed: Unexpected status 502: The preview environment is not responding. It may be starting up.">backend/tests/test_revenue_conversion_features.py:74: in test_renew_request
    pytest.fail(f"Unexpected status {response.status_code}: {response.text}")
E   Failed: Unexpected status 502: The preview environment is not responding. It may be starting up.</failure></testcase><testcase classname="backend.tests.test_revenue_conversion_features.TestDocumentRenewal" name="test_renew_nonexistent_request" time="43.974" /><testcase classname="backend.tests.test_revenue_conversion_features.TestBulkNotarization" name="test_create_batch" time="3.559" /><testcase classname="backend.tests.test_revenue_conversion_features.TestBulkNotarization" name="test_list_batches" time="0.138" /><testcase classname="backend.tests.test_revenue_conversion_features.TestBulkNotarization" name="test_get_batch_detail" time="0.186" /><testcase classname="backend.tests.test_revenue_conversion_features.TestBulkNotarization" name="test_get_batch_nonexistent" time="0.113" /><testcase classname="backend.tests.test_revenue_conversion_features.TestBulkNotarization" name="test_delete_batch" time="0.247" /><testcase classname="backend.tests.test_revenue_conversion_features.TestBulkNotarization" name="test_create_batch_validation_empty_docs" time="0.122" /><testcase classname="backend.tests.test_revenue_conversion_features.TestBulkNotarization" name="test_create_batch_validation_too_many_docs" time="0.130" /><testcase classname="backend.tests.test_revenue_conversion_features.TestNotaryMarketplace" name="test_search_notaries_public" time="0.133" /><testcase classname="backend.tests.test_revenue_conversion_features.TestNotaryMarketplace" name="test_search_notaries_with_filters" time="0.137" /><testcase classname="backend.tests.test_revenue_conversion_features.TestNotaryMarketplace" name="test_search_notaries_ron_filter" time="0.121" /><testcase classname="backend.tests.test_revenue_conversion_features.TestNotaryMarketplace" name="test_get_notary_profile" time="0.305" /><testcase classname="backend.tests.test_revenue_conversion_features.TestNotaryMarketplace" name="test_get_notary_profile_not_found" time="0.143" /><testcase classname="backend.tests.test_revenue_conversion_features.TestNotaryMarketplace" name="test_create_review_requires_completed_notarization" time="0.462" /><testcase classname="backend.tests.test_revenue_conversion_features.TestNotaryMarketplace" name="test_create_review_invalid_rating" time="0.102" /><testcase classname="backend.tests.test_revenue_conversion_features.TestSubscriptionUsageHistory" name="test_usage_history_endpoint" time="0.479" /><testcase classname="backend.tests.test_revenue_conversion_features.TestSubscriptionUsageHistory" name="test_usage_history_custom_months" time="0.110" /><testcase classname="backend.tests.test_revenue_conversion_features.TestEmbedConfiguration" name="test_create_embed_config" time="0.477" /><testcase classname="backend.tests.test_revenue_conversion_features.TestEmbedConfiguration" name="test_list_embed_configs" time="0.143" /><testcase classname="backend.tests.test_revenue_conversion_features.TestEmbedConfiguration" name="test_get_public_embed_config" time="0.105" /><testcase classname="backend.tests.test_revenue_conversion_features.TestEmbedConfiguration" name="test_get_public_embed_config_not_found" time="0.171" /><testcase classname="backend.tests.test_revenue_conversion_features.TestEmbedConfiguration" name="test_update_embed_config_toggle_active" time="0.239" /><testcase classname="backend.tests.test_revenue_conversion_features.TestEmbedConfiguration" name="test_delete_embed_config" time="0.206" /><testcase classname="backend.tests.test_revenue_conversion_features.TestEmbedConfiguration" name="test_delete_embed_config_not_found" time="0.151" /><testcase classname="backend.tests.test_revenue_conversion_features.TestEdgeCases" name="test_bulk_batch_unauthorized" time="0.104" /><testcase classname="backend.tests.test_revenue_conversion_features.TestEdgeCases" name="test_embed_configs_unauthorized" time="0.120" /><testcase classname="backend.tests.test_revenue_conversion_features.TestEdgeCases" name="test_usage_history_unauthorized" time="0.103" /><testcase classname="backend.tests.test_revenue_conversion_features.TestEdgeCases" name="test_renewal_unauthorized" time="0.106" /></testsuite></testsuites>