<?xml version="1.0" encoding="utf-8"?><testsuites name="pytest tests"><testsuite name="pytest" errors="0" failures="1" skipped="0" tests="18" time="130.279" timestamp="2026-04-19T00:48:33.149889+00:00" hostname="agent-env-86830043-e7b6-4219-8c65-0870fddb4d7b"><testcase classname="backend.tests.test_ceremony_freelancer_escrow.TestEscrowTemplates" name="test_templates_endpoint_returns_2_templates" time="0.581" /><testcase classname="backend.tests.test_ceremony_freelancer_escrow.TestEscrowTemplates" name="test_real_estate_template_has_6_milestones" time="0.114" /><testcase classname="backend.tests.test_ceremony_freelancer_escrow.TestEscrowTemplates" name="test_freelancer_template_has_5_milestones" time="0.109" /><testcase classname="backend.tests.test_ceremony_freelancer_escrow.TestEscrowTemplates" name="test_freelancer_template_has_correct_description" time="0.129" /><testcase classname="backend.tests.test_ceremony_freelancer_escrow.TestFreelancerEscrowCreation" name="test_create_freelancer_escrow" time="0.462" /><testcase classname="backend.tests.test_ceremony_freelancer_escrow.TestFreelancerEscrowCreation" name="test_extract_freelancer_conditions_returns_5_conditions" time="0.251" /><testcase classname="backend.tests.test_ceremony_freelancer_escrow.TestFreelancerEscrowCreation" name="test_freelancer_conditions_have_correct_payment_percentages" time="0.270" /><testcase classname="backend.tests.test_ceremony_freelancer_escrow.TestFreelancerEscrowCreation" name="test_freelancer_conditions_have_correct_categories" time="0.238" /><testcase classname="backend.tests.test_ceremony_freelancer_escrow.TestFreelancerEscrowCreation" name="test_freelancer_conditions_payment_pct_sums_to_100" time="0.239" /><testcase classname="backend.tests.test_ceremony_freelancer_escrow.TestCeremonyCreation" name="test_create_ceremony" time="0.447" /><testcase classname="backend.tests.test_ceremony_freelancer_escrow.TestCeremonyCreation" name="test_get_ceremony" time="0.224" /><testcase classname="backend.tests.test_ceremony_freelancer_escrow.TestCeremonyExecution" name="test_execute_ceremony_creates_notifications" time="60.570"><failure message="requests.exceptions.ReadTimeout: HTTPSConnectionPool(host='notary-hts-pwa.preview.emergentagent.com', port=443): Read timed out. (read timeout=60)">/root/.venv/lib/python3.11/site-packages/urllib3/connectionpool.py:534: in _make_request
    response = conn.getresponse()
               ^^^^^^^^^^^^^^^^^^
/root/.venv/lib/python3.11/site-packages/urllib3/connection.py:571: in getresponse
    httplib_response = super().getresponse()
                       ^^^^^^^^^^^^^^^^^^^^^
/usr/local/lib/python3.11/http/client.py:1415: in getresponse
    response.begin()
/usr/local/lib/python3.11/http/client.py:330: in begin
    version, status, reason = self._read_status()
                              ^^^^^^^^^^^^^^^^^^^
/usr/local/lib/python3.11/http/client.py:291: in _read_status
    line = str(self.fp.readline(_MAXLINE + 1), "iso-8859-1")
               ^^^^^^^^^^^^^^^^^^^^^^^^^^^^^^
/usr/local/lib/python3.11/socket.py:718: in readinto
    return self._sock.recv_into(b)
           ^^^^^^^^^^^^^^^^^^^^^^^
/usr/local/lib/python3.11/ssl.py:1314: in recv_into
    return self.read(nbytes, buffer)
           ^^^^^^^^^^^^^^^^^^^^^^^^^
/usr/local/lib/python3.11/ssl.py:1166: in read
    return self._sslobj.read(len, buffer)
           ^^^^^^^^^^^^^^^^^^^^^^^^^^^^^^
E   TimeoutError: The read operation timed out

The above exception was the direct cause of the following exception:
/root/.venv/lib/python3.11/site-packages/requests/adapters.py:644: in send
    resp = conn.urlopen(
/root/.venv/lib/python3.11/site-packages/urllib3/connectionpool.py:841: in urlopen
    retries = retries.increment(
/root/.venv/lib/python3.11/site-packages/urllib3/util/retry.py:490: in increment
    raise reraise(type(error), error, _stacktrace)
          ^^^^^^^^^^^^^^^^^^^^^^^^^^^^^^^^^^^^^^^^
/root/.venv/lib/python3.11/site-packages/urllib3/util/util.py:39: in reraise
    raise value
/root/.venv/lib/python3.11/site-packages/urllib3/connectionpool.py:787: in urlopen
    response = self._make_request(
/root/.venv/lib/python3.11/site-packages/urllib3/connectionpool.py:536: in _make_request
    self._raise_timeout(err=e, url=url, timeout_value=read_timeout)
/root/.venv/lib/python3.11/site-packages/urllib3/connectionpool.py:367: in _raise_timeout
    raise ReadTimeoutError(
E   urllib3.exceptions.ReadTimeoutError: HTTPSConnectionPool(host='notary-hts-pwa.preview.emergentagent.com', port=443): Read timed out. (read timeout=60)

During handling of the above exception, another exception occurred:
backend/tests/test_ceremony_freelancer_escrow.py:247: in test_execute_ceremony_creates_notifications
    execute_response = requests.post(
/root/.venv/lib/python3.11/site-packages/requests/api.py:115: in post
    return request("post", url, data=data, json=json, **kwargs)
           ^^^^^^^^^^^^^^^^^^^^^^^^^^^^^^^^^^^^^^^^^^^^^^^^^^^^
/root/.venv/lib/python3.11/site-packages/requests/api.py:59: in request
    return session.request(method=method, url=url, **kwargs)
           ^^^^^^^^^^^^^^^^^^^^^^^^^^^^^^^^^^^^^^^^^^^^^^^^^
/root/.venv/lib/python3.11/site-packages/requests/sessions.py:589: in request
    resp = self.send(prep, **send_kwargs)
           ^^^^^^^^^^^^^^^^^^^^^^^^^^^^^^
/root/.venv/lib/python3.11/site-packages/requests/sessions.py:703: in send
    r = adapter.send(request, **kwargs)
        ^^^^^^^^^^^^^^^^^^^^^^^^^^^^^^^
/root/.venv/lib/python3.11/site-packages/requests/adapters.py:690: in send
    raise ReadTimeout(e, request=request)
E   requests.exceptions.ReadTimeout: HTTPSConnectionPool(host='notary-hts-pwa.preview.emergentagent.com', port=443): Read timed out. (read timeout=60)</failure></testcase><testcase classname="backend.tests.test_ceremony_freelancer_escrow.TestCeremonyExecution" name="test_ceremony_notifications_exist_after_execution" time="52.660" /><testcase classname="backend.tests.test_ceremony_freelancer_escrow.TestCeremonyExecution" name="test_ceremony_notification_titles_contain_agent_names" time="12.074" /><testcase classname="backend.tests.test_ceremony_freelancer_escrow.TestExistingCeremonyNotifications" name="test_existing_ceremony_has_notifications" time="0.440" /><testcase classname="backend.tests.test_ceremony_freelancer_escrow.TestExistingFreelancerEscrow" name="test_existing_freelancer_escrow_has_correct_type" time="0.467" /><testcase classname="backend.tests.test_ceremony_freelancer_escrow.TestRealEstateVsFreelancerComparison" name="test_real_estate_escrow_has_6_conditions" time="0.583" /><testcase classname="backend.tests.test_ceremony_freelancer_escrow.TestRealEstateVsFreelancerComparison" name="test_freelancer_escrow_has_5_conditions" time="0.217" /></testsuite></testsuites>