<?xml version="1.0" encoding="utf-8"?><testsuites name="pytest tests"><testsuite name="pytest" errors="0" failures="1" skipped="0" tests="29" time="112.018" timestamp="2026-02-27T09:56:24.659784+00:00" hostname="agent-env-5ad60858-6900-4800-8752-97c2733ba5d5"><testcase classname="backend.tests.test_booking_calendar.TestNotaryAvailability" name="test_get_notary_availability_public" time="0.167" /><testcase classname="backend.tests.test_booking_calendar.TestNotaryAvailability" name="test_get_my_availability_requires_auth" time="0.117" /><testcase classname="backend.tests.test_booking_calendar.TestNotaryAvailability" name="test_get_my_availability_as_notary" time="0.462" /><testcase classname="backend.tests.test_booking_calendar.TestNotaryAvailability" name="test_set_availability_requires_auth" time="0.097" /><testcase classname="backend.tests.test_booking_calendar.TestNotaryAvailability" name="test_set_availability_as_notary" time="0.119" /><testcase classname="backend.tests.test_booking_calendar.TestBlockedDates" name="test_block_date_requires_auth" time="0.110" /><testcase classname="backend.tests.test_booking_calendar.TestBlockedDates" name="test_block_date_as_notary" time="0.131" /><testcase classname="backend.tests.test_booking_calendar.TestBlockedDates" name="test_unblock_date_as_notary" time="0.222" /><testcase classname="backend.tests.test_booking_calendar.TestBlockedDates" name="test_unblock_nonexistent_date" time="0.101" /><testcase classname="backend.tests.test_booking_calendar.TestSlotGeneration" name="test_get_slots_valid_date" time="0.105" /><testcase classname="backend.tests.test_booking_calendar.TestSlotGeneration" name="test_get_slots_invalid_date_format" time="0.104" /><testcase classname="backend.tests.test_booking_calendar.TestSlotGeneration" name="test_get_slots_past_date" time="0.139" /><testcase classname="backend.tests.test_booking_calendar.TestSlotGeneration" name="test_get_slots_no_availability_day" time="0.108" /><testcase classname="backend.tests.test_booking_calendar.TestBookingCreation" name="test_create_booking_requires_auth" time="0.106" /><testcase classname="backend.tests.test_booking_calendar.TestBookingCreation" name="test_create_booking_as_user" time="60.435"><failure message="assert 502 == 200&#10; +  where 502 = &lt;Response [502]&gt;.status_code">backend/tests/test_booking_calendar.py:273: in test_create_booking_as_user
    assert response.status_code == 200
E   assert 502 == 200
E    +  where 502 = &lt;Response [502]&gt;.status_code</failure></testcase><testcase classname="backend.tests.test_booking_calendar.TestBookingCreation" name="test_create_booking_duplicate_slot" time="37.416" /><testcase classname="backend.tests.test_booking_calendar.TestBookingCreation" name="test_create_booking_invalid_notary" time="0.109" /><testcase classname="backend.tests.test_booking_calendar.TestUserBookings" name="test_get_my_bookings_requires_auth" time="0.099" /><testcase classname="backend.tests.test_booking_calendar.TestUserBookings" name="test_get_my_bookings_as_user" time="0.112" /><testcase classname="backend.tests.test_booking_calendar.TestUserBookings" name="test_get_my_bookings_with_status_filter" time="0.115" /><testcase classname="backend.tests.test_booking_calendar.TestNotaryBookings" name="test_get_notary_bookings_requires_auth" time="0.101" /><testcase classname="backend.tests.test_booking_calendar.TestNotaryBookings" name="test_get_notary_bookings" time="0.252" /><testcase classname="backend.tests.test_booking_calendar.TestBookingActions" name="test_confirm_booking_as_notary" time="2.154" /><testcase classname="backend.tests.test_booking_calendar.TestBookingActions" name="test_cancel_booking_as_user" time="1.951" /><testcase classname="backend.tests.test_booking_calendar.TestBookingActions" name="test_cancel_booking_as_notary" time="2.241" /><testcase classname="backend.tests.test_booking_calendar.TestBookingActions" name="test_complete_booking_as_notary" time="2.224" /><testcase classname="backend.tests.test_booking_calendar.TestBookingActions" name="test_complete_pending_booking_fails" time="1.958" /><testcase classname="backend.tests.test_booking_calendar.TestBookingActions" name="test_confirm_nonexistent_booking" time="0.101" /><testcase classname="backend.tests.test_booking_calendar.TestCleanup" name="test_cleanup_test_bookings" time="0.544" /></testsuite></testsuites>