<?xml version="1.0" encoding="utf-8"?><testsuites name="pytest tests"><testsuite name="pytest" errors="0" failures="1" skipped="0" tests="20" time="2.663" timestamp="2026-02-25T03:35:26.004928+00:00" hostname="agent-env-af53be46-b928-4056-bf49-5b99728dc071"><testcase classname="backend.tests.test_p1_infra_cache_storage.TestHealthEndpoint" name="test_health_includes_cache" time="0.214" /><testcase classname="backend.tests.test_p1_infra_cache_storage.TestHealthEndpoint" name="test_health_includes_storage" time="0.084" /><testcase classname="backend.tests.test_p1_infra_cache_storage.TestHealthEndpoint" name="test_health_includes_sentry" time="0.060" /><testcase classname="backend.tests.test_p1_infra_cache_storage.TestInfraStatusEndpoint" name="test_infra_status_requires_auth" time="0.063"><failure message="assert 403 == 401&#10; +  where 403 = &lt;Response [403]&gt;.status_code">backend/tests/test_p1_infra_cache_storage.py:93: in test_infra_status_requires_auth
    assert response.status_code == 401
E   assert 403 == 401
E    +  where 403 = &lt;Response [403]&gt;.status_code</failure></testcase><testcase classname="backend.tests.test_p1_infra_cache_storage.TestInfraStatusEndpoint" name="test_infra_status_admin_access" time="0.433" /><testcase classname="backend.tests.test_p1_infra_cache_storage.TestInfraStatusEndpoint" name="test_infra_status_regular_user_access" time="0.349" /><testcase classname="backend.tests.test_p1_infra_cache_storage.TestInfraStatusEndpoint" name="test_infra_status_cache_details" time="0.072" /><testcase classname="backend.tests.test_p1_infra_cache_storage.TestInfraStatusEndpoint" name="test_infra_status_storage_details" time="0.055" /><testcase classname="backend.tests.test_p1_infra_cache_storage.TestInfraStatusEndpoint" name="test_infra_status_jobs_details" time="0.061" /><testcase classname="backend.tests.test_p1_infra_cache_storage.TestInfraStatusEndpoint" name="test_infra_status_sentry_details" time="0.050" /><testcase classname="backend.tests.test_p1_infra_cache_storage.TestCacheClearEndpoints" name="test_cache_clear_requires_admin" time="0.068" /><testcase classname="backend.tests.test_p1_infra_cache_storage.TestCacheClearEndpoints" name="test_cache_clear_all_admin" time="0.063" /><testcase classname="backend.tests.test_p1_infra_cache_storage.TestCacheClearEndpoints" name="test_cache_clear_namespace_requires_admin" time="0.064" /><testcase classname="backend.tests.test_p1_infra_cache_storage.TestCacheClearEndpoints" name="test_cache_clear_namespace_admin" time="0.071" /><testcase classname="backend.tests.test_p1_infra_cache_storage.TestCacheIntegration" name="test_subscription_plans_caching" time="0.407" /><testcase classname="backend.tests.test_p1_infra_cache_storage.TestCacheIntegration" name="test_comprehensive_analytics_caching" time="0.201" /><testcase classname="backend.tests.test_p1_infra_cache_storage.TestStorageService" name="test_storage_backend_local" time="0.061" /><testcase classname="backend.tests.test_p1_infra_cache_storage.TestSentryIntegration" name="test_sentry_not_configured" time="0.057" /><testcase classname="backend.tests.test_p1_infra_cache_storage.TestBackendStartup" name="test_backend_health" time="0.068" /><testcase classname="backend.tests.test_p1_infra_cache_storage.TestBackendStartup" name="test_backend_root" time="0.054" /></testsuite></testsuites>