<?xml version="1.0" encoding="utf-8"?><testsuites name="pytest tests"><testsuite name="pytest" errors="0" failures="0" skipped="9" tests="19" time="7.457" timestamp="2026-02-27T23:40:06.350998+00:00" hostname="agent-env-d11945a9-1382-4edb-a371-c4f779de3587"><testcase classname="backend.tests.test_rbac_sso.TestRBACAndSSO" name="test_01_list_permissions" time="0.701" /><testcase classname="backend.tests.test_rbac_sso.TestRBACAndSSO" name="test_02_list_roles_creates_system_defaults" time="0.615" /><testcase classname="backend.tests.test_rbac_sso.TestRBACAndSSO" name="test_03_create_custom_role" time="0.561" /><testcase classname="backend.tests.test_rbac_sso.TestRBACAndSSO" name="test_04_update_custom_role" time="0.677" /><testcase classname="backend.tests.test_rbac_sso.TestRBACAndSSO" name="test_05_delete_custom_role" time="0.667" /><testcase classname="backend.tests.test_rbac_sso.TestRBACAndSSO" name="test_06_cannot_delete_system_role" time="0.672" /><testcase classname="backend.tests.test_rbac_sso.TestRBACAndSSO" name="test_07_get_effective_permissions_for_admin" time="0.555" /><testcase classname="backend.tests.test_rbac_sso.TestRBACAndSSO" name="test_08_configure_sso_for_organization" time="0.732" /><testcase classname="backend.tests.test_rbac_sso.TestRBACAndSSO" name="test_09_sso_discover_with_configured_domain" time="0.555" /><testcase classname="backend.tests.test_rbac_sso.TestRBACAndSSO" name="test_10_sso_discover_unknown_domain" time="0.569" /><testcase classname="backend.tests.test_rbac_sso.TestRBACAndSSO" name="test_11_sso_initiate_flow" time="0.138"><skipped type="pytest.skip" message="Admin login failed: {&quot;error&quot;:&quot;Rate limit exceeded: 10 per 1 minute&quot;}">/app/backend/tests/test_rbac_sso.py:341: Admin login failed: {"error":"Rate limit exceeded: 10 per 1 minute"}</skipped></testcase><testcase classname="backend.tests.test_rbac_sso.TestRBACAndSSO" name="test_12_sso_get_session" time="0.104"><skipped type="pytest.skip" message="Admin login failed: {&quot;error&quot;:&quot;Rate limit exceeded: 10 per 1 minute&quot;}">/app/backend/tests/test_rbac_sso.py:372: Admin login failed: {"error":"Rate limit exceeded: 10 per 1 minute"}</skipped></testcase><testcase classname="backend.tests.test_rbac_sso.TestRBACAndSSO" name="test_13_sso_callback_jit_provision" time="0.126"><skipped type="pytest.skip" message="Admin login failed: {&quot;error&quot;:&quot;Rate limit exceeded: 10 per 1 minute&quot;}">/app/backend/tests/test_rbac_sso.py:409: Admin login failed: {"error":"Rate limit exceeded: 10 per 1 minute"}</skipped></testcase><testcase classname="backend.tests.test_rbac_sso.TestRBACAndSSO" name="test_14_sso_callback_wrong_domain_rejected" time="0.108"><skipped type="pytest.skip" message="Admin login failed: {&quot;error&quot;:&quot;Rate limit exceeded: 10 per 1 minute&quot;}">/app/backend/tests/test_rbac_sso.py:452: Admin login failed: {"error":"Rate limit exceeded: 10 per 1 minute"}</skipped></testcase><testcase classname="backend.tests.test_rbac_sso.TestRBACAndSSO" name="test_15_sso_test_config" time="0.100"><skipped type="pytest.skip" message="Admin login failed: {&quot;error&quot;:&quot;Rate limit exceeded: 10 per 1 minute&quot;}">/app/backend/tests/test_rbac_sso.py:487: Admin login failed: {"error":"Rate limit exceeded: 10 per 1 minute"}</skipped></testcase><testcase classname="backend.tests.test_rbac_sso.TestRBACAndSSO" name="test_16_sso_test_without_config" time="0.137"><skipped type="pytest.skip" message="Admin login failed: {&quot;error&quot;:&quot;Rate limit exceeded: 10 per 1 minute&quot;}">/app/backend/tests/test_rbac_sso.py:516: Admin login failed: {"error":"Rate limit exceeded: 10 per 1 minute"}</skipped></testcase><testcase classname="backend.tests.test_rbac_sso.TestRBACAndSSO" name="test_17_rbac_role_with_member_assignment" time="0.114"><skipped type="pytest.skip" message="Admin login failed: {&quot;error&quot;:&quot;Rate limit exceeded: 10 per 1 minute&quot;}">/app/backend/tests/test_rbac_sso.py:548: Admin login failed: {"error":"Rate limit exceeded: 10 per 1 minute"}</skipped></testcase><testcase classname="backend.tests.test_rbac_sso.TestRBACAndSSO" name="test_18_full_sso_e2e_flow" time="0.114"><skipped type="pytest.skip" message="Admin login failed: {&quot;error&quot;:&quot;Rate limit exceeded: 10 per 1 minute&quot;}">/app/backend/tests/test_rbac_sso.py:601: Admin login failed: {"error":"Rate limit exceeded: 10 per 1 minute"}</skipped></testcase><testcase classname="backend.tests.test_rbac_sso.TestRBACAndSSO" name="test_19_invalid_permission_rejected" time="0.111"><skipped type="pytest.skip" message="Admin login failed: {&quot;error&quot;:&quot;Rate limit exceeded: 10 per 1 minute&quot;}">/app/backend/tests/test_rbac_sso.py:651: Admin login failed: {"error":"Rate limit exceeded: 10 per 1 minute"}</skipped></testcase></testsuite></testsuites>