<?xml version="1.0" encoding="utf-8"?><testsuites name="pytest tests"><testsuite name="pytest" errors="0" failures="0" skipped="0" tests="22" time="4.293" timestamp="2026-03-02T12:29:41.483575+00:00" hostname="agent-env-d11945a9-1382-4edb-a371-c4f779de3587"><testcase classname="backend.tests.test_scheduled_reports.TestScheduledReportsBackend" name="test_get_report_sections" time="0.682" /><testcase classname="backend.tests.test_scheduled_reports.TestScheduledReportsBackend" name="test_get_report_config_initial" time="0.104" /><testcase classname="backend.tests.test_scheduled_reports.TestScheduledReportsBackend" name="test_create_update_report_config" time="0.116" /><testcase classname="backend.tests.test_scheduled_reports.TestScheduledReportsBackend" name="test_update_config_to_monthly" time="0.108" /><testcase classname="backend.tests.test_scheduled_reports.TestScheduledReportsBackend" name="test_config_invalid_frequency" time="0.116" /><testcase classname="backend.tests.test_scheduled_reports.TestScheduledReportsBackend" name="test_config_invalid_sections" time="0.111" /><testcase classname="backend.tests.test_scheduled_reports.TestScheduledReportsBackend" name="test_config_empty_sections" time="0.107" /><testcase classname="backend.tests.test_scheduled_reports.TestScheduledReportsBackend" name="test_generate_report_now" time="0.124" /><testcase classname="backend.tests.test_scheduled_reports.TestScheduledReportsBackend" name="test_list_reports" time="0.159" /><testcase classname="backend.tests.test_scheduled_reports.TestScheduledReportsBackend" name="test_list_reports_pagination" time="0.116" /><testcase classname="backend.tests.test_scheduled_reports.TestScheduledReportsBackend" name="test_get_report_detail" time="0.215" /><testcase classname="backend.tests.test_scheduled_reports.TestScheduledReportsBackend" name="test_get_report_detail_not_found" time="0.129" /><testcase classname="backend.tests.test_scheduled_reports.TestScheduledReportsBackend" name="test_download_report_pdf" time="0.205" /><testcase classname="backend.tests.test_scheduled_reports.TestScheduledReportsBackend" name="test_download_nonexistent_report" time="0.111" /><testcase classname="backend.tests.test_scheduled_reports.TestScheduledReportsBackend" name="test_delete_report" time="0.341" /><testcase classname="backend.tests.test_scheduled_reports.TestScheduledReportsBackend" name="test_delete_nonexistent_report" time="0.106" /><testcase classname="backend.tests.test_scheduled_reports.TestScheduledReportsBackend" name="test_non_admin_cannot_access_sections" time="0.549" /><testcase classname="backend.tests.test_scheduled_reports.TestScheduledReportsBackend" name="test_non_admin_cannot_access_config" time="0.108" /><testcase classname="backend.tests.test_scheduled_reports.TestScheduledReportsBackend" name="test_non_admin_cannot_generate" time="0.106" /><testcase classname="backend.tests.test_scheduled_reports.TestScheduledReportsBackend" name="test_non_admin_cannot_list_reports" time="0.107" /><testcase classname="backend.tests.test_scheduled_reports.TestScheduledReportsBackend" name="test_non_admin_cannot_download" time="0.228" /><testcase classname="backend.tests.test_scheduled_reports.TestScheduledReportsBackend" name="test_report_data_snapshot_has_correct_sections" time="0.248" /></testsuite></testsuites>