<?xml version="1.0" encoding="utf-8"?><testsuites name="pytest tests"><testsuite name="pytest" errors="9" failures="0" skipped="0" tests="19" time="9.800" timestamp="2026-02-25T04:39:29.191300+00:00" hostname="agent-env-af53be46-b928-4056-bf49-5b99728dc071"><testcase classname="tests.test_webhook_system.TestWebhookSystem" name="test_create_webhook_success" time="0.748" /><testcase classname="tests.test_webhook_system.TestWebhookSystem" name="test_create_webhook_invalid_event_rejected" time="0.453" /><testcase classname="tests.test_webhook_system.TestWebhookSystem" name="test_create_webhook_invalid_url_rejected" time="0.478" /><testcase classname="tests.test_webhook_system.TestWebhookSystem" name="test_create_webhook_max_10_limit" time="3.088" /><testcase classname="tests.test_webhook_system.TestWebhookSystem" name="test_list_webhooks_secret_hidden" time="0.675" /><testcase classname="tests.test_webhook_system.TestWebhookSystem" name="test_get_webhook_details_with_stats" time="0.678" /><testcase classname="tests.test_webhook_system.TestWebhookSystem" name="test_get_webhook_not_found" time="0.463" /><testcase classname="tests.test_webhook_system.TestWebhookSystem" name="test_delete_webhook_cleanup" time="0.733" /><testcase classname="tests.test_webhook_system.TestWebhookSystem" name="test_delete_webhook_not_found" time="0.436" /><testcase classname="tests.test_webhook_system.TestWebhookSystem" name="test_toggle_webhook_enable_disable" time="0.817" /><testcase classname="tests.test_webhook_system.TestWebhookSystem" name="test_toggle_webhook_not_found" time="0.122"><error message="failed on setup with &quot;AssertionError: Login failed: {&quot;error&quot;:&quot;Rate limit exceeded: 10 per 1 minute&quot;}&#10;assert 429 == 200&#10; +  where 429 = &lt;Response [429]&gt;.status_code&quot;">tests/test_webhook_system.py:34: in setup
    assert response.status_code == 200, f"Login failed: {response.text}"
E   AssertionError: Login failed: {"error":"Rate limit exceeded: 10 per 1 minute"}
E   assert 429 == 200
E    +  where 429 = &lt;Response [429]&gt;.status_code</error></testcase><testcase classname="tests.test_webhook_system.TestWebhookSystem" name="test_webhook_test_event" time="0.103"><error message="failed on setup with &quot;AssertionError: Login failed: {&quot;error&quot;:&quot;Rate limit exceeded: 10 per 1 minute&quot;}&#10;assert 429 == 200&#10; +  where 429 = &lt;Response [429]&gt;.status_code&quot;">tests/test_webhook_system.py:34: in setup
    assert response.status_code == 200, f"Login failed: {response.text}"
E   AssertionError: Login failed: {"error":"Rate limit exceeded: 10 per 1 minute"}
E   assert 429 == 200
E    +  where 429 = &lt;Response [429]&gt;.status_code</error></testcase><testcase classname="tests.test_webhook_system.TestWebhookSystem" name="test_webhook_test_event_not_found" time="0.114"><error message="failed on setup with &quot;AssertionError: Login failed: {&quot;error&quot;:&quot;Rate limit exceeded: 10 per 1 minute&quot;}&#10;assert 429 == 200&#10; +  where 429 = &lt;Response [429]&gt;.status_code&quot;">tests/test_webhook_system.py:34: in setup
    assert response.status_code == 200, f"Login failed: {response.text}"
E   AssertionError: Login failed: {"error":"Rate limit exceeded: 10 per 1 minute"}
E   assert 429 == 200
E    +  where 429 = &lt;Response [429]&gt;.status_code</error></testcase><testcase classname="tests.test_webhook_system.TestWebhookSystem" name="test_list_webhook_events" time="0.112"><error message="failed on setup with &quot;AssertionError: Login failed: {&quot;error&quot;:&quot;Rate limit exceeded: 10 per 1 minute&quot;}&#10;assert 429 == 200&#10; +  where 429 = &lt;Response [429]&gt;.status_code&quot;">tests/test_webhook_system.py:34: in setup
    assert response.status_code == 200, f"Login failed: {response.text}"
E   AssertionError: Login failed: {"error":"Rate limit exceeded: 10 per 1 minute"}
E   assert 429 == 200
E    +  where 429 = &lt;Response [429]&gt;.status_code</error></testcase><testcase classname="tests.test_webhook_system.TestWebhookSystem" name="test_webhook_auth_required" time="0.121"><error message="failed on setup with &quot;AssertionError: Login failed: {&quot;error&quot;:&quot;Rate limit exceeded: 10 per 1 minute&quot;}&#10;assert 429 == 200&#10; +  where 429 = &lt;Response [429]&gt;.status_code&quot;">tests/test_webhook_system.py:34: in setup
    assert response.status_code == 200, f"Login failed: {response.text}"
E   AssertionError: Login failed: {"error":"Rate limit exceeded: 10 per 1 minute"}
E   assert 429 == 200
E    +  where 429 = &lt;Response [429]&gt;.status_code</error></testcase><testcase classname="tests.test_webhook_system.TestWebhookTriggers" name="test_seal_created_triggers_webhook" time="0.119"><error message="failed on setup with &quot;AssertionError: Login failed: {&quot;error&quot;:&quot;Rate limit exceeded: 10 per 1 minute&quot;}&#10;assert 429 == 200&#10; +  where 429 = &lt;Response [429]&gt;.status_code&quot;">tests/test_webhook_system.py:384: in setup
    assert response.status_code == 200, f"Login failed: {response.text}"
E   AssertionError: Login failed: {"error":"Rate limit exceeded: 10 per 1 minute"}
E   assert 429 == 200
E    +  where 429 = &lt;Response [429]&gt;.status_code</error></testcase><testcase classname="tests.test_webhook_system.TestWebhookTriggers" name="test_document_verified_triggers_webhook" time="0.112"><error message="failed on setup with &quot;AssertionError: Login failed: {&quot;error&quot;:&quot;Rate limit exceeded: 10 per 1 minute&quot;}&#10;assert 429 == 200&#10; +  where 429 = &lt;Response [429]&gt;.status_code&quot;">tests/test_webhook_system.py:384: in setup
    assert response.status_code == 200, f"Login failed: {response.text}"
E   AssertionError: Login failed: {"error":"Rate limit exceeded: 10 per 1 minute"}
E   assert 429 == 200
E    +  where 429 = &lt;Response [429]&gt;.status_code</error></testcase><testcase classname="tests.test_webhook_system.TestWebhookDeliveryDetails" name="test_delivery_logging_fields" time="0.111"><error message="failed on setup with &quot;assert 429 == 200&#10; +  where 429 = &lt;Response [429]&gt;.status_code&quot;">tests/test_webhook_system.py:543: in setup
    assert response.status_code == 200
E   assert 429 == 200
E    +  where 429 = &lt;Response [429]&gt;.status_code</error></testcase><testcase classname="tests.test_webhook_system.TestWebhookDeliveryDetails" name="test_webhook_stats_calculation" time="0.121"><error message="failed on setup with &quot;assert 429 == 200&#10; +  where 429 = &lt;Response [429]&gt;.status_code&quot;">tests/test_webhook_system.py:543: in setup
    assert response.status_code == 200
E   assert 429 == 200
E    +  where 429 = &lt;Response [429]&gt;.status_code</error></testcase></testsuite></testsuites>