<?xml version="1.0" encoding="utf-8"?><testsuites name="pytest tests"><testsuite name="pytest" errors="0" failures="0" skipped="0" tests="17" time="4.501" timestamp="2026-03-15T15:36:03.167738+00:00" hostname="agent-env-52969706-10c7-4adf-b780-571f1dc4aa7f"><testcase classname="backend.tests.test_alert_settings_security_compliance.TestAlertSettingsAPI" name="test_get_alert_settings_returns_default_structure" time="1.539" /><testcase classname="backend.tests.test_alert_settings_security_compliance.TestAlertSettingsAPI" name="test_update_check_interval_minutes" time="0.127" /><testcase classname="backend.tests.test_alert_settings_security_compliance.TestAlertSettingsAPI" name="test_update_cooldown_hours" time="0.147" /><testcase classname="backend.tests.test_alert_settings_security_compliance.TestAlertSettingsAPI" name="test_toggle_email_alerts_disabled" time="0.118" /><testcase classname="backend.tests.test_alert_settings_security_compliance.TestAlertSettingsAPI" name="test_toggle_inapp_alerts_disabled" time="0.154" /><testcase classname="backend.tests.test_alert_settings_security_compliance.TestAlertSettingsAPI" name="test_update_threshold_values" time="0.146" /><testcase classname="backend.tests.test_alert_settings_security_compliance.TestAlertSettingsAPI" name="test_validation_check_interval_too_low" time="0.060" /><testcase classname="backend.tests.test_alert_settings_security_compliance.TestAlertSettingsAPI" name="test_validation_check_interval_too_high" time="0.058" /><testcase classname="backend.tests.test_alert_settings_security_compliance.TestAlertSettingsAPI" name="test_validation_cooldown_too_low" time="0.063" /><testcase classname="backend.tests.test_alert_settings_security_compliance.TestAlertSettingsAPI" name="test_validation_cooldown_too_high" time="0.064" /><testcase classname="backend.tests.test_alert_settings_security_compliance.TestAlertSettingsAccessControl" name="test_non_admin_cannot_get_alert_settings" time="1.446" /><testcase classname="backend.tests.test_alert_settings_security_compliance.TestAlertSettingsAccessControl" name="test_non_admin_cannot_update_alert_settings" time="0.120" /><testcase classname="backend.tests.test_alert_settings_security_compliance.TestSecurityComplianceAPI" name="test_get_security_compliance_returns_score" time="0.066" /><testcase classname="backend.tests.test_alert_settings_security_compliance.TestSecurityComplianceAPI" name="test_all_six_categories_present" time="0.063" /><testcase classname="backend.tests.test_alert_settings_security_compliance.TestSecurityComplianceAPI" name="test_category_items_structure" time="0.066" /><testcase classname="backend.tests.test_alert_settings_security_compliance.TestSecurityComplianceAPI" name="test_generated_at_timestamp" time="0.066" /><testcase classname="backend.tests.test_alert_settings_security_compliance.TestSecurityComplianceAccessControl" name="test_non_admin_cannot_access_security_compliance" time="0.107" /></testsuite></testsuites>