<?xml version="1.0" encoding="utf-8"?><testsuites name="pytest tests"><testsuite name="pytest" errors="0" failures="3" skipped="4" tests="22" time="3.395" timestamp="2026-02-27T13:01:32.495065+00:00" hostname="agent-env-bba74eb0-2e48-4427-ba6c-d4f1b51facf6"><testcase classname="backend.tests.test_ai_video_features.TestAIDocumentGenerator" name="test_get_document_types" time="0.554" /><testcase classname="backend.tests.test_ai_video_features.TestAIDocumentGenerator" name="test_generate_document_success" time="0.103"><failure message="AssertionError: Expected 200, got 500: {&quot;detail&quot;:&quot;AI generation failed&quot;}&#10;assert 500 == 200&#10; +  where 500 = &lt;Response [500]&gt;.status_code">backend/tests/test_ai_video_features.py:94: in test_generate_document_success
    assert response.status_code == 200, f"Expected 200, got {response.status_code}: {response.text}"
E   AssertionError: Expected 200, got 500: {"detail":"AI generation failed"}
E   assert 500 == 200
E    +  where 500 = &lt;Response [500]&gt;.status_code</failure></testcase><testcase classname="backend.tests.test_ai_video_features.TestAIDocumentGenerator" name="test_generate_document_empty_description" time="0.106" /><testcase classname="backend.tests.test_ai_video_features.TestAIDocumentGenerator" name="test_get_my_documents" time="0.107" /><testcase classname="backend.tests.test_ai_video_features.TestAIDocumentGenerator" name="test_get_document_by_id" time="0.124"><skipped type="pytest.skip" message="Could not generate document for ID test">/app/backend/tests/test_ai_video_features.py:137: Could not generate document for ID test</skipped></testcase><testcase classname="backend.tests.test_ai_video_features.TestAIDocumentGenerator" name="test_get_document_not_found" time="0.112" /><testcase classname="backend.tests.test_ai_video_features.TestAIDocumentGenerator" name="test_refine_document" time="0.114"><skipped type="pytest.skip" message="Could not generate document for refine test">/app/backend/tests/test_ai_video_features.py:165: Could not generate document for refine test</skipped></testcase><testcase classname="backend.tests.test_ai_video_features.TestAIDocumentSummarizer" name="test_get_summary_history_initially" time="0.115" /><testcase classname="backend.tests.test_ai_video_features.TestAIDocumentSummarizer" name="test_summarize_document_with_text_file" time="0.116"><failure message="AssertionError: Expected 200, got 500: {&quot;detail&quot;:&quot;AI summarization failed&quot;}&#10;assert 500 == 200&#10; +  where 500 = &lt;Response [500]&gt;.status_code">backend/tests/test_ai_video_features.py:229: in test_summarize_document_with_text_file
    assert response.status_code == 200, f"Expected 200, got {response.status_code}: {response.text}"
E   AssertionError: Expected 200, got 500: {"detail":"AI summarization failed"}
E   assert 500 == 200
E    +  where 500 = &lt;Response [500]&gt;.status_code</failure></testcase><testcase classname="backend.tests.test_ai_video_features.TestAIDocumentSummarizer" name="test_summarize_unsupported_file_type" time="0.115" /><testcase classname="backend.tests.test_ai_video_features.TestAIDocumentSummarizer" name="test_get_specific_summary" time="0.171"><skipped type="pytest.skip" message="No summaries in history to test">/app/backend/tests/test_ai_video_features.py:262: No summaries in history to test</skipped></testcase><testcase classname="backend.tests.test_ai_video_features.TestVideoWitness" name="test_get_verification_instructions" time="0.099" /><testcase classname="backend.tests.test_ai_video_features.TestVideoWitness" name="test_get_my_recordings_initially" time="0.126" /><testcase classname="backend.tests.test_ai_video_features.TestVideoWitness" name="test_upload_video_invalid_request" time="0.119" /><testcase classname="backend.tests.test_ai_video_features.TestVideoWitness" name="test_upload_unsupported_video_format" time="0.104" /><testcase classname="backend.tests.test_ai_video_features.TestAICopilot" name="test_analyze_request_not_found" time="0.448" /><testcase classname="backend.tests.test_ai_video_features.TestAICopilot" name="test_prefill_journal_not_found" time="0.119" /><testcase classname="backend.tests.test_ai_video_features.TestAICopilot" name="test_analyze_with_valid_request" time="0.335"><failure message="AssertionError: Expected 200, got 500: {&quot;detail&quot;:&quot;AI analysis failed&quot;}&#10;assert 500 == 200&#10; +  where 500 = &lt;Response [500]&gt;.status_code">backend/tests/test_ai_video_features.py:391: in test_analyze_with_valid_request
    assert response.status_code == 200, f"Expected 200, got {response.status_code}: {response.text}"
E   AssertionError: Expected 200, got 500: {"detail":"AI analysis failed"}
E   assert 500 == 200
E    +  where 500 = &lt;Response [500]&gt;.status_code</failure></testcase><testcase classname="backend.tests.test_ai_video_features.TestAICopilot" name="test_prefill_journal_with_valid_request" time="0.000"><skipped type="pytest.skip" message="No request_id from previous copilot test">/app/backend/tests/test_ai_video_features.py:406: No request_id from previous copilot test</skipped></testcase><testcase classname="backend.tests.test_ai_video_features.TestDashboardIntegration" name="test_verify_dashboard_loads" time="0.110" /><testcase classname="backend.tests.test_ai_video_features.TestDashboardIntegration" name="test_verify_notary_requests_endpoint" time="0.100" /><testcase classname="backend.tests.test_ai_video_features.TestCleanup" name="test_cleanup_message" time="0.000" /></testsuite></testsuites>