<?xml version="1.0" encoding="utf-8"?><testsuites name="pytest tests"><testsuite name="pytest" errors="1" failures="0" skipped="0" tests="15" time="5.465" timestamp="2026-02-25T02:10:43.980466+00:00" hostname="agent-env-39a05008-7c1e-48d5-b753-ae52a47a2f35"><testcase classname="tests.test_p1_production_features.TestHealthAndBasicEndpoints" name="test_health_endpoint" time="0.209" /><testcase classname="tests.test_p1_production_features.TestHealthAndBasicEndpoints" name="test_root_api_endpoint" time="0.128" /><testcase classname="tests.test_p1_production_features.TestAuthentication" name="test_admin_login_success" time="0.364" /><testcase classname="tests.test_p1_production_features.TestAuthentication" name="test_demo_login_success" time="0.371" /><testcase classname="tests.test_p1_production_features.TestAuthentication" name="test_login_invalid_credentials" time="0.127" /><testcase classname="tests.test_p1_production_features.TestBackgroundJobsAPI" name="test_get_jobs_list_authenticated" time="0.545" /><testcase classname="tests.test_p1_production_features.TestBackgroundJobsAPI" name="test_get_jobs_unauthenticated" time="0.144" /><testcase classname="tests.test_p1_production_features.TestBackgroundJobsAPI" name="test_get_job_by_id_not_found" time="0.500" /><testcase classname="tests.test_p1_production_features.TestFileServingEndpoint" name="test_get_nonexistent_file_authenticated" time="0.454" /><testcase classname="tests.test_p1_production_features.TestFileServingEndpoint" name="test_get_file_unauthenticated" time="0.117" /><testcase classname="tests.test_p1_production_features.TestWebSocketEndpointExists" name="test_websocket_endpoint_http_request" time="0.480" /><testcase classname="tests.test_p1_production_features.TestTwoFactorAuthFlow" name="test_2fa_status_endpoint" time="0.552" /><testcase classname="tests.test_p1_production_features.TestTwoFactorAuthFlow" name="test_2fa_enable_endpoint" time="0.673" /><testcase classname="tests.test_p1_production_features.TestTransactionEndpoints" name="test_get_transactions_list" time="0.541" /><testcase classname="tests.test_p1_production_features.TestTransactionEndpoints" name="test_get_blueprints" time="0.160"><error message="failed on setup with &quot;assert 429 == 200&#10; +  where 429 = &lt;Response [429]&gt;.status_code&quot;">tests/test_p1_production_features.py:230: in auth_token
    assert response.status_code == 200
E   assert 429 == 200
E    +  where 429 = &lt;Response [429]&gt;.status_code</error></testcase></testsuite></testsuites>