<?xml version="1.0" encoding="utf-8"?><testsuites name="pytest tests"><testsuite name="pytest" errors="0" failures="2" skipped="0" tests="22" time="132.334" timestamp="2026-02-25T04:06:09.559798+00:00" hostname="agent-env-af53be46-b928-4056-bf49-5b99728dc071"><testcase classname="tests.test_public_api_keys.TestPublicAPISetup" name="test_login_success" time="0.455" /><testcase classname="tests.test_public_api_keys.TestPublicAPIStatus" name="test_status_no_auth" time="0.125" /><testcase classname="tests.test_public_api_keys.TestAPIKeyManagement" name="test_cleanup_existing_keys" time="0.562" /><testcase classname="tests.test_public_api_keys.TestAPIKeyManagement" name="test_create_api_key" time="0.223" /><testcase classname="tests.test_public_api_keys.TestAPIKeyManagement" name="test_list_api_keys" time="0.137" /><testcase classname="tests.test_public_api_keys.TestAPIKeyManagement" name="test_create_and_revoke_key" time="0.353" /><testcase classname="tests.test_public_api_keys.TestAPIKeyManagement" name="test_max_keys_limit" time="1.493" /><testcase classname="tests.test_public_api_keys.TestAPIKeyManagement" name="test_api_usage_stats" time="0.136" /><testcase classname="tests.test_public_api_keys.TestPublicAPIEndpoints" name="test_missing_api_key_returns_401" time="0.117" /><testcase classname="tests.test_public_api_keys.TestPublicAPIEndpoints" name="test_invalid_api_key_returns_401" time="0.110" /><testcase classname="tests.test_public_api_keys.TestPublicAPIEndpoints" name="test_seal_document" time="60.666"><failure message="AssertionError: Seal failed: The preview environment is not responding. It may be starting up.&#10;  &#10;assert 502 == 200&#10; +  where 502 = &lt;Response [502]&gt;.status_code">tests/test_public_api_keys.py:260: in test_seal_document
    assert response.status_code == 200, f"Seal failed: {response.text}"
E   AssertionError: Seal failed: The preview environment is not responding. It may be starting up.
E     
E   assert 502 == 200
E    +  where 502 = &lt;Response [502]&gt;.status_code</failure></testcase><testcase classname="tests.test_public_api_keys.TestPublicAPIEndpoints" name="test_verify_document_found" time="60.193"><failure message="AssertionError: Seal failed: The preview environment is not responding. It may be starting up.&#10;  &#10;assert 502 == 200&#10; +  where 502 = &lt;Response [502]&gt;.status_code">tests/test_public_api_keys.py:278: in test_verify_document_found
    seal_id, doc_hash = self.test_seal_document(api_key)
                        ^^^^^^^^^^^^^^^^^^^^^^^^^^^^^^^^
tests/test_public_api_keys.py:260: in test_seal_document
    assert response.status_code == 200, f"Seal failed: {response.text}"
E   AssertionError: Seal failed: The preview environment is not responding. It may be starting up.
E     
E   assert 502 == 200
E    +  where 502 = &lt;Response [502]&gt;.status_code</failure></testcase><testcase classname="tests.test_public_api_keys.TestPublicAPIEndpoints" name="test_verify_document_not_found" time="0.263" /><testcase classname="tests.test_public_api_keys.TestPublicAPIEndpoints" name="test_list_seals" time="0.151" /><testcase classname="tests.test_public_api_keys.TestPublicAPIEndpoints" name="test_get_specific_seal" time="3.352" /><testcase classname="tests.test_public_api_keys.TestPublicAPIEndpoints" name="test_get_nonexistent_seal" time="0.151" /><testcase classname="tests.test_public_api_keys.TestPublicAPIEndpoints" name="test_list_requests" time="0.145" /><testcase classname="tests.test_public_api_keys.TestPublicAPIEndpoints" name="test_list_requests_with_status_filter" time="0.142" /><testcase classname="tests.test_public_api_keys.TestPublicAPIEndpoints" name="test_api_call_logging" time="2.209" /><testcase classname="tests.test_public_api_keys.TestScopeRestrictions" name="test_seal_without_scope_returns_403" time="0.951" /><testcase classname="tests.test_public_api_keys.TestScopeRestrictions" name="test_verify_without_scope_returns_403" time="0.135" /><testcase classname="tests.test_public_api_keys.TestScopeRestrictions" name="test_read_with_read_scope_works" time="0.145" /></testsuite></testsuites>