<?xml version="1.0" encoding="utf-8"?><testsuites name="pytest tests"><testsuite name="pytest" errors="9" failures="0" skipped="0" tests="25" time="7.291" timestamp="2026-02-26T12:27:19.290472+00:00" hostname="agent-env-160b13ce-9784-464a-8f09-7bf4e12e031c"><testcase classname="backend.tests.test_vault_documents.TestVaultSetup" name="test_demo_login" time="0.442" /><testcase classname="backend.tests.test_vault_documents.TestVaultSetup" name="test_admin_login" time="0.336" /><testcase classname="backend.tests.test_vault_documents.TestVaultSetup" name="test_org_exists" time="0.121" /><testcase classname="backend.tests.test_vault_documents.TestVaultStats" name="test_get_vault_stats" time="0.570" /><testcase classname="backend.tests.test_vault_documents.TestVaultUpload" name="test_upload_document_admin" time="0.549" /><testcase classname="backend.tests.test_vault_documents.TestVaultUpload" name="test_upload_with_default_name" time="0.145" /><testcase classname="backend.tests.test_vault_documents.TestVaultList" name="test_list_documents" time="0.566" /><testcase classname="backend.tests.test_vault_documents.TestVaultList" name="test_filter_by_category" time="0.112" /><testcase classname="backend.tests.test_vault_documents.TestVaultList" name="test_search_by_name" time="0.108" /><testcase classname="backend.tests.test_vault_documents.TestVaultDocumentDetail" name="test_get_document_detail" time="0.990" /><testcase classname="backend.tests.test_vault_documents.TestVaultDocumentDetail" name="test_view_increments_count_and_adds_audit" time="0.220" /><testcase classname="backend.tests.test_vault_documents.TestVaultDocumentDetail" name="test_document_not_found" time="0.107" /><testcase classname="backend.tests.test_vault_documents.TestVaultDownload" name="test_download_document" time="1.036" /><testcase classname="backend.tests.test_vault_documents.TestVaultDownload" name="test_download_increments_count" time="0.363" /><testcase classname="backend.tests.test_vault_documents.TestVaultUpdateDocument" name="test_update_document_metadata" time="0.658" /><testcase classname="backend.tests.test_vault_documents.TestVaultUpdateDocument" name="test_update_adds_audit_entry" time="0.240" /><testcase classname="backend.tests.test_vault_documents.TestVaultDeleteDocument" name="test_delete_document" time="0.113"><error message="failed on setup with &quot;KeyError: 'access_token'&quot;">backend/tests/test_vault_documents.py:456: in admin_token
    return res.json()["access_token"]
           ^^^^^^^^^^^^^^^^^^^^^^^^^^
E   KeyError: 'access_token'</error></testcase><testcase classname="backend.tests.test_vault_documents.TestVaultDeleteDocument" name="test_delete_nonexistent_returns_404" time="0.000"><error message="failed on setup with &quot;KeyError: 'access_token'&quot;">backend/tests/test_vault_documents.py:456: in admin_token
    return res.json()["access_token"]
           ^^^^^^^^^^^^^^^^^^^^^^^^^^
E   KeyError: 'access_token'</error></testcase><testcase classname="backend.tests.test_vault_documents.TestVaultRoleBasedAccess" name="test_owner_can_upload" time="0.106"><error message="failed on setup with &quot;KeyError: 'access_token'&quot;">backend/tests/test_vault_documents.py:511: in demo_token
    return res.json()["access_token"]
           ^^^^^^^^^^^^^^^^^^^^^^^^^^
E   KeyError: 'access_token'</error></testcase><testcase classname="backend.tests.test_vault_documents.TestVaultRoleBasedAccess" name="test_admin_can_upload" time="0.108"><error message="failed on setup with &quot;KeyError: 'access_token'&quot;">backend/tests/test_vault_documents.py:517: in admin_token
    return res.json()["access_token"]
           ^^^^^^^^^^^^^^^^^^^^^^^^^^
E   KeyError: 'access_token'</error></testcase><testcase classname="backend.tests.test_vault_documents.TestVaultRoleBasedAccess" name="test_member_can_view_and_download" time="0.000"><error message="failed on setup with &quot;KeyError: 'access_token'&quot;">backend/tests/test_vault_documents.py:511: in demo_token
    return res.json()["access_token"]
           ^^^^^^^^^^^^^^^^^^^^^^^^^^
E   KeyError: 'access_token'</error></testcase><testcase classname="backend.tests.test_vault_documents.TestVaultRoleBasedAccess" name="test_unauthorized_access_returns_401" time="0.000"><error message="failed on setup with &quot;KeyError: 'access_token'&quot;">backend/tests/test_vault_documents.py:511: in demo_token
    return res.json()["access_token"]
           ^^^^^^^^^^^^^^^^^^^^^^^^^^
E   KeyError: 'access_token'</error></testcase><testcase classname="backend.tests.test_vault_documents.TestVaultAuditTrail" name="test_audit_trail_tracks_upload" time="0.108"><error message="failed on setup with &quot;KeyError: 'access_token'&quot;">backend/tests/test_vault_documents.py:595: in admin_token
    return res.json()["access_token"]
           ^^^^^^^^^^^^^^^^^^^^^^^^^^
E   KeyError: 'access_token'</error></testcase><testcase classname="backend.tests.test_vault_documents.TestVaultAuditTrail" name="test_audit_entry_fields" time="0.000"><error message="failed on setup with &quot;KeyError: 'access_token'&quot;">backend/tests/test_vault_documents.py:595: in admin_token
    return res.json()["access_token"]
           ^^^^^^^^^^^^^^^^^^^^^^^^^^
E   KeyError: 'access_token'</error></testcase><testcase classname="backend.tests.test_vault_documents.TestVaultCleanup" name="test_cleanup_test_documents" time="0.107"><error message="failed on setup with &quot;KeyError: 'access_token'&quot;">backend/tests/test_vault_documents.py:665: in admin_token
    return res.json()["access_token"]
           ^^^^^^^^^^^^^^^^^^^^^^^^^^
E   KeyError: 'access_token'</error></testcase></testsuite></testsuites>