<?xml version="1.0" encoding="utf-8"?><testsuites name="pytest tests"><testsuite name="pytest" errors="0" failures="1" skipped="0" tests="13" time="3.437" timestamp="2026-04-23T12:37:28.020086+00:00" hostname="agent-env-3873778c-b22d-48fe-bd5a-7ceecd855eec"><testcase classname="backend.tests.test_supply_chain_custom_domain.TestEscrowTemplates" name="test_templates_endpoint_returns_three_templates" time="0.547" /><testcase classname="backend.tests.test_supply_chain_custom_domain.TestEscrowTemplates" name="test_supply_chain_template_has_six_milestones_and_parties" time="0.109" /><testcase classname="backend.tests.test_supply_chain_custom_domain.TestSupplyChainEscrowFlow" name="test_create_supply_chain_escrow" time="0.108" /><testcase classname="backend.tests.test_supply_chain_custom_domain.TestSupplyChainEscrowFlow" name="test_extract_conditions_supply_chain_fallback" time="0.113" /><testcase classname="backend.tests.test_supply_chain_custom_domain.TestEscrowFeatureGate" name="test_demo_user_blocked_by_escrow_intelligence_gate" time="0.452" /><testcase classname="backend.tests.test_supply_chain_custom_domain.TestEmailCustomDomain" name="test_email_status_custom_domain" time="0.147"><failure message="AssertionError: mode=sandbox, full: {'configured': True, 'mode': 'sandbox', 'active_sender': 'noreply@email.notarychain.app', 'default_key_set': True, 'custom_key_set': False, 'custom_sender': 'noreply@email.notarychain.app', 'custom_domain': 'email.notarychain.app', 'note': 'Sandbox mode — add RESEND_API_KEY_CUSTOM to activate email.notarychain.app'}&#10;assert 'sandbox' == 'custom_domain'&#10;  &#10;  - custom_domain&#10;  + sandbox">backend/tests/test_supply_chain_custom_domain.py:135: in test_email_status_custom_domain
    assert data.get("mode") == "custom_domain", f"mode={data.get('mode')}, full: {data}"
E   AssertionError: mode=sandbox, full: {'configured': True, 'mode': 'sandbox', 'active_sender': 'noreply@email.notarychain.app', 'default_key_set': True, 'custom_key_set': False, 'custom_sender': 'noreply@email.notarychain.app', 'custom_domain': 'email.notarychain.app', 'note': 'Sandbox mode — add RESEND_API_KEY_CUSTOM to activate email.notarychain.app'}
E   assert 'sandbox' == 'custom_domain'
E     
E     - custom_domain
E     + sandbox</failure></testcase><testcase classname="backend.tests.test_supply_chain_custom_domain.TestEmailCustomDomain" name="test_email_domain_status_verified" time="0.340" /><testcase classname="backend.tests.test_supply_chain_custom_domain.TestEmailCustomDomain" name="test_email_domain_status_admin_only" time="0.101" /><testcase classname="backend.tests.test_supply_chain_custom_domain.TestEmailCustomDomain" name="test_email_test_welcome_send" time="0.318" /><testcase classname="backend.tests.test_supply_chain_custom_domain.TestRegression" name="test_auth_login_still_works" time="0.381" /><testcase classname="backend.tests.test_supply_chain_custom_domain.TestRegression" name="test_escrow_list" time="0.147" /><testcase classname="backend.tests.test_supply_chain_custom_domain.TestRegression" name="test_subscription_status" time="0.126" /><testcase classname="backend.tests.test_supply_chain_custom_domain.TestRegression" name="test_hts_endpoints_available" time="0.458" /></testsuite></testsuites>