<?xml version="1.0" encoding="utf-8"?><testsuites name="pytest tests"><testsuite name="pytest" errors="0" failures="2" skipped="1" tests="25" time="66.659" timestamp="2026-02-15T23:50:25.051403+00:00" hostname="agent-env-a2b32c88-08de-4aef-adee-d5474e8613a8"><testcase classname="backend.tests.test_notarization_package.TestPackageCompile" name="test_compile_package_success" time="0.973" /><testcase classname="backend.tests.test_notarization_package.TestPackageCompile" name="test_compile_package_not_found" time="0.467"><failure message="AssertionError: Expected 404, got: 520&#10;assert 520 == 404&#10; +  where 520 = &lt;Response [520]&gt;.status_code">backend/tests/test_notarization_package.py:96: in test_compile_package_not_found
    assert response.status_code == 404, f"Expected 404, got: {response.status_code}"
E   AssertionError: Expected 404, got: 520
E   assert 520 == 404
E    +  where 520 = &lt;Response [520]&gt;.status_code</failure></testcase><testcase classname="backend.tests.test_notarization_package.TestPackageCompile" name="test_compile_package_unauthorized" time="0.144" /><testcase classname="backend.tests.test_notarization_package.TestPackageSeal" name="test_seal_package_already_sealed" time="0.479" /><testcase classname="backend.tests.test_notarization_package.TestPackageSeal" name="test_seal_package_not_found" time="0.414"><failure message="AssertionError: Expected 404, got: 520&#10;assert 520 == 404&#10; +  where 520 = &lt;Response [520]&gt;.status_code">backend/tests/test_notarization_package.py:153: in test_seal_package_not_found
    assert response.status_code == 404, f"Expected 404, got: {response.status_code}"
E   AssertionError: Expected 404, got: 520
E   assert 520 == 404
E    +  where 520 = &lt;Response [520]&gt;.status_code</failure></testcase><testcase classname="backend.tests.test_notarization_package.TestPackageSeal" name="test_seal_package_unauthorized" time="0.125" /><testcase classname="backend.tests.test_notarization_package.TestPackageRetrieve" name="test_get_package_success" time="0.498" /><testcase classname="backend.tests.test_notarization_package.TestPackageRetrieve" name="test_get_package_not_found" time="0.417" /><testcase classname="backend.tests.test_notarization_package.TestPackageRetrieve" name="test_get_package_unauthorized" time="0.111" /><testcase classname="backend.tests.test_notarization_package.TestPackageVerify" name="test_verify_package_success" time="0.422" /><testcase classname="backend.tests.test_notarization_package.TestPackageVerify" name="test_verify_package_not_found" time="0.410" /><testcase classname="backend.tests.test_notarization_package.TestPackageByRequest" name="test_get_package_by_request_success" time="0.387" /><testcase classname="backend.tests.test_notarization_package.TestPackageByRequest" name="test_get_package_by_request_not_sealed" time="55.851" /><testcase classname="backend.tests.test_notarization_package.TestPackageByRequest" name="test_get_package_by_request_not_found" time="0.482" /><testcase classname="backend.tests.test_notarization_package.TestNotarizationCertificate" name="test_get_certificate_success" time="0.504" /><testcase classname="backend.tests.test_notarization_package.TestNotarizationCertificate" name="test_get_certificate_not_sealed" time="0.450" /><testcase classname="backend.tests.test_notarization_package.TestCompleteNotarizationAutoSeal" name="test_complete_notarization_auto_seal_structure" time="0.643"><skipped type="pytest.skip" message="Could not fetch assigned requests">/app/backend/tests/test_notarization_package.py:506: Could not fetch assigned requests</skipped></testcase><testcase classname="backend.tests.test_notarization_package.TestPackageContentsVerification" name="test_package_contains_document_analysis" time="0.527" /><testcase classname="backend.tests.test_notarization_package.TestPackageContentsVerification" name="test_package_contains_biometric_verification" time="0.483" /><testcase classname="backend.tests.test_notarization_package.TestPackageContentsVerification" name="test_package_contains_video_sessions" time="0.527" /><testcase classname="backend.tests.test_notarization_package.TestPackageContentsVerification" name="test_package_contains_audit_trail" time="0.547" /><testcase classname="backend.tests.test_notarization_package.TestPackageContentsVerification" name="test_package_contains_blockchain_seals" time="0.392" /><testcase classname="backend.tests.test_notarization_package.TestPackageContentsVerification" name="test_package_integrity_hashes" time="0.406" /><testcase classname="backend.tests.test_notarization_package.TestPackageBlockchainRecording" name="test_sealed_package_has_blockchain_transaction" time="0.396" /><testcase classname="backend.tests.test_notarization_package.TestPackageBlockchainRecording" name="test_package_has_hcs_submission_info" time="0.462" /></testsuite></testsuites>