<?xml version="1.0" encoding="utf-8"?><testsuites name="pytest tests"><testsuite name="pytest" errors="0" failures="3" skipped="1" tests="15" time="4.300" timestamp="2026-02-27T03:49:29.029211+00:00" hostname="agent-env-5ad60858-6900-4800-8752-97c2733ba5d5"><testcase classname="tests.test_expiry_collaboration.TestDocumentExpiryAPI" name="test_set_expiry_date" time="0.656" /><testcase classname="tests.test_expiry_collaboration.TestDocumentExpiryAPI" name="test_get_expiry_status" time="0.116" /><testcase classname="tests.test_expiry_collaboration.TestDocumentExpiryAPI" name="test_expiry_dashboard" time="0.108" /><testcase classname="tests.test_expiry_collaboration.TestDocumentExpiryAPI" name="test_update_expiry_date" time="0.237" /><testcase classname="tests.test_expiry_collaboration.TestDocumentExpiryAPI" name="test_remove_expiry" time="0.241" /><testcase classname="tests.test_expiry_collaboration.TestDocumentExpiryAPI" name="test_expiry_invalid_request_id" time="0.142" /><testcase classname="tests.test_expiry_collaboration.TestDocumentExpiryAPI" name="test_set_expiry_for_dashboard" time="0.116" /><testcase classname="tests.test_expiry_collaboration.TestKnownExpiryDocument" name="test_known_expiry_document" time="0.478" /><testcase classname="tests.test_expiry_collaboration.TestDraftCollaborationSetup" name="test_list_templates" time="0.609"><failure message="assert 403 == 200&#10; +  where 403 = &lt;Response [403]&gt;.status_code">tests/test_expiry_collaboration.py:259: in test_list_templates
    assert response.status_code == 200
E   assert 403 == 200
E    +  where 403 = &lt;Response [403]&gt;.status_code</failure></testcase><testcase classname="tests.test_expiry_collaboration.TestDraftCollaborationSetup" name="test_get_or_create_draft" time="0.104"><failure message="assert 404 == 200&#10; +  where 404 = &lt;Response [404]&gt;.status_code">tests/test_expiry_collaboration.py:271: in test_get_or_create_draft
    assert response.status_code == 200
E   assert 404 == 200
E    +  where 404 = &lt;Response [404]&gt;.status_code</failure></testcase><testcase classname="tests.test_expiry_collaboration.TestDraftCollaborationSetup" name="test_share_draft" time="0.110"><skipped type="pytest.skip" message="No drafts available to share">/app/backend/tests/test_expiry_collaboration.py:305: No drafts available to share</skipped></testcase><testcase classname="tests.test_expiry_collaboration.TestDashboardSealsAPI" name="test_documents_stats" time="0.449" /><testcase classname="tests.test_expiry_collaboration.TestDashboardSealsAPI" name="test_documents_seals" time="0.117" /><testcase classname="tests.test_expiry_collaboration.TestDashboardSealsAPI" name="test_notary_requests_my" time="0.114" /><testcase classname="tests.test_expiry_collaboration.TestNotificationBellExpiry" name="test_notifications_endpoint" time="0.602"><failure message="assert 403 == 200&#10; +  where 403 = &lt;Response [403]&gt;.status_code">tests/test_expiry_collaboration.py:405: in test_notifications_endpoint
    assert response.status_code == 200
E   assert 403 == 200
E    +  where 403 = &lt;Response [403]&gt;.status_code</failure></testcase></testsuite></testsuites>