<?xml version="1.0" encoding="utf-8"?><testsuites name="pytest tests"><testsuite name="pytest" errors="0" failures="0" skipped="4" tests="16" time="5.601" timestamp="2026-02-25T03:52:01.857555+00:00" hostname="agent-env-af53be46-b928-4056-bf49-5b99728dc071"><testcase classname="tests.test_websocket_realtime.TestHealthCheck" name="test_health_endpoint_working" time="0.167" /><testcase classname="tests.test_websocket_realtime.TestAuthentication" name="test_demo_user_login" time="0.329" /><testcase classname="tests.test_websocket_realtime.TestAuthentication" name="test_notary_user_login" time="0.347" /><testcase classname="tests.test_websocket_realtime.TestAuthentication" name="test_admin_user_login" time="0.367" /><testcase classname="tests.test_websocket_realtime.TestWebSocketAuth" name="test_ws_connect_and_auth_success" time="0.574" /><testcase classname="tests.test_websocket_realtime.TestWebSocketAuth" name="test_ws_invalid_token_rejection" time="0.235" /><testcase classname="tests.test_websocket_realtime.TestWebSocketAuth" name="test_ws_no_auth_message_rejection" time="0.208" /><testcase classname="tests.test_websocket_realtime.TestWebSocketPingPong" name="test_ping_pong_keepalive" time="0.567" /><testcase classname="tests.test_websocket_realtime.TestWebSocketPingPong" name="test_multiple_pings" time="0.625" /><testcase classname="tests.test_websocket_realtime.TestNotificationService" name="test_notification_api_working" time="0.679" /><testcase classname="tests.test_websocket_realtime.TestNotaryQueueBroadcast" name="test_notary_pending_requests_api" time="0.513" /><testcase classname="tests.test_websocket_realtime.TestNotaryQueueBroadcast" name="test_user_my_requests_api" time="0.462" /><testcase classname="tests.test_websocket_realtime.TestDashboardEndpoints" name="test_dashboard_stats_endpoint" time="0.130"><skipped type="pytest.skip" message="Could not get demo user token">/app/backend/tests/test_websocket_realtime.py:286: Could not get demo user token</skipped></testcase><testcase classname="tests.test_websocket_realtime.TestDashboardEndpoints" name="test_admin_stats_endpoint" time="0.113"><skipped type="pytest.skip" message="Could not get admin user token">/app/backend/tests/test_websocket_realtime.py:299: Could not get admin user token</skipped></testcase><testcase classname="tests.test_websocket_realtime.TestBroadcastEventIntegration" name="test_ws_receives_events_structure" time="0.108"><skipped type="pytest.skip" message="Could not get demo user token">/app/backend/tests/test_websocket_realtime.py:318: Could not get demo user token</skipped></testcase><testcase classname="tests.test_websocket_realtime.TestWebSocketMultipleConnections" name="test_multiple_tabs_same_user" time="0.118"><skipped type="pytest.skip" message="Could not get demo user token">/app/backend/tests/test_websocket_realtime.py:345: Could not get demo user token</skipped></testcase></testsuite></testsuites>