<?xml version="1.0" encoding="utf-8"?><testsuites name="pytest tests"><testsuite name="pytest" errors="1" failures="1" skipped="1" tests="12" time="161.973" timestamp="2026-02-27T22:49:10.429469+00:00" hostname="agent-env-bba74eb0-2e48-4427-ba6c-d4f1b51facf6"><testcase classname="tests.test_websocket_timeline.TestWebSocketTimelineAuth" name="test_ws_endpoint_exists" time="0.432" /><testcase classname="tests.test_websocket_timeline.TestWebSocketTimelineAuth" name="test_ws_auth_success" time="0.633" /><testcase classname="tests.test_websocket_timeline.TestWebSocketTimelineAuth" name="test_ws_auth_invalid_token" time="0.584" /><testcase classname="tests.test_websocket_timeline.TestWebSocketTimelineAuth" name="test_ws_auth_no_auth_message" time="0.547" /><testcase classname="tests.test_websocket_timeline.TestWebSocketTimelineAuth" name="test_ws_ping_pong" time="0.576" /><testcase classname="tests.test_websocket_timeline.TestWebSocketNonParticipant" name="test_ws_non_participant_rejected" time="0.478"><skipped type="pytest.skip" message="Could not create test user for non-participant test">/app/backend/tests/test_websocket_timeline.py:206: Could not create test user for non-participant test</skipped></testcase><testcase classname="tests.test_websocket_timeline.TestHistoricalTimelineAPI" name="test_get_timeline_returns_events" time="0.474" /><testcase classname="tests.test_websocket_timeline.TestHistoricalTimelineAPI" name="test_timeline_events_have_required_fields" time="0.487" /><testcase classname="tests.test_websocket_timeline.TestHistoricalTimelineAPI" name="test_timeline_non_participant_returns_403" time="0.468" /><testcase classname="tests.test_websocket_timeline.TestTimelineEventEmission" name="test_create_transaction_for_emission_test" time="60.490"><failure message="AssertionError: Failed to create transaction: 502&#10;assert 502 in [200, 201]&#10; +  where 502 = &lt;Response [502]&gt;.status_code">tests/test_websocket_timeline.py:361: in test_create_transaction_for_emission_test
    assert response.status_code in [200, 201], f"Failed to create transaction: {response.status_code}"
E   AssertionError: Failed to create transaction: 502
E   assert 502 in [200, 201]
E    +  where 502 = &lt;Response [502]&gt;.status_code</failure></testcase><testcase classname="tests.test_websocket_timeline.TestTimelineEventEmission" name="test_participant_added_emits_timeline_event" time="60.125"><error message="failed on setup with &quot;assert 502 == 200&#10; +  where 502 = &lt;Response [502]&gt;.status_code&quot;">tests/test_websocket_timeline.py:328: in setup
    assert response.status_code == 200
E   assert 502 == 200
E    +  where 502 = &lt;Response [502]&gt;.status_code</error></testcase><testcase classname="tests.test_websocket_timeline.TestMultipleViewers" name="test_multiple_ws_connections" time="36.551" /></testsuite></testsuites>