<?xml version="1.0" encoding="utf-8"?><testsuites name="pytest tests"><testsuite name="pytest" errors="0" failures="0" skipped="0" tests="18" time="3.412" timestamp="2026-02-25T13:34:15.404253+00:00" hostname="agent-env-160b13ce-9784-464a-8f09-7bf4e12e031c"><testcase classname="backend.tests.test_template_library.TestTemplateList" name="test_list_all_templates" time="0.671" /><testcase classname="backend.tests.test_template_library.TestTemplateList" name="test_template_structure" time="0.140" /><testcase classname="backend.tests.test_template_library.TestTemplateFiltering" name="test_filter_by_business_category" time="0.122" /><testcase classname="backend.tests.test_template_library.TestTemplateFiltering" name="test_filter_by_real_estate_category" time="0.105" /><testcase classname="backend.tests.test_template_library.TestTemplateFiltering" name="test_filter_by_legal_category" time="0.120" /><testcase classname="backend.tests.test_template_library.TestTemplateFiltering" name="test_filter_by_estate_category" time="0.567" /><testcase classname="backend.tests.test_template_library.TestTemplateFiltering" name="test_search_by_lease" time="0.165" /><testcase classname="backend.tests.test_template_library.TestTemplateFiltering" name="test_search_by_nda" time="0.130" /><testcase classname="backend.tests.test_template_library.TestTemplateFiltering" name="test_search_no_results" time="0.113" /><testcase classname="backend.tests.test_template_library.TestTemplateById" name="test_get_nda_template" time="0.174" /><testcase classname="backend.tests.test_template_library.TestTemplateById" name="test_get_power_of_attorney_template" time="0.126" /><testcase classname="backend.tests.test_template_library.TestTemplateById" name="test_get_nonexistent_template" time="0.111" /><testcase classname="backend.tests.test_template_library.TestTemplatePreview" name="test_preview_nda_template" time="0.112" /><testcase classname="backend.tests.test_template_library.TestTemplatePreview" name="test_preview_affidavit_template" time="0.142" /><testcase classname="backend.tests.test_template_library.TestTemplatePreview" name="test_preview_nonexistent_template" time="0.112" /><testcase classname="backend.tests.test_template_library.TestTemplateAuthRequired" name="test_list_templates_no_auth" time="0.126" /><testcase classname="backend.tests.test_template_library.TestTemplateAuthRequired" name="test_get_template_no_auth" time="0.183" /><testcase classname="backend.tests.test_template_library.TestTemplateAuthRequired" name="test_preview_template_no_auth" time="0.107" /></testsuite></testsuites>