<?xml version="1.0" encoding="utf-8"?><testsuites name="pytest tests"><testsuite name="pytest" errors="0" failures="2" skipped="0" tests="22" time="8.804" timestamp="2026-02-15T21:05:36.093712+00:00" hostname="agent-env-66661626-586b-4ca0-a990-299806e3fcd9"><testcase classname="backend.tests.test_crypto_payments.TestCryptoPublicEndpoints" name="test_get_supported_cryptos" time="0.243" /><testcase classname="backend.tests.test_crypto_payments.TestCryptoPublicEndpoints" name="test_get_crypto_prices" time="0.292" /><testcase classname="backend.tests.test_crypto_payments.TestCryptoPublicEndpoints" name="test_convert_usd_to_bitcoin" time="0.125" /><testcase classname="backend.tests.test_crypto_payments.TestCryptoPublicEndpoints" name="test_convert_usd_to_ethereum" time="0.123" /><testcase classname="backend.tests.test_crypto_payments.TestCryptoPublicEndpoints" name="test_convert_usd_to_usdc" time="0.154" /><testcase classname="backend.tests.test_crypto_payments.TestCryptoPublicEndpoints" name="test_convert_usd_to_usdt" time="0.111" /><testcase classname="backend.tests.test_crypto_payments.TestCryptoPublicEndpoints" name="test_convert_invalid_crypto" time="0.194" /><testcase classname="backend.tests.test_crypto_payments.TestCryptoPublicEndpoints" name="test_convert_invalid_amount" time="0.131" /><testcase classname="backend.tests.test_crypto_payments.TestCryptoPublicEndpoints" name="test_get_packages_with_crypto_pricing" time="0.104" /><testcase classname="backend.tests.test_crypto_payments.TestCryptoAuthenticatedEndpoints" name="test_create_bitcoin_payment" time="0.476" /><testcase classname="backend.tests.test_crypto_payments.TestCryptoAuthenticatedEndpoints" name="test_create_ethereum_payment" time="0.474" /><testcase classname="backend.tests.test_crypto_payments.TestCryptoAuthenticatedEndpoints" name="test_create_usdc_payment" time="0.466" /><testcase classname="backend.tests.test_crypto_payments.TestCryptoAuthenticatedEndpoints" name="test_create_usdt_payment" time="0.469" /><testcase classname="backend.tests.test_crypto_payments.TestCryptoAuthenticatedEndpoints" name="test_create_payment_invalid_package" time="0.507" /><testcase classname="backend.tests.test_crypto_payments.TestCryptoAuthenticatedEndpoints" name="test_create_payment_invalid_crypto" time="0.532" /><testcase classname="backend.tests.test_crypto_payments.TestCryptoAuthenticatedEndpoints" name="test_create_payment_no_auth" time="0.634"><failure message="assert 403 == 401&#10; +  where 403 = &lt;Response [403]&gt;.status_code">backend/tests/test_crypto_payments.py:316: in test_create_payment_no_auth
    assert response.status_code == 401
E   assert 403 == 401
E    +  where 403 = &lt;Response [403]&gt;.status_code</failure></testcase><testcase classname="backend.tests.test_crypto_payments.TestCryptoAuthenticatedEndpoints" name="test_payment_status_and_simulate_confirm" time="0.959" /><testcase classname="backend.tests.test_crypto_payments.TestCryptoAuthenticatedEndpoints" name="test_payment_status_not_found" time="0.490" /><testcase classname="backend.tests.test_crypto_payments.TestCryptoAuthenticatedEndpoints" name="test_simulate_confirm_not_found" time="0.466" /><testcase classname="backend.tests.test_crypto_payments.TestCryptoAuthenticatedEndpoints" name="test_get_payment_history" time="0.543" /><testcase classname="backend.tests.test_crypto_payments.TestCryptoAuthenticatedEndpoints" name="test_payment_history_no_auth" time="0.490"><failure message="assert 403 == 401&#10; +  where 403 = &lt;Response [403]&gt;.status_code">backend/tests/test_crypto_payments.py:418: in test_payment_history_no_auth
    assert response.status_code == 401
E   assert 403 == 401
E    +  where 403 = &lt;Response [403]&gt;.status_code</failure></testcase><testcase classname="backend.tests.test_crypto_payments.TestCryptoAuthenticatedEndpoints" name="test_already_confirmed_payment_resimulate" time="0.699" /></testsuite></testsuites>