<?xml version="1.0" encoding="utf-8"?><testsuites name="pytest tests"><testsuite name="pytest" errors="0" failures="1" skipped="0" tests="16" time="67.908" timestamp="2026-03-31T23:45:32.747753+00:00" hostname="agent-env-b3dadecf-c22e-4b8c-995a-690ff6afdc8f"><testcase classname="backend.tests.test_escrow_trust_gaps.TestEscrowCreate" name="test_create_escrow_success" time="0.674" /><testcase classname="backend.tests.test_escrow_trust_gaps.TestEscrowCreate" name="test_create_escrow_requires_auth" time="0.149" /><testcase classname="backend.tests.test_escrow_trust_gaps.TestExtractConditions" name="test_extract_conditions_demo_mode" time="0.252" /><testcase classname="backend.tests.test_escrow_trust_gaps.TestExtractConditions" name="test_extract_conditions_not_found" time="0.129" /><testcase classname="backend.tests.test_escrow_trust_gaps.TestDeposit" name="test_deposit_funds" time="0.393" /><testcase classname="backend.tests.test_escrow_trust_gaps.TestVerifyCondition" name="test_verify_condition_party_confirmation" time="0.282" /><testcase classname="backend.tests.test_escrow_trust_gaps.TestOracleVerify" name="test_oracle_verify_oracle_condition" time="0.569" /><testcase classname="backend.tests.test_escrow_trust_gaps.TestOracleVerify" name="test_oracle_verify_party_confirmation_returns_400" time="0.469" /><testcase classname="backend.tests.test_escrow_trust_gaps.TestBiometricGate" name="test_biometric_gate_requires_selfie" time="0.107" /><testcase classname="backend.tests.test_escrow_trust_gaps.TestBiometricGate" name="test_biometric_gate_with_selfie" time="0.129" /><testcase classname="backend.tests.test_escrow_trust_gaps.TestSettle" name="test_settle_escrow" time="61.272"><failure message="AssertionError: Expected 200, got 502: The preview environment is not responding. It may be starting up.&#10;  &#10;assert 502 == 200&#10; +  where 502 = &lt;Response [502]&gt;.status_code">backend/tests/test_escrow_trust_gaps.py:469: in test_settle_escrow
    assert response.status_code == 200, f"Expected 200, got {response.status_code}: {response.text}"
E   AssertionError: Expected 200, got 502: The preview environment is not responding. It may be starting up.
E     
E   assert 502 == 200
E    +  where 502 = &lt;Response [502]&gt;.status_code</failure></testcase><testcase classname="backend.tests.test_escrow_trust_gaps.TestEscrowList" name="test_list_escrows" time="2.695" /><testcase classname="backend.tests.test_escrow_trust_gaps.TestEscrowList" name="test_list_escrows_requires_auth" time="0.125" /><testcase classname="backend.tests.test_escrow_trust_gaps.TestEscrowGet" name="test_get_escrow_full_details" time="0.121" /><testcase classname="backend.tests.test_escrow_trust_gaps.TestEscrowGet" name="test_get_escrow_not_found" time="0.163" /><testcase classname="backend.tests.test_escrow_trust_gaps.TestConditionFields" name="test_condition_structure" time="0.255" /></testsuite></testsuites>