<?xml version="1.0" encoding="utf-8"?><testsuites name="pytest tests"><testsuite name="pytest" errors="0" failures="1" skipped="0" tests="14" time="2.546" timestamp="2026-02-27T22:39:43.911153+00:00" hostname="agent-env-bba74eb0-2e48-4427-ba6c-d4f1b51facf6"><testcase classname="backend.tests.test_timeline_feature.TestTimelineAPIEndpoint" name="test_timeline_returns_events_for_valid_transaction" time="0.545" /><testcase classname="backend.tests.test_timeline_feature.TestTimelineAPIEndpoint" name="test_timeline_events_have_required_fields" time="0.123" /><testcase classname="backend.tests.test_timeline_feature.TestTimelineAPIEndpoint" name="test_timeline_events_categories_are_valid" time="0.129" /><testcase classname="backend.tests.test_timeline_feature.TestTimelineAPIEndpoint" name="test_timeline_events_severity_are_valid" time="0.116" /><testcase classname="backend.tests.test_timeline_feature.TestTimelineAPIEndpoint" name="test_timeline_events_sorted_by_timestamp" time="0.125" /><testcase classname="backend.tests.test_timeline_feature.TestTimelineAPIEndpoint" name="test_timeline_events_have_sequence_numbers" time="0.120" /><testcase classname="backend.tests.test_timeline_feature.TestTimelineAPIEndpoint" name="test_timeline_includes_transaction_created_event" time="0.136" /><testcase classname="backend.tests.test_timeline_feature.TestTimelineAPIEndpoint" name="test_timeline_includes_participant_joined_event" time="0.135" /><testcase classname="backend.tests.test_timeline_feature.TestTimelineAccessControl" name="test_timeline_returns_403_for_non_participant" time="0.432" /><testcase classname="backend.tests.test_timeline_feature.TestTimelineAccessControl" name="test_timeline_returns_401_without_auth" time="0.115"><failure message="AssertionError: Expected 401, got 403&#10;assert 403 == 401&#10; +  where 403 = &lt;Response [403]&gt;.status_code">backend/tests/test_timeline_feature.py:253: in test_timeline_returns_401_without_auth
    assert response.status_code == 401, f"Expected 401, got {response.status_code}"
E   AssertionError: Expected 401, got 403
E   assert 403 == 401
E    +  where 403 = &lt;Response [403]&gt;.status_code</failure></testcase><testcase classname="backend.tests.test_timeline_feature.TestTimelineNotFoundHandling" name="test_timeline_returns_404_for_nonexistent_transaction" time="0.111" /><testcase classname="backend.tests.test_timeline_feature.TestTimelineNotFoundHandling" name="test_timeline_returns_404_for_invalid_uuid_format" time="0.132" /><testcase classname="backend.tests.test_timeline_feature.TestTimelineCategoriesAggregate" name="test_timeline_returns_categories_list" time="0.114" /><testcase classname="backend.tests.test_timeline_feature.TestTimelineCategoriesAggregate" name="test_timeline_total_events_matches_events_length" time="0.122" /></testsuite></testsuites>