<?xml version="1.0" encoding="utf-8"?><testsuites name="pytest tests"><testsuite name="pytest" errors="0" failures="0" skipped="1" tests="25" time="51.302" timestamp="2026-02-15T23:52:09.844728+00:00" hostname="agent-env-a2b32c88-08de-4aef-adee-d5474e8613a8"><testcase classname="backend.tests.test_notarization_package.TestPackageCompile" name="test_compile_package_success" time="0.522" /><testcase classname="backend.tests.test_notarization_package.TestPackageCompile" name="test_compile_package_not_found" time="0.428" /><testcase classname="backend.tests.test_notarization_package.TestPackageCompile" name="test_compile_package_unauthorized" time="0.225" /><testcase classname="backend.tests.test_notarization_package.TestPackageSeal" name="test_seal_package_already_sealed" time="0.438" /><testcase classname="backend.tests.test_notarization_package.TestPackageSeal" name="test_seal_package_not_found" time="0.432" /><testcase classname="backend.tests.test_notarization_package.TestPackageSeal" name="test_seal_package_unauthorized" time="0.150" /><testcase classname="backend.tests.test_notarization_package.TestPackageRetrieve" name="test_get_package_success" time="0.398" /><testcase classname="backend.tests.test_notarization_package.TestPackageRetrieve" name="test_get_package_not_found" time="0.420" /><testcase classname="backend.tests.test_notarization_package.TestPackageRetrieve" name="test_get_package_unauthorized" time="0.123" /><testcase classname="backend.tests.test_notarization_package.TestPackageVerify" name="test_verify_package_success" time="0.462" /><testcase classname="backend.tests.test_notarization_package.TestPackageVerify" name="test_verify_package_not_found" time="0.432" /><testcase classname="backend.tests.test_notarization_package.TestPackageByRequest" name="test_get_package_by_request_success" time="0.458" /><testcase classname="backend.tests.test_notarization_package.TestPackageByRequest" name="test_get_package_by_request_not_sealed" time="41.331" /><testcase classname="backend.tests.test_notarization_package.TestPackageByRequest" name="test_get_package_by_request_not_found" time="0.485" /><testcase classname="backend.tests.test_notarization_package.TestNotarizationCertificate" name="test_get_certificate_success" time="0.397" /><testcase classname="backend.tests.test_notarization_package.TestNotarizationCertificate" name="test_get_certificate_not_sealed" time="0.405" /><testcase classname="backend.tests.test_notarization_package.TestCompleteNotarizationAutoSeal" name="test_complete_notarization_auto_seal_structure" time="0.399"><skipped type="pytest.skip" message="Could not fetch assigned requests">/app/backend/tests/test_notarization_package.py:506: Could not fetch assigned requests</skipped></testcase><testcase classname="backend.tests.test_notarization_package.TestPackageContentsVerification" name="test_package_contains_document_analysis" time="0.432" /><testcase classname="backend.tests.test_notarization_package.TestPackageContentsVerification" name="test_package_contains_biometric_verification" time="0.405" /><testcase classname="backend.tests.test_notarization_package.TestPackageContentsVerification" name="test_package_contains_video_sessions" time="0.665" /><testcase classname="backend.tests.test_notarization_package.TestPackageContentsVerification" name="test_package_contains_audit_trail" time="0.441" /><testcase classname="backend.tests.test_notarization_package.TestPackageContentsVerification" name="test_package_contains_blockchain_seals" time="0.445" /><testcase classname="backend.tests.test_notarization_package.TestPackageContentsVerification" name="test_package_integrity_hashes" time="0.462" /><testcase classname="backend.tests.test_notarization_package.TestPackageBlockchainRecording" name="test_sealed_package_has_blockchain_transaction" time="0.455" /><testcase classname="backend.tests.test_notarization_package.TestPackageBlockchainRecording" name="test_package_has_hcs_submission_info" time="0.429" /></testsuite></testsuites>