<?xml version="1.0" encoding="utf-8"?><testsuites name="pytest tests"><testsuite name="pytest" errors="0" failures="0" skipped="0" tests="22" time="3.744" timestamp="2026-04-06T23:27:18.498190+00:00" hostname="agent-env-86830043-e7b6-4219-8c65-0870fddb4d7b"><testcase classname="backend.tests.test_hts_pwa.TestHTSAuth" name="test_tokenize_requires_auth" time="0.296" /><testcase classname="backend.tests.test_hts_pwa.TestHTSAuth" name="test_transfer_requires_auth" time="0.156" /><testcase classname="backend.tests.test_hts_pwa.TestHTSAuth" name="test_burn_requires_auth" time="0.126" /><testcase classname="backend.tests.test_hts_pwa.TestHTSAuth" name="test_token_info_requires_auth" time="0.121" /><testcase classname="backend.tests.test_hts_pwa.TestHTSAuth" name="test_tokens_list_requires_auth" time="0.147" /><testcase classname="backend.tests.test_hts_pwa.TestHTSAuth" name="test_verify_requires_auth" time="0.134" /><testcase classname="backend.tests.test_hts_pwa.TestHTSTokenize" name="test_tokenize_already_tokenized_escrow" time="0.509" /><testcase classname="backend.tests.test_hts_pwa.TestHTSTokenize" name="test_tokenize_nonexistent_escrow" time="0.103" /><testcase classname="backend.tests.test_hts_pwa.TestHTSTokenInfo" name="test_get_token_info" time="0.104" /><testcase classname="backend.tests.test_hts_pwa.TestHTSTokenInfo" name="test_get_token_info_not_found" time="0.123" /><testcase classname="backend.tests.test_hts_pwa.TestHTSTokenInfo" name="test_list_tokens" time="0.230" /><testcase classname="backend.tests.test_hts_pwa.TestHTSVerify" name="test_verify_token_on_chain" time="0.200" /><testcase classname="backend.tests.test_hts_pwa.TestHTSTransfer" name="test_transfer_insufficient_supply" time="0.303" /><testcase classname="backend.tests.test_hts_pwa.TestHTSTransfer" name="test_transfer_nonexistent_token" time="0.122" /><testcase classname="backend.tests.test_hts_pwa.TestHTSBurn" name="test_burn_nonexistent_token" time="0.127" /><testcase classname="backend.tests.test_hts_pwa.TestPWAManifest" name="test_manifest_accessible" time="0.103" /><testcase classname="backend.tests.test_hts_pwa.TestPWAManifest" name="test_manifest_icons_defined" time="0.115" /><testcase classname="backend.tests.test_hts_pwa.TestPWAServiceWorker" name="test_service_worker_accessible" time="0.104" /><testcase classname="backend.tests.test_hts_pwa.TestPWAIcons" name="test_icon_192_accessible" time="0.121" /><testcase classname="backend.tests.test_hts_pwa.TestPWAIcons" name="test_icon_512_accessible" time="0.121" /><testcase classname="backend.tests.test_hts_pwa.TestPWAIndexHTML" name="test_index_has_pwa_meta_tags" time="0.121" /><testcase classname="backend.tests.test_hts_pwa.TestEscrowList" name="test_escrow_list_accessible" time="0.171" /></testsuite></testsuites>