<?xml version="1.0" encoding="utf-8"?><testsuites name="pytest tests"><testsuite name="pytest" errors="0" failures="0" skipped="5" tests="22" time="5.867" timestamp="2026-02-25T04:23:18.024456+00:00" hostname="agent-env-af53be46-b928-4056-bf49-5b99728dc071"><testcase classname="backend.tests.test_ron_compliance.TestRONPublicEndpoints" name="test_get_all_states_returns_51_jurisdictions" time="0.145" /><testcase classname="backend.tests.test_ron_compliance.TestRONPublicEndpoints" name="test_get_florida_full_ron_rules" time="0.100" /><testcase classname="backend.tests.test_ron_compliance.TestRONPublicEndpoints" name="test_get_south_carolina_prohibited_state" time="0.114" /><testcase classname="backend.tests.test_ron_compliance.TestRONPublicEndpoints" name="test_get_california_limited_ron_state" time="0.115" /><testcase classname="backend.tests.test_ron_compliance.TestRONPublicEndpoints" name="test_get_new_york_biometric_required" time="0.107" /><testcase classname="backend.tests.test_ron_compliance.TestRONPublicEndpoints" name="test_get_louisiana_witness_required" time="0.109" /><testcase classname="backend.tests.test_ron_compliance.TestRONPublicEndpoints" name="test_get_unknown_state_returns_404" time="0.117" /><testcase classname="backend.tests.test_ron_compliance.TestRONPublicEndpoints" name="test_get_compliance_stats" time="0.111" /><testcase classname="backend.tests.test_ron_compliance.TestRONValidationEndpoint" name="test_validate_florida_affidavit_compliant" time="0.436" /><testcase classname="backend.tests.test_ron_compliance.TestRONValidationEndpoint" name="test_validate_south_carolina_fails_prohibited" time="0.438" /><testcase classname="backend.tests.test_ron_compliance.TestRONValidationEndpoint" name="test_validate_california_real_estate_fails_restricted" time="0.462" /><testcase classname="backend.tests.test_ron_compliance.TestRONValidationEndpoint" name="test_validate_california_affidavit_passes_with_warnings" time="0.439" /><testcase classname="backend.tests.test_ron_compliance.TestRONValidationEndpoint" name="test_validate_new_york_shows_biometric_warning" time="0.455" /><testcase classname="backend.tests.test_ron_compliance.TestRONValidationEndpoint" name="test_validate_too_many_signers_fails" time="0.439" /><testcase classname="backend.tests.test_ron_compliance.TestRONValidationEndpoint" name="test_validate_unknown_state_returns_compliant_false" time="0.462" /><testcase classname="backend.tests.test_ron_compliance.TestRONValidationEndpoint" name="test_validate_requires_authentication" time="0.503" /><testcase classname="backend.tests.test_ron_compliance.TestRONAdminEndpoints" name="test_admin_get_violations" time="0.625" /><testcase classname="backend.tests.test_ron_compliance.TestRONAdminEndpoints" name="test_admin_get_activity" time="0.142"><skipped type="pytest.skip" message="Admin login failed: 429">/app/backend/tests/test_ron_compliance.py:353: Admin login failed: 429</skipped></testcase><testcase classname="backend.tests.test_ron_compliance.TestRONAdminEndpoints" name="test_non_admin_violations_returns_403" time="0.131"><skipped type="pytest.skip" message="Admin login failed: 429">/app/backend/tests/test_ron_compliance.py:373: Admin login failed: 429</skipped></testcase><testcase classname="backend.tests.test_ron_compliance.TestRONAdminEndpoints" name="test_non_admin_activity_returns_403" time="0.118"><skipped type="pytest.skip" message="Admin login failed: 429">/app/backend/tests/test_ron_compliance.py:382: Admin login failed: 429</skipped></testcase><testcase classname="backend.tests.test_ron_compliance.TestRONValidationLogging" name="test_validation_is_logged_to_activity" time="0.125"><skipped type="pytest.skip" message="Admin login failed">/app/backend/tests/test_ron_compliance.py:420: Admin login failed</skipped></testcase><testcase classname="backend.tests.test_ron_compliance.TestRONValidationLogging" name="test_failed_validation_appears_in_violations" time="0.111"><skipped type="pytest.skip" message="Admin login failed">/app/backend/tests/test_ron_compliance.py:458: Admin login failed</skipped></testcase></testsuite></testsuites>