<?xml version="1.0" encoding="utf-8"?><testsuites name="pytest tests"><testsuite name="pytest" errors="0" failures="0" skipped="0" tests="22" time="9.689" timestamp="2026-02-15T21:05:56.641993+00:00" hostname="agent-env-66661626-586b-4ca0-a990-299806e3fcd9"><testcase classname="backend.tests.test_crypto_payments.TestCryptoPublicEndpoints" name="test_get_supported_cryptos" time="0.145" /><testcase classname="backend.tests.test_crypto_payments.TestCryptoPublicEndpoints" name="test_get_crypto_prices" time="0.205" /><testcase classname="backend.tests.test_crypto_payments.TestCryptoPublicEndpoints" name="test_convert_usd_to_bitcoin" time="0.129" /><testcase classname="backend.tests.test_crypto_payments.TestCryptoPublicEndpoints" name="test_convert_usd_to_ethereum" time="0.110" /><testcase classname="backend.tests.test_crypto_payments.TestCryptoPublicEndpoints" name="test_convert_usd_to_usdc" time="0.124" /><testcase classname="backend.tests.test_crypto_payments.TestCryptoPublicEndpoints" name="test_convert_usd_to_usdt" time="0.209" /><testcase classname="backend.tests.test_crypto_payments.TestCryptoPublicEndpoints" name="test_convert_invalid_crypto" time="0.110" /><testcase classname="backend.tests.test_crypto_payments.TestCryptoPublicEndpoints" name="test_convert_invalid_amount" time="0.121" /><testcase classname="backend.tests.test_crypto_payments.TestCryptoPublicEndpoints" name="test_get_packages_with_crypto_pricing" time="0.103" /><testcase classname="backend.tests.test_crypto_payments.TestCryptoAuthenticatedEndpoints" name="test_create_bitcoin_payment" time="0.527" /><testcase classname="backend.tests.test_crypto_payments.TestCryptoAuthenticatedEndpoints" name="test_create_ethereum_payment" time="0.446" /><testcase classname="backend.tests.test_crypto_payments.TestCryptoAuthenticatedEndpoints" name="test_create_usdc_payment" time="0.475" /><testcase classname="backend.tests.test_crypto_payments.TestCryptoAuthenticatedEndpoints" name="test_create_usdt_payment" time="0.487" /><testcase classname="backend.tests.test_crypto_payments.TestCryptoAuthenticatedEndpoints" name="test_create_payment_invalid_package" time="1.168" /><testcase classname="backend.tests.test_crypto_payments.TestCryptoAuthenticatedEndpoints" name="test_create_payment_invalid_crypto" time="0.757" /><testcase classname="backend.tests.test_crypto_payments.TestCryptoAuthenticatedEndpoints" name="test_create_payment_no_auth" time="0.531" /><testcase classname="backend.tests.test_crypto_payments.TestCryptoAuthenticatedEndpoints" name="test_payment_status_and_simulate_confirm" time="0.934" /><testcase classname="backend.tests.test_crypto_payments.TestCryptoAuthenticatedEndpoints" name="test_payment_status_not_found" time="0.565" /><testcase classname="backend.tests.test_crypto_payments.TestCryptoAuthenticatedEndpoints" name="test_simulate_confirm_not_found" time="0.431" /><testcase classname="backend.tests.test_crypto_payments.TestCryptoAuthenticatedEndpoints" name="test_get_payment_history" time="0.610" /><testcase classname="backend.tests.test_crypto_payments.TestCryptoAuthenticatedEndpoints" name="test_payment_history_no_auth" time="0.458" /><testcase classname="backend.tests.test_crypto_payments.TestCryptoAuthenticatedEndpoints" name="test_already_confirmed_payment_resimulate" time="0.935" /></testsuite></testsuites>