<?xml version="1.0" encoding="utf-8"?><testsuites name="pytest tests"><testsuite name="pytest" errors="0" failures="0" skipped="0" tests="15" time="4.003" timestamp="2026-02-27T03:51:24.538093+00:00" hostname="agent-env-5ad60858-6900-4800-8752-97c2733ba5d5"><testcase classname="tests.test_expiry_collaboration.TestDocumentExpiryAPI" name="test_set_expiry_date" time="0.697" /><testcase classname="tests.test_expiry_collaboration.TestDocumentExpiryAPI" name="test_get_expiry_status" time="0.112" /><testcase classname="tests.test_expiry_collaboration.TestDocumentExpiryAPI" name="test_expiry_dashboard" time="0.121" /><testcase classname="tests.test_expiry_collaboration.TestDocumentExpiryAPI" name="test_update_expiry_date" time="0.243" /><testcase classname="tests.test_expiry_collaboration.TestDocumentExpiryAPI" name="test_remove_expiry" time="0.221" /><testcase classname="tests.test_expiry_collaboration.TestDocumentExpiryAPI" name="test_expiry_invalid_request_id" time="0.159" /><testcase classname="tests.test_expiry_collaboration.TestDocumentExpiryAPI" name="test_set_expiry_for_dashboard" time="0.114" /><testcase classname="tests.test_expiry_collaboration.TestKnownExpiryDocument" name="test_known_expiry_document" time="0.452" /><testcase classname="tests.test_expiry_collaboration.TestDraftCollaborationSetup" name="test_list_templates" time="0.456" /><testcase classname="tests.test_expiry_collaboration.TestDraftCollaborationSetup" name="test_get_or_create_draft" time="0.109" /><testcase classname="tests.test_expiry_collaboration.TestDraftCollaborationSetup" name="test_share_draft" time="0.104" /><testcase classname="tests.test_expiry_collaboration.TestDashboardSealsAPI" name="test_documents_stats" time="0.445" /><testcase classname="tests.test_expiry_collaboration.TestDashboardSealsAPI" name="test_documents_seals" time="0.128" /><testcase classname="tests.test_expiry_collaboration.TestDashboardSealsAPI" name="test_notary_requests_my" time="0.128" /><testcase classname="tests.test_expiry_collaboration.TestNotificationBellExpiry" name="test_notifications_endpoint" time="0.444" /></testsuite></testsuites>