<?xml version="1.0" encoding="utf-8"?><testsuites name="pytest tests"><testsuite name="pytest" errors="0" failures="1" skipped="0" tests="23" time="9.797" timestamp="2026-02-25T22:27:57.512485+00:00" hostname="agent-env-160b13ce-9784-464a-8f09-7bf4e12e031c"><testcase classname="tests.test_organization_enterprise.TestOrganizationCRUD" name="test_create_organization" time="0.749" /><testcase classname="tests.test_organization_enterprise.TestOrganizationCRUD" name="test_list_organizations" time="0.188" /><testcase classname="tests.test_organization_enterprise.TestOrganizationCRUD" name="test_get_organization_detail" time="0.175" /><testcase classname="tests.test_organization_enterprise.TestOrganizationCRUD" name="test_update_organization" time="0.153" /><testcase classname="tests.test_organization_enterprise.TestOrganizationCRUD" name="test_get_org_not_member_403" time="1.236" /><testcase classname="tests.test_organization_enterprise.TestMemberManagement" name="test_list_members" time="0.312" /><testcase classname="tests.test_organization_enterprise.TestMemberManagement" name="test_invite_member" time="0.141" /><testcase classname="tests.test_organization_enterprise.TestMemberManagement" name="test_list_pending_invites" time="0.146" /><testcase classname="tests.test_organization_enterprise.TestMemberManagement" name="test_get_my_invites" time="0.199" /><testcase classname="tests.test_organization_enterprise.TestMemberManagement" name="test_accept_invite" time="0.224" /><testcase classname="tests.test_organization_enterprise.TestMemberManagement" name="test_update_member_role" time="0.611" /><testcase classname="tests.test_organization_enterprise.TestMemberManagement" name="test_remove_member" time="0.565" /><testcase classname="tests.test_organization_enterprise.TestInviteOperations" name="test_cancel_invite" time="0.573" /><testcase classname="tests.test_organization_enterprise.TestInviteOperations" name="test_invite_duplicate_email_400" time="0.481" /><testcase classname="tests.test_organization_enterprise.TestSSOConfiguration" name="test_get_sso_config" time="0.306" /><testcase classname="tests.test_organization_enterprise.TestSSOConfiguration" name="test_update_sso_config_oidc" time="0.298"><failure message="AssertionError: assert '12345' in '***2345'">tests/test_organization_enterprise.py:565: in test_update_sso_config_oidc
    assert "12345" in data["sso_config"]["sso_client_secret"]
E   AssertionError: assert '12345' in '***2345'</failure></testcase><testcase classname="tests.test_organization_enterprise.TestSSOConfiguration" name="test_update_sso_config_saml" time="0.291" /><testcase classname="tests.test_organization_enterprise.TestSSOConfiguration" name="test_disable_sso" time="0.427" /><testcase classname="tests.test_organization_enterprise.TestPermissionEnforcement" name="test_non_owner_cannot_update_sso" time="0.676" /><testcase classname="tests.test_organization_enterprise.TestPermissionEnforcement" name="test_invalid_invite_token_404" time="0.124" /><testcase classname="tests.test_organization_enterprise.TestPermissionEnforcement" name="test_invite_owner_role_400" time="0.299" /><testcase classname="tests.test_organization_enterprise.TestOrganizationDelete" name="test_delete_organization_owner_only" time="0.495" /><testcase classname="tests.test_organization_enterprise.TestOrganizationDelete" name="test_slug_duplicate_400" time="1.012" /></testsuite></testsuites>