<?xml version="1.0" encoding="utf-8"?><testsuites name="pytest tests"><testsuite name="pytest" errors="0" failures="1" skipped="6" tests="24" time="107.962" timestamp="2026-02-27T13:24:45.117336+00:00" hostname="agent-env-bba74eb0-2e48-4427-ba6c-d4f1b51facf6"><testcase classname="backend.tests.test_four_phases.TestPhase1DocumentRemediation" name="test_analyze_empty_doc_returns_400" time="0.503" /><testcase classname="backend.tests.test_four_phases.TestPhase1DocumentRemediation" name="test_analyze_document_returns_remediation" time="9.898" /><testcase classname="backend.tests.test_four_phases.TestPhase1DocumentRemediation" name="test_apply_clauses_no_selection_returns_400" time="0.127" /><testcase classname="backend.tests.test_four_phases.TestPhase1DocumentRemediation" name="test_apply_clauses_invalid_remediation_returns_404" time="0.101" /><testcase classname="backend.tests.test_four_phases.TestPhase1DocumentRemediation" name="test_get_remediation_history" time="0.108" /><testcase classname="backend.tests.test_four_phases.TestPhase1DocumentRemediation" name="test_get_specific_remediation" time="0.121" /><testcase classname="backend.tests.test_four_phases.TestPhase2BiometricPassport" name="test_get_my_passports_empty_initially" time="0.146" /><testcase classname="backend.tests.test_four_phases.TestPhase2BiometricPassport" name="test_generate_passport_no_verifications_returns_400" time="0.115" /><testcase classname="backend.tests.test_four_phases.TestPhase2BiometricPassport" name="test_verify_passport_nonexistent_returns_404" time="0.107" /><testcase classname="backend.tests.test_four_phases.TestPhase2BiometricPassport" name="test_get_passport_nonexistent_returns_404" time="0.105" /><testcase classname="backend.tests.test_four_phases.TestPhase3AIConductor" name="test_create_test_transaction" time="60.160"><failure message="AssertionError: Create transaction failed: The preview environment is not responding. It may be starting up.&#10;  &#10;assert 502 in [200, 201]&#10; +  where 502 = &lt;Response [502]&gt;.status_code">backend/tests/test_four_phases.py:193: in test_create_test_transaction
    assert response.status_code in [200, 201], f"Create transaction failed: {response.text}"
E   AssertionError: Create transaction failed: The preview environment is not responding. It may be starting up.
E     
E   assert 502 in [200, 201]
E    +  where 502 = &lt;Response [502]&gt;.status_code</failure></testcase><testcase classname="backend.tests.test_four_phases.TestPhase3AIConductor" name="test_conductor_guide_returns_guidance" time="0.000"><skipped type="pytest.skip" message="No transaction_id from previous test">/app/backend/tests/test_four_phases.py:202: No transaction_id from previous test</skipped></testcase><testcase classname="backend.tests.test_four_phases.TestPhase3AIConductor" name="test_conductor_chat_works" time="0.000"><skipped type="pytest.skip" message="No transaction_id from previous test">/app/backend/tests/test_four_phases.py:224: No transaction_id from previous test</skipped></testcase><testcase classname="backend.tests.test_four_phases.TestPhase3AIConductor" name="test_conductor_status_returns_progress" time="0.000"><skipped type="pytest.skip" message="No transaction_id from previous test">/app/backend/tests/test_four_phases.py:244: No transaction_id from previous test</skipped></testcase><testcase classname="backend.tests.test_four_phases.TestPhase3AIConductor" name="test_conductor_guide_invalid_transaction_returns_404" time="36.019" /><testcase classname="backend.tests.test_four_phases.TestPhase3AIConductor" name="test_conductor_chat_invalid_transaction_returns_404" time="0.179" /><testcase classname="backend.tests.test_four_phases.TestPhase4EvidencePackage" name="test_get_evidence_package_no_package_returns_404" time="0.000"><skipped type="pytest.skip" message="No transaction_id">/app/backend/tests/test_four_phases.py:283: No transaction_id</skipped></testcase><testcase classname="backend.tests.test_four_phases.TestPhase4EvidencePackage" name="test_generate_evidence_package" time="0.000"><skipped type="pytest.skip" message="No transaction_id">/app/backend/tests/test_four_phases.py:295: No transaction_id</skipped></testcase><testcase classname="backend.tests.test_four_phases.TestPhase4EvidencePackage" name="test_get_evidence_package_after_generation" time="0.000"><skipped type="pytest.skip" message="No transaction_id">/app/backend/tests/test_four_phases.py:316: No transaction_id</skipped></testcase><testcase classname="backend.tests.test_four_phases.TestPhase4EvidencePackage" name="test_generate_evidence_invalid_transaction_returns_error" time="0.116" /><testcase classname="backend.tests.test_four_phases.TestDashboardQuickActions" name="test_document_remediation_page_loads" time="0.000" /><testcase classname="backend.tests.test_four_phases.TestDashboardQuickActions" name="test_biometric_passport_page_loads" time="0.000" /><testcase classname="backend.tests.test_four_phases.TestTransactionRoomButtons" name="test_conductor_endpoint_accessible" time="0.000" /><testcase classname="backend.tests.test_four_phases.TestTransactionRoomButtons" name="test_evidence_package_endpoint_accessible" time="0.000" /></testsuite></testsuites>