<?xml version="1.0" encoding="utf-8"?><testsuites name="pytest tests"><testsuite name="pytest" errors="0" failures="0" skipped="0" tests="13" time="4.579" timestamp="2026-02-25T02:27:34.072174+00:00" hostname="agent-env-39a05008-7c1e-48d5-b753-ae52a47a2f35"><testcase classname="backend.tests.test_p2_notifications.TestNotificationAPI" name="test_admin_login_works" time="0.395" /><testcase classname="backend.tests.test_p2_notifications.TestNotificationAPI" name="test_demo_login_works" time="0.345" /><testcase classname="backend.tests.test_p2_notifications.TestNotificationAPI" name="test_get_notifications_authenticated" time="0.501" /><testcase classname="backend.tests.test_p2_notifications.TestNotificationAPI" name="test_get_notifications_unauthenticated" time="0.111" /><testcase classname="backend.tests.test_p2_notifications.TestNotificationAPI" name="test_get_unread_count" time="0.428" /><testcase classname="backend.tests.test_p2_notifications.TestNotificationAPI" name="test_get_unread_count_unauthenticated" time="0.124" /><testcase classname="backend.tests.test_p2_notifications.TestNotificationAPI" name="test_mark_notification_as_read" time="0.464" /><testcase classname="backend.tests.test_p2_notifications.TestNotificationAPI" name="test_mark_nonexistent_notification_as_read" time="0.425" /><testcase classname="backend.tests.test_p2_notifications.TestNotificationAPI" name="test_mark_all_as_read" time="0.489" /><testcase classname="backend.tests.test_p2_notifications.TestNotificationAPI" name="test_delete_notification" time="0.537" /><testcase classname="backend.tests.test_p2_notifications.TestNotificationAPI" name="test_delete_nonexistent_notification" time="0.405" /><testcase classname="backend.tests.test_p2_notifications.TestHealthAndBasicAPIs" name="test_api_health" time="0.150" /><testcase classname="backend.tests.test_p2_notifications.TestHealthAndBasicAPIs" name="test_api_root" time="0.132" /></testsuite></testsuites>