<?xml version="1.0" encoding="utf-8"?><testsuites name="pytest tests"><testsuite name="pytest" errors="0" failures="0" skipped="0" tests="25" time="5.575" timestamp="2026-03-29T19:05:06.717217+00:00" hostname="agent-env-388c3476-9e33-4e49-ba01-f25af1e9f29a"><testcase classname="backend.tests.test_escrow_intelligence.TestEscrowAuthentication" name="test_list_escrows_requires_auth" time="0.597" /><testcase classname="backend.tests.test_escrow_intelligence.TestEscrowAuthentication" name="test_get_escrow_requires_auth" time="0.161" /><testcase classname="backend.tests.test_escrow_intelligence.TestEscrowAuthentication" name="test_create_escrow_requires_auth" time="0.104" /><testcase classname="backend.tests.test_escrow_intelligence.TestEscrowAuthentication" name="test_extract_conditions_requires_auth" time="0.113" /><testcase classname="backend.tests.test_escrow_intelligence.TestEscrowAuthentication" name="test_deposit_requires_auth" time="0.177" /><testcase classname="backend.tests.test_escrow_intelligence.TestEscrowAuthentication" name="test_verify_condition_requires_auth" time="0.111" /><testcase classname="backend.tests.test_escrow_intelligence.TestEscrowAuthentication" name="test_settle_requires_auth" time="0.106" /><testcase classname="backend.tests.test_escrow_intelligence.TestEscrowAuthentication" name="test_timeline_requires_auth" time="0.104" /><testcase classname="backend.tests.test_escrow_intelligence.TestEscrowCRUD" name="test_create_escrow" time="0.556" /><testcase classname="backend.tests.test_escrow_intelligence.TestEscrowCRUD" name="test_list_escrows" time="0.118" /><testcase classname="backend.tests.test_escrow_intelligence.TestEscrowCRUD" name="test_get_escrow_detail" time="0.117" /><testcase classname="backend.tests.test_escrow_intelligence.TestEscrowCRUD" name="test_get_nonexistent_escrow" time="0.172" /><testcase classname="backend.tests.test_escrow_intelligence.TestEscrowConditionExtraction" name="test_extract_conditions" time="0.112" /><testcase classname="backend.tests.test_escrow_intelligence.TestEscrowConditionExtraction" name="test_extract_conditions_updates_status" time="0.117" /><testcase classname="backend.tests.test_escrow_intelligence.TestEscrowDeposit" name="test_deposit_funds" time="0.126" /><testcase classname="backend.tests.test_escrow_intelligence.TestEscrowDeposit" name="test_deposit_updates_financial" time="0.501" /><testcase classname="backend.tests.test_escrow_intelligence.TestConditionVerification" name="test_verify_single_condition" time="0.221" /><testcase classname="backend.tests.test_escrow_intelligence.TestConditionVerification" name="test_verify_already_met_condition" time="0.230" /><testcase classname="backend.tests.test_escrow_intelligence.TestConditionVerification" name="test_verify_nonexistent_condition" time="0.107" /><testcase classname="backend.tests.test_escrow_intelligence.TestEscrowSettlement" name="test_verify_all_conditions_and_settle" time="0.930" /><testcase classname="backend.tests.test_escrow_intelligence.TestEscrowSettlement" name="test_settled_escrow_state" time="0.105" /><testcase classname="backend.tests.test_escrow_intelligence.TestEscrowTimeline" name="test_get_timeline" time="0.110" /><testcase classname="backend.tests.test_escrow_intelligence.TestEscrowTimeline" name="test_created_escrow_timeline" time="0.176" /><testcase classname="backend.tests.test_escrow_intelligence.TestExistingEscrowState" name="test_existing_escrow_has_conditions" time="0.184" /><testcase classname="backend.tests.test_escrow_intelligence.TestExistingEscrowState" name="test_existing_escrow_has_deposit" time="0.112" /></testsuite></testsuites>