<?xml version="1.0" encoding="utf-8"?><testsuites name="pytest tests"><testsuite name="pytest" errors="0" failures="2" skipped="6" tests="24" time="14.480" timestamp="2026-02-27T13:23:56.503334+00:00" hostname="agent-env-bba74eb0-2e48-4427-ba6c-d4f1b51facf6"><testcase classname="backend.tests.test_four_phases.TestPhase1DocumentRemediation" name="test_analyze_empty_doc_returns_400" time="0.691" /><testcase classname="backend.tests.test_four_phases.TestPhase1DocumentRemediation" name="test_analyze_document_returns_remediation" time="12.157" /><testcase classname="backend.tests.test_four_phases.TestPhase1DocumentRemediation" name="test_apply_clauses_no_selection_returns_400" time="0.136" /><testcase classname="backend.tests.test_four_phases.TestPhase1DocumentRemediation" name="test_apply_clauses_invalid_remediation_returns_404" time="0.110" /><testcase classname="backend.tests.test_four_phases.TestPhase1DocumentRemediation" name="test_get_remediation_history" time="0.162" /><testcase classname="backend.tests.test_four_phases.TestPhase1DocumentRemediation" name="test_get_specific_remediation" time="0.112" /><testcase classname="backend.tests.test_four_phases.TestPhase2BiometricPassport" name="test_get_my_passports_empty_initially" time="0.111" /><testcase classname="backend.tests.test_four_phases.TestPhase2BiometricPassport" name="test_generate_passport_no_verifications_returns_400" time="0.176"><failure message="AssertionError: Expected 400, got 422: {&quot;detail&quot;:[{&quot;type&quot;:&quot;missing&quot;,&quot;loc&quot;:[&quot;body&quot;,&quot;session_id&quot;],&quot;msg&quot;:&quot;Field required&quot;,&quot;input&quot;:null,&quot;url&quot;:&quot;https://errors.pydantic.dev/2.12/v/missing&quot;}]}&#10;assert 422 == 400&#10; +  where 422 = &lt;Response [422]&gt;.status_code">backend/tests/test_four_phases.py:155: in test_generate_passport_no_verifications_returns_400
    assert response.status_code == 400, f"Expected 400, got {response.status_code}: {response.text}"
E   AssertionError: Expected 400, got 422: {"detail":[{"type":"missing","loc":["body","session_id"],"msg":"Field required","input":null,"url":"https://errors.pydantic.dev/2.12/v/missing"}]}
E   assert 422 == 400
E    +  where 422 = &lt;Response [422]&gt;.status_code</failure></testcase><testcase classname="backend.tests.test_four_phases.TestPhase2BiometricPassport" name="test_verify_passport_nonexistent_returns_404" time="0.113" /><testcase classname="backend.tests.test_four_phases.TestPhase2BiometricPassport" name="test_get_passport_nonexistent_returns_404" time="0.116" /><testcase classname="backend.tests.test_four_phases.TestPhase3AIConductor" name="test_create_test_transaction" time="0.116"><failure message="AssertionError: Create transaction failed: {&quot;detail&quot;:[{&quot;type&quot;:&quot;missing&quot;,&quot;loc&quot;:[&quot;body&quot;,&quot;description&quot;],&quot;msg&quot;:&quot;Field required&quot;,&quot;input&quot;:{&quot;name&quot;:&quot;TEST_Conductor_Transaction&quot;,&quot;transaction_type&quot;:&quot;real_estate_purchase&quot;,&quot;participants&quot;:[]},&quot;url&quot;:&quot;https://errors.pydantic.dev/2.12/v/missing&quot;},{&quot;type&quot;:&quot;enum&quot;,&quot;loc&quot;:[&quot;body&quot;,&quot;transaction_type&quot;],&quot;msg&quot;:&quot;Input should be 'real_estate_closing', 'business_contract', 'estate_settlement', 'trust_settlement', 'merger_acquisition', 'loan_closing' or 'custom'&quot;,&quot;input&quot;:&quot;real_estate_purchase&quot;,&quot;ctx&quot;:{&quot;expected&quot;:&quot;'real_estate_closing', 'business_contract', 'estate_settlement', 'trust_settlement', 'merger_acquisition', 'loan_closing' or 'custom'&quot;},&quot;url&quot;:&quot;https://errors.pydantic.dev/2.12/v/enum&quot;}]}&#10;assert 422 in [200, 201]&#10; +  where 422 = &lt;Response [422]&gt;.status_code">backend/tests/test_four_phases.py:190: in test_create_test_transaction
    assert response.status_code in [200, 201], f"Create transaction failed: {response.text}"
E   AssertionError: Create transaction failed: {"detail":[{"type":"missing","loc":["body","description"],"msg":"Field required","input":{"name":"TEST_Conductor_Transaction","transaction_type":"real_estate_purchase","participants":[]},"url":"https://errors.pydantic.dev/2.12/v/missing"},{"type":"enum","loc":["body","transaction_type"],"msg":"Input should be 'real_estate_closing', 'business_contract', 'estate_settlement', 'trust_settlement', 'merger_acquisition', 'loan_closing' or 'custom'","input":"real_estate_purchase","ctx":{"expected":"'real_estate_closing', 'business_contract', 'estate_settlement', 'trust_settlement', 'merger_acquisition', 'loan_closing' or 'custom'"},"url":"https://errors.pydantic.dev/2.12/v/enum"}]}
E   assert 422 in [200, 201]
E    +  where 422 = &lt;Response [422]&gt;.status_code</failure></testcase><testcase classname="backend.tests.test_four_phases.TestPhase3AIConductor" name="test_conductor_guide_returns_guidance" time="0.000"><skipped type="pytest.skip" message="No transaction_id from previous test">/app/backend/tests/test_four_phases.py:199: No transaction_id from previous test</skipped></testcase><testcase classname="backend.tests.test_four_phases.TestPhase3AIConductor" name="test_conductor_chat_works" time="0.000"><skipped type="pytest.skip" message="No transaction_id from previous test">/app/backend/tests/test_four_phases.py:221: No transaction_id from previous test</skipped></testcase><testcase classname="backend.tests.test_four_phases.TestPhase3AIConductor" name="test_conductor_status_returns_progress" time="0.000"><skipped type="pytest.skip" message="No transaction_id from previous test">/app/backend/tests/test_four_phases.py:241: No transaction_id from previous test</skipped></testcase><testcase classname="backend.tests.test_four_phases.TestPhase3AIConductor" name="test_conductor_guide_invalid_transaction_returns_404" time="0.108" /><testcase classname="backend.tests.test_four_phases.TestPhase3AIConductor" name="test_conductor_chat_invalid_transaction_returns_404" time="0.105" /><testcase classname="backend.tests.test_four_phases.TestPhase4EvidencePackage" name="test_get_evidence_package_no_package_returns_404" time="0.000"><skipped type="pytest.skip" message="No transaction_id">/app/backend/tests/test_four_phases.py:280: No transaction_id</skipped></testcase><testcase classname="backend.tests.test_four_phases.TestPhase4EvidencePackage" name="test_generate_evidence_package" time="0.002"><skipped type="pytest.skip" message="No transaction_id">/app/backend/tests/test_four_phases.py:292: No transaction_id</skipped></testcase><testcase classname="backend.tests.test_four_phases.TestPhase4EvidencePackage" name="test_get_evidence_package_after_generation" time="0.000"><skipped type="pytest.skip" message="No transaction_id">/app/backend/tests/test_four_phases.py:313: No transaction_id</skipped></testcase><testcase classname="backend.tests.test_four_phases.TestPhase4EvidencePackage" name="test_generate_evidence_invalid_transaction_returns_error" time="0.145" /><testcase classname="backend.tests.test_four_phases.TestDashboardQuickActions" name="test_document_remediation_page_loads" time="0.000" /><testcase classname="backend.tests.test_four_phases.TestDashboardQuickActions" name="test_biometric_passport_page_loads" time="0.000" /><testcase classname="backend.tests.test_four_phases.TestTransactionRoomButtons" name="test_conductor_endpoint_accessible" time="0.000" /><testcase classname="backend.tests.test_four_phases.TestTransactionRoomButtons" name="test_evidence_package_endpoint_accessible" time="0.000" /></testsuite></testsuites>