<?xml version="1.0" encoding="utf-8"?><testsuites name="pytest tests"><testsuite name="pytest" errors="0" failures="0" skipped="1" tests="16" time="16.330" timestamp="2026-02-15T23:14:02.475032+00:00" hostname="agent-env-a2b32c88-08de-4aef-adee-d5474e8613a8"><testcase classname="tests.test_hcs_blockchain.TestBlockchainStatus" name="test_blockchain_status" time="0.287" /><testcase classname="tests.test_hcs_blockchain.TestHCSTopicCreation" name="test_create_topic_authenticated" time="2.077" /><testcase classname="tests.test_hcs_blockchain.TestHCSTopicCreation" name="test_create_topic_requires_auth" time="0.147" /><testcase classname="tests.test_hcs_blockchain.TestHCSMessageSubmission" name="test_submit_message_to_topic" time="2.029" /><testcase classname="tests.test_hcs_blockchain.TestHCSMessageSubmission" name="test_submit_second_message" time="2.029" /><testcase classname="tests.test_hcs_blockchain.TestHCSMessageSubmission" name="test_submit_message_requires_auth" time="0.138" /><testcase classname="tests.test_hcs_blockchain.TestGetTopicInfo" name="test_get_topic_info" time="0.577" /><testcase classname="tests.test_hcs_blockchain.TestGetTopicInfo" name="test_get_topic_info_requires_auth" time="0.114" /><testcase classname="tests.test_hcs_blockchain.TestDocumentSealWithHCS" name="test_seal_document_with_topic" time="1.972" /><testcase classname="tests.test_hcs_blockchain.TestDocumentSealWithHCS" name="test_seal_document_without_topic" time="0.547" /><testcase classname="tests.test_hcs_blockchain.TestDocumentSealWithHCS" name="test_seal_requires_auth" time="0.123" /><testcase classname="tests.test_hcs_blockchain.TestMyTopicsAndSeals" name="test_get_my_topics" time="0.000"><skipped type="pytest.skip" message="BUG: /topics/my route is after /topics/{topic_id} - 'my' is interpreted as topic_id">/app/backend/tests/test_hcs_blockchain.py:341: BUG: /topics/my route is after /topics/{topic_id} - 'my' is interpreted as topic_id</skipped></testcase><testcase classname="tests.test_hcs_blockchain.TestMyTopicsAndSeals" name="test_get_my_seals" time="0.452" /><testcase classname="tests.test_hcs_blockchain.TestAccountBalance" name="test_account_balance_admin" time="1.742" /><testcase classname="tests.test_hcs_blockchain.TestAccountBalance" name="test_account_balance_non_admin" time="0.504" /><testcase classname="tests.test_hcs_blockchain.TestNotarizationRequestWithHCS" name="test_create_notarization_request_creates_topic" time="3.526" /></testsuite></testsuites>