<?xml version="1.0" encoding="utf-8"?><testsuites name="pytest tests"><testsuite name="pytest" errors="0" failures="0" skipped="2" tests="23" time="61.419" timestamp="2026-04-25T19:13:33.242552+00:00" hostname="agent-env-3873778c-b22d-48fe-bd5a-7ceecd855eec"><testcase classname="tests.test_living_identity" name="test_me_requires_auth" time="2.017" /><testcase classname="tests.test_living_identity" name="test_anchor_requires_auth" time="0.100" /><testcase classname="tests.test_living_identity" name="test_me_admin_has_identity" time="0.528" /><testcase classname="tests.test_living_identity" name="test_me_demo_no_identity" time="0.444" /><testcase classname="tests.test_living_identity" name="test_anchor_idempotent_admin" time="0.116" /><testcase classname="tests.test_living_identity" name="test_anchor_create_for_notary" time="0.498"><skipped type="pytest.skip" message="Notary already has an anchor from prior run">/app/backend/tests/test_living_identity.py:115: Notary already has an anchor from prior run</skipped></testcase><testcase classname="tests.test_living_identity" name="test_refresh_demo_blocked" time="0.180" /><testcase classname="tests.test_living_identity" name="test_refresh_admin_works" time="46.600" /><testcase classname="tests.test_living_identity" name="test_challenge_demo_blocked" time="0.264" /><testcase classname="tests.test_living_identity" name="test_challenge_admin_works" time="4.572" /><testcase classname="tests.test_living_identity" name="test_authorize_partner_returns_token" time="0.253" /><testcase classname="tests.test_living_identity" name="test_partner_challenge_invalid_token" time="0.137" /><testcase classname="tests.test_living_identity" name="test_partner_challenge_billed" time="4.660" /><testcase classname="tests.test_living_identity" name="test_public_score_opted_in" time="0.234" /><testcase classname="tests.test_living_identity" name="test_history_admin" time="0.140" /><testcase classname="tests.test_living_identity" name="test_admin_drift_admin" time="0.117" /><testcase classname="tests.test_living_identity" name="test_admin_drift_non_admin" time="0.123" /><testcase classname="tests.test_living_identity" name="test_admin_billing" time="0.111" /><testcase classname="tests.test_living_identity" name="test_admin_billing_non_admin" time="0.122" /><testcase classname="tests.test_living_identity" name="test_trust_score_perfect" time="0.005" /><testcase classname="tests.test_living_identity" name="test_trust_score_degraded" time="0.000" /><testcase classname="tests.test_living_identity" name="test_subscription_feature_map_has_living_identity" time="0.103" /><testcase classname="tests.test_living_identity" name="test_revoke_and_recover" time="0.000"><skipped type="pytest.skip" message="Mutates admin identity; run manually only">/app/backend/tests/test_living_identity.py:340: Mutates admin identity; run manually only</skipped></testcase></testsuite></testsuites>