<?xml version="1.0" encoding="utf-8"?><testsuites name="pytest tests"><testsuite name="pytest" errors="0" failures="0" skipped="0" tests="24" time="6.034" timestamp="2026-02-25T22:39:29.933979+00:00" hostname="agent-env-160b13ce-9784-464a-8f09-7bf4e12e031c"><testcase classname="backend.tests.test_draft_sharing.TestDraftCRUD" name="test_save_new_draft" time="1.164" /><testcase classname="backend.tests.test_draft_sharing.TestDraftCRUD" name="test_list_user_drafts" time="0.132" /><testcase classname="backend.tests.test_draft_sharing.TestDraftCRUD" name="test_get_draft_with_revisions" time="0.138" /><testcase classname="backend.tests.test_draft_sharing.TestDraftCRUD" name="test_update_draft_creates_new_version" time="0.156" /><testcase classname="backend.tests.test_draft_sharing.TestDraftCRUD" name="test_get_draft_not_found" time="0.169" /><testcase classname="backend.tests.test_draft_sharing.TestDraftCRUD" name="test_other_user_cannot_access_draft" time="0.571" /><testcase classname="backend.tests.test_draft_sharing.TestDraftSharing" name="test_create_share_link_view_only" time="0.198" /><testcase classname="backend.tests.test_draft_sharing.TestDraftSharing" name="test_access_shared_draft" time="0.181" /><testcase classname="backend.tests.test_draft_sharing.TestDraftSharing" name="test_update_shared_draft_denied_view_only" time="0.138" /><testcase classname="backend.tests.test_draft_sharing.TestDraftSharing" name="test_create_share_link_with_edit" time="0.133" /><testcase classname="backend.tests.test_draft_sharing.TestDraftSharing" name="test_update_shared_draft_allowed" time="0.122" /><testcase classname="backend.tests.test_draft_sharing.TestDraftSharing" name="test_revoke_share_link" time="0.163" /><testcase classname="backend.tests.test_draft_sharing.TestDraftSharing" name="test_access_revoked_share_link" time="0.153" /><testcase classname="backend.tests.test_draft_sharing.TestDraftSharing" name="test_invalid_share_token" time="0.204" /><testcase classname="backend.tests.test_draft_sharing.TestRevisionHistory" name="test_get_revision_history" time="0.168" /><testcase classname="backend.tests.test_draft_sharing.TestRevisionHistory" name="test_restore_to_version" time="0.488" /><testcase classname="backend.tests.test_draft_sharing.TestRevisionHistory" name="test_restore_nonexistent_version" time="0.220" /><testcase classname="backend.tests.test_draft_sharing.TestRevisionHistory" name="test_other_user_cannot_restore" time="0.162" /><testcase classname="backend.tests.test_draft_sharing.TestDraftDelete" name="test_other_user_cannot_delete" time="0.129" /><testcase classname="backend.tests.test_draft_sharing.TestDraftDelete" name="test_delete_draft" time="0.446" /><testcase classname="backend.tests.test_draft_sharing.TestEdgeCases" name="test_save_draft_missing_template_id" time="0.323" /><testcase classname="backend.tests.test_draft_sharing.TestEdgeCases" name="test_save_draft_missing_template_name" time="0.125" /><testcase classname="backend.tests.test_draft_sharing.TestEdgeCases" name="test_unauthorized_access" time="0.121" /><testcase classname="backend.tests.test_draft_sharing.TestEdgeCases" name="test_share_requires_authentication" time="0.118" /></testsuite></testsuites>