<?xml version="1.0" encoding="utf-8"?><testsuites name="pytest tests"><testsuite name="pytest" errors="0" failures="0" skipped="0" tests="14" time="108.184" timestamp="2026-04-06T23:37:10.357964+00:00" hostname="agent-env-86830043-e7b6-4219-8c65-0870fddb4d7b"><testcase classname="backend.tests.test_hts_notifications.TestHTSNotifications" name="test_notifications_endpoint_accessible" time="0.445" /><testcase classname="backend.tests.test_hts_notifications.TestHTSNotifications" name="test_hts_notifications_have_correct_type" time="0.420" /><testcase classname="backend.tests.test_hts_notifications.TestHTSNotifications" name="test_hts_notifications_have_correct_link" time="0.400" /><testcase classname="backend.tests.test_hts_notifications.TestHTSNotifications" name="test_mint_notification_title" time="0.400" /><testcase classname="backend.tests.test_hts_notifications.TestHTSNotifications" name="test_transfer_notification_title" time="0.410" /><testcase classname="backend.tests.test_hts_notifications.TestHTSNotifications" name="test_burn_notification_title" time="0.397" /><testcase classname="backend.tests.test_hts_notifications.TestHTSNotifications" name="test_notification_metadata_contains_escrow_id" time="0.399" /><testcase classname="backend.tests.test_hts_notifications.TestHTSNotifications" name="test_notification_structure" time="0.437" /><testcase classname="backend.tests.test_hts_notifications.TestHTSTokenizeCreatesNotification" name="test_tokenize_creates_notification" time="60.587" /><testcase classname="backend.tests.test_hts_notifications.TestHTSTransferCreatesNotification" name="test_transfer_creates_notification" time="42.500" /><testcase classname="backend.tests.test_hts_notifications.TestHTSBurnCreatesNotification" name="test_burn_notification_exists" time="0.435" /><testcase classname="backend.tests.test_hts_notifications.TestNotificationServiceIntegration" name="test_notifications_endpoint_requires_trailing_slash" time="0.487" /><testcase classname="backend.tests.test_hts_notifications.TestNotificationServiceIntegration" name="test_all_hts_notification_types_present" time="0.374" /><testcase classname="backend.tests.test_hts_notifications.TestNotificationServiceIntegration" name="test_hts_notifications_ordered_by_created_at" time="0.407" /></testsuite></testsuites>