<?xml version="1.0" encoding="utf-8"?><testsuites name="pytest tests"><testsuite name="pytest" errors="0" failures="0" skipped="1" tests="16" time="42.070" timestamp="2026-05-19T01:44:59.650620+00:00" hostname="agent-env-2e78270f-b7d5-493f-b196-df68c1fc9d84"><testcase classname="tests.test_salv_phase2.TestDocumentLifecycle" name="test_upload_owner_success" time="1.015" /><testcase classname="tests.test_salv_phase2.TestDocumentLifecycle" name="test_upload_oversize_413" time="0.567" /><testcase classname="tests.test_salv_phase2.TestDocumentLifecycle" name="test_upload_disallowed_mime" time="0.154" /><testcase classname="tests.test_salv_phase2.TestDocumentLifecycle" name="test_upload_non_owner_404" time="0.507" /><testcase classname="tests.test_salv_phase2.TestDocumentLifecycle" name="test_list_owner_sees_uploaded" time="0.220" /><testcase classname="tests.test_salv_phase2.TestDocumentLifecycle" name="test_download_roundtrip" time="0.248" /><testcase classname="tests.test_salv_phase2.TestBeneficiaryAccess" name="test_random_other_user_forbidden" time="0.455" /><testcase classname="tests.test_salv_phase2.TestBeneficiaryAccess" name="test_beneficiary_zero_released_forbidden" time="0.246" /><testcase classname="tests.test_salv_phase2.TestPartialRelease" name="test_release_history_owner_only" time="0.282" /><testcase classname="tests.test_salv_phase2.TestPartialRelease" name="test_release_partial_additive_and_cap" time="36.093" /><testcase classname="tests.test_salv_phase2.TestPartialRelease" name="test_beneficiary_access_after_release" time="1.259" /><testcase classname="tests.test_salv_phase2.TestTamperDetection" name="test_tamper_ciphertext_500" time="0.066"><skipped type="pytest.skip" message="non-local storage; skipping fs tamper">/app/backend/tests/test_salv_phase2.py:406: non-local storage; skipping fs tamper</skipped></testcase><testcase classname="tests.test_salv_phase2.TestTamperDetection" name="test_tamper_nonce_500" time="0.117" /><testcase classname="tests.test_salv_phase2.TestTamperDetection" name="test_tamper_wrapped_dek_500" time="0.115" /><testcase classname="tests.test_salv_phase2.TestDelete" name="test_delete_owner_only" time="0.128" /><testcase classname="tests.test_salv_phase2.TestDelete" name="test_delete_success_and_count" time="0.504" /></testsuite></testsuites>